2020-08-21 14:16:06,550 DEBUG com.netflix.discovery.shared.MonitoredConnectionManager [DiscoveryClient-CacheRefreshExecutor-0] Get connection: {}->http://localhost:8761, timeout = 5000
2020-08-21 14:16:06,557 DEBUG com.netflix.discovery.shared.NamedConnectionPool [DiscoveryClient-CacheRefreshExecutor-0] [{}->http://localhost:8761] total kept alive: 1, total issued: 0, total allocated: 1 out of 200
2020-08-21 14:16:06,557 DEBUG com.netflix.discovery.shared.NamedConnectionPool [DiscoveryClient-CacheRefreshExecutor-0] Getting free connection [{}->http://localhost:8761][null]
2020-08-21 14:16:06,557 DEBUG com.netflix.discovery.shared.MonitoredConnectionManager [DiscoveryClient-HeartbeatExecutor-0] Get connection: {}->http://localhost:8761, timeout = 5000
2020-08-21 14:16:06,559 DEBUG com.netflix.discovery.shared.NamedConnectionPool [DiscoveryClient-HeartbeatExecutor-0] [{}->http://localhost:8761] total kept alive: 0, total issued: 1, total allocated: 1 out of 200
2020-08-21 14:16:06,559 DEBUG com.netflix.discovery.shared.NamedConnectionPool [DiscoveryClient-HeartbeatExecutor-0] No free connections [{}->http://localhost:8761][null]
2020-08-21 14:16:06,559 DEBUG com.netflix.discovery.shared.NamedConnectionPool [DiscoveryClient-HeartbeatExecutor-0] Available capacity: 49 out of 50 [{}->http://localhost:8761][null]
2020-08-21 14:16:06,560 DEBUG com.netflix.discovery.shared.NamedConnectionPool [DiscoveryClient-HeartbeatExecutor-0] Creating new connection [{}->http://localhost:8761]
2020-08-21 14:16:06,574 DEBUG com.netflix.discovery.shared.MonitoredConnectionManager [DiscoveryClient-HeartbeatExecutor-0] Released connection is reusable.
2020-08-21 14:16:06,574 DEBUG com.netflix.discovery.shared.NamedConnectionPool [DiscoveryClient-HeartbeatExecutor-0] Releasing connection [{}->http://localhost:8761][null]
2020-08-21 14:16:06,574 DEBUG com.netflix.discovery.shared.NamedConnectionPool [DiscoveryClient-HeartbeatExecutor-0] Pooling connection [{}->http://localhost:8761][null]; keep alive for 60000 MILLISECONDS
2020-08-21 14:16:06,574 DEBUG com.netflix.discovery.shared.NamedConnectionPool [DiscoveryClient-HeartbeatExecutor-0] Notifying no-one, there are no waiting threads
2020-08-21 14:16:06,574 DEBUG com.netflix.discovery.shared.MonitoredConnectionManager [DiscoveryClient-CacheRefreshExecutor-0] Released connection is reusable.
2020-08-21 14:16:06,575 DEBUG com.netflix.discovery.shared.transport.jersey.AbstractJerseyEurekaHttpClient [DiscoveryClient-HeartbeatExecutor-0] Jersey HTTP PUT http://localhost:8761/eureka//apps/LEAVES/ravis-mbp.fritz.box:leaves:8086; statusCode=200
2020-08-21 14:16:06,575 DEBUG com.netflix.discovery.DiscoveryClient [DiscoveryClient-HeartbeatExecutor-0] DiscoveryClient_LEAVES/ravis-mbp.fritz.box:leaves:8086 - Heartbeat status: 200
2020-08-21 14:16:06,575 DEBUG com.netflix.discovery.shared.NamedConnectionPool [DiscoveryClient-CacheRefreshExecutor-0] Releasing connection [{}->http://localhost:8761][null]
2020-08-21 14:16:06,576 DEBUG com.netflix.discovery.shared.NamedConnectionPool [DiscoveryClient-CacheRefreshExecutor-0] Pooling connection [{}->http://localhost:8761][null]; keep alive for 60000 MILLISECONDS
2020-08-21 14:16:06,576 DEBUG com.netflix.discovery.shared.NamedConnectionPool [DiscoveryClient-CacheRefreshExecutor-0] Notifying no-one, there are no waiting threads
2020-08-21 14:16:06,577 DEBUG com.netflix.discovery.shared.transport.jersey.AbstractJerseyEurekaHttpClient [DiscoveryClient-CacheRefreshExecutor-0] Jersey HTTP GET http://localhost:8761/eureka//apps/?; statusCode=200
2020-08-21 14:16:06,577 INFO com.netflix.discovery.DiscoveryClient [DiscoveryClient-CacheRefreshExecutor-0] The response status is 200
2020-08-21 14:16:06,577 ERROR com.netflix.discovery.DiscoveryClient [DiscoveryClient-CacheRefreshExecutor-0] The application is null for some reason. Not storing this information
2020-08-21 14:16:06,577 DEBUG com.netflix.discovery.DiscoveryClient [DiscoveryClient-CacheRefreshExecutor-0] The total number of all instances in the client now is 0
2020-08-21 14:16:06,579 DEBUG com.netflix.discovery.DiscoveryClient [DiscoveryClient-CacheRefreshExecutor-0] Completed cache refresh task for discovery. All Apps hash code is Local region apps hashcode: , is fetching remote regions? false 
2020-08-21 14:16:07,247 INFO com.laminatimes.controller.LeavesController [http-nio-8086-exec-3] applicationName: leaves 
2020-08-21 14:16:07,247 INFO com.laminatimes.controller.LeavesController [http-nio-8086-exec-3] defaultValue:productionspring.env.prod 
2020-08-21 14:16:07,247 INFO com.laminatimes.controller.LeavesController [http-nio-8086-exec-3] staticValue: This is static value
2020-08-21 14:16:07,247 INFO com.laminatimes.controller.LeavesController [http-nio-8086-exec-3] dbValues: null
2020-08-21 14:16:07,247 INFO com.laminatimes.controller.LeavesController [http-nio-8086-exec-3] DBDetails{url='jdbc:h2:mem:test', driverClassName='org.h2.Driver', username='sa', password='password'}
2020-08-21 14:16:07,251 DEBUG com.laminatimes.controller.LeavesController [http-nio-8086-exec-3] LeaveVo{id=32, leaveName='test leave4', startDate=null, endDate=null, noOfDays=3, comments='test comments', approverComments='approverComments asdfas', createdBy='sravan', createDate=null, modifiedBy='Ravi', modifiedDate=null, employeeId=8}
2020-08-21 14:16:08,329 INFO com.laminatimes.controller.LeavesController [http-nio-8086-exec-4] applicationName: leaves 
2020-08-21 14:16:08,330 INFO com.laminatimes.controller.LeavesController [http-nio-8086-exec-4] defaultValue:productionspring.env.prod 
2020-08-21 14:16:08,330 INFO com.laminatimes.controller.LeavesController [http-nio-8086-exec-4] staticValue: This is static value
2020-08-21 14:16:08,330 INFO com.laminatimes.controller.LeavesController [http-nio-8086-exec-4] dbValues: null
2020-08-21 14:16:08,330 INFO com.laminatimes.controller.LeavesController [http-nio-8086-exec-4] DBDetails{url='jdbc:h2:mem:test', driverClassName='org.h2.Driver', username='sa', password='password'}
2020-08-21 14:16:08,336 DEBUG com.laminatimes.controller.LeavesController [http-nio-8086-exec-4] LeaveVo{id=33, leaveName='test leave4', startDate=null, endDate=null, noOfDays=3, comments='test comments', approverComments='approverComments asdfas', createdBy='sravan', createDate=null, modifiedBy='Ravi', modifiedDate=null, employeeId=8}
2020-08-21 14:16:09,298 INFO com.laminatimes.controller.LeavesController [http-nio-8086-exec-5] applicationName: leaves 
2020-08-21 14:16:09,298 INFO com.laminatimes.controller.LeavesController [http-nio-8086-exec-5] defaultValue:productionspring.env.prod 
2020-08-21 14:16:09,299 INFO com.laminatimes.controller.LeavesController [http-nio-8086-exec-5] staticValue: This is static value
2020-08-21 14:16:09,299 INFO com.laminatimes.controller.LeavesController [http-nio-8086-exec-5] dbValues: null
2020-08-21 14:16:09,299 INFO com.laminatimes.controller.LeavesController [http-nio-8086-exec-5] DBDetails{url='jdbc:h2:mem:test', driverClassName='org.h2.Driver', username='sa', password='password'}
2020-08-21 14:16:09,302 DEBUG com.laminatimes.controller.LeavesController [http-nio-8086-exec-5] LeaveVo{id=34, leaveName='test leave4', startDate=null, endDate=null, noOfDays=3, comments='test comments', approverComments='approverComments asdfas', createdBy='sravan', createDate=null, modifiedBy='Ravi', modifiedDate=null, employeeId=8}
2020-08-21 14:16:10,062 INFO com.laminatimes.controller.LeavesController [http-nio-8086-exec-6] applicationName: leaves 
2020-08-21 14:16:10,063 INFO com.laminatimes.controller.LeavesController [http-nio-8086-exec-6] defaultValue:productionspring.env.prod 
2020-08-21 14:16:10,063 INFO com.laminatimes.controller.LeavesController [http-nio-8086-exec-6] staticValue: This is static value
2020-08-21 14:16:10,063 INFO com.laminatimes.controller.LeavesController [http-nio-8086-exec-6] dbValues: null
2020-08-21 14:16:10,063 INFO com.laminatimes.controller.LeavesController [http-nio-8086-exec-6] DBDetails{url='jdbc:h2:mem:test', driverClassName='org.h2.Driver', username='sa', password='password'}
2020-08-21 14:16:10,068 DEBUG com.laminatimes.controller.LeavesController [http-nio-8086-exec-6] LeaveVo{id=35, leaveName='test leave4', startDate=null, endDate=null, noOfDays=3, comments='test comments', approverComments='approverComments asdfas', createdBy='sravan', createDate=null, modifiedBy='Ravi', modifiedDate=null, employeeId=8}
2020-08-21 14:16:10,734 INFO com.laminatimes.controller.LeavesController [http-nio-8086-exec-7] applicationName: leaves 
2020-08-21 14:16:10,735 INFO com.laminatimes.controller.LeavesController [http-nio-8086-exec-7] defaultValue:productionspring.env.prod 
2020-08-21 14:16:10,735 INFO com.laminatimes.controller.LeavesController [http-nio-8086-exec-7] staticValue: This is static value
2020-08-21 14:16:10,735 INFO com.laminatimes.controller.LeavesController [http-nio-8086-exec-7] dbValues: null
2020-08-21 14:16:10,735 INFO com.laminatimes.controller.LeavesController [http-nio-8086-exec-7] DBDetails{url='jdbc:h2:mem:test', driverClassName='org.h2.Driver', username='sa', password='password'}
2020-08-21 14:16:10,739 DEBUG com.laminatimes.controller.LeavesController [http-nio-8086-exec-7] LeaveVo{id=36, leaveName='test leave4', startDate=null, endDate=null, noOfDays=3, comments='test comments', approverComments='approverComments asdfas', createdBy='sravan', createDate=null, modifiedBy='Ravi', modifiedDate=null, employeeId=8}
2020-08-21 14:16:11,305 INFO com.laminatimes.controller.LeavesController [http-nio-8086-exec-8] applicationName: leaves 
2020-08-21 14:16:11,306 INFO com.laminatimes.controller.LeavesController [http-nio-8086-exec-8] defaultValue:productionspring.env.prod 
2020-08-21 14:16:11,306 INFO com.laminatimes.controller.LeavesController [http-nio-8086-exec-8] staticValue: This is static value
2020-08-21 14:16:11,306 INFO com.laminatimes.controller.LeavesController [http-nio-8086-exec-8] dbValues: null
2020-08-21 14:16:11,306 INFO com.laminatimes.controller.LeavesController [http-nio-8086-exec-8] DBDetails{url='jdbc:h2:mem:test', driverClassName='org.h2.Driver', username='sa', password='password'}
2020-08-21 14:16:11,309 DEBUG com.laminatimes.controller.LeavesController [http-nio-8086-exec-8] LeaveVo{id=37, leaveName='test leave4', startDate=null, endDate=null, noOfDays=3, comments='test comments', approverComments='approverComments asdfas', createdBy='sravan', createDate=null, modifiedBy='Ravi', modifiedDate=null, employeeId=8}
2020-08-21 14:16:11,863 INFO com.laminatimes.controller.LeavesController [http-nio-8086-exec-9] applicationName: leaves 
2020-08-21 14:16:11,863 INFO com.laminatimes.controller.LeavesController [http-nio-8086-exec-9] defaultValue:productionspring.env.prod 
2020-08-21 14:16:11,863 INFO com.laminatimes.controller.LeavesController [http-nio-8086-exec-9] staticValue: This is static value
2020-08-21 14:16:11,864 INFO com.laminatimes.controller.LeavesController [http-nio-8086-exec-9] dbValues: null
2020-08-21 14:16:11,864 INFO com.laminatimes.controller.LeavesController [http-nio-8086-exec-9] DBDetails{url='jdbc:h2:mem:test', driverClassName='org.h2.Driver', username='sa', password='password'}
2020-08-21 14:16:11,868 DEBUG com.laminatimes.controller.LeavesController [http-nio-8086-exec-9] LeaveVo{id=38, leaveName='test leave4', startDate=null, endDate=null, noOfDays=3, comments='test comments', approverComments='approverComments asdfas', createdBy='sravan', createDate=null, modifiedBy='Ravi', modifiedDate=null, employeeId=8}
2020-08-21 14:16:12,407 INFO com.laminatimes.controller.LeavesController [http-nio-8086-exec-10] applicationName: leaves 
2020-08-21 14:16:12,407 INFO com.laminatimes.controller.LeavesController [http-nio-8086-exec-10] defaultValue:productionspring.env.prod 
2020-08-21 14:16:12,407 INFO com.laminatimes.controller.LeavesController [http-nio-8086-exec-10] staticValue: This is static value
2020-08-21 14:16:12,407 INFO com.laminatimes.controller.LeavesController [http-nio-8086-exec-10] dbValues: null
2020-08-21 14:16:12,407 INFO com.laminatimes.controller.LeavesController [http-nio-8086-exec-10] DBDetails{url='jdbc:h2:mem:test', driverClassName='org.h2.Driver', username='sa', password='password'}
2020-08-21 14:16:12,412 DEBUG com.laminatimes.controller.LeavesController [http-nio-8086-exec-10] LeaveVo{id=39, leaveName='test leave4', startDate=null, endDate=null, noOfDays=3, comments='test comments', approverComments='approverComments asdfas', createdBy='sravan', createDate=null, modifiedBy='Ravi', modifiedDate=null, employeeId=8}
2020-08-21 14:16:12,951 INFO com.laminatimes.controller.LeavesController [http-nio-8086-exec-1] applicationName: leaves 
2020-08-21 14:16:12,951 INFO com.laminatimes.controller.LeavesController [http-nio-8086-exec-1] defaultValue:productionspring.env.prod 
2020-08-21 14:16:12,952 INFO com.laminatimes.controller.LeavesController [http-nio-8086-exec-1] staticValue: This is static value
2020-08-21 14:16:12,952 INFO com.laminatimes.controller.LeavesController [http-nio-8086-exec-1] dbValues: null
2020-08-21 14:16:12,952 INFO com.laminatimes.controller.LeavesController [http-nio-8086-exec-1] DBDetails{url='jdbc:h2:mem:test', driverClassName='org.h2.Driver', username='sa', password='password'}
2020-08-21 14:16:12,956 DEBUG com.laminatimes.controller.LeavesController [http-nio-8086-exec-1] LeaveVo{id=40, leaveName='test leave4', startDate=null, endDate=null, noOfDays=3, comments='test comments', approverComments='approverComments asdfas', createdBy='sravan', createDate=null, modifiedBy='Ravi', modifiedDate=null, employeeId=8}
2020-08-21 14:16:13,887 INFO com.laminatimes.controller.LeavesController [http-nio-8086-exec-2] applicationName: leaves 
2020-08-21 14:16:13,887 INFO com.laminatimes.controller.LeavesController [http-nio-8086-exec-2] defaultValue:productionspring.env.prod 
2020-08-21 14:16:13,887 INFO com.laminatimes.controller.LeavesController [http-nio-8086-exec-2] staticValue: This is static value
2020-08-21 14:16:13,887 INFO com.laminatimes.controller.LeavesController [http-nio-8086-exec-2] dbValues: null
2020-08-21 14:16:13,888 INFO com.laminatimes.controller.LeavesController [http-nio-8086-exec-2] DBDetails{url='jdbc:h2:mem:test', driverClassName='org.h2.Driver', username='sa', password='password'}
2020-08-21 14:16:13,892 DEBUG com.laminatimes.controller.LeavesController [http-nio-8086-exec-2] LeaveVo{id=41, leaveName='test leave4', startDate=null, endDate=null, noOfDays=3, comments='test comments', approverComments='approverComments asdfas', createdBy='sravan', createDate=null, modifiedBy='Ravi', modifiedDate=null, employeeId=8}
2020-08-21 14:16:24,772 DEBUG com.zaxxer.hikari.pool.HikariPool [HikariPool-1 housekeeper] HikariPool-1 - Pool stats (total=10, active=0, idle=10, waiting=0)
2020-08-21 14:16:24,772 DEBUG com.zaxxer.hikari.pool.HikariPool [HikariPool-1 housekeeper] HikariPool-1 - Fill pool skipped, pool is at sufficient level.
2020-08-21 14:16:34,550 DEBUG com.laminatimes.controller.LeavesController [http-nio-8086-exec-3] all leaves size: 31 
2020-08-21 14:16:34,551 DEBUG com.laminatimes.controller.LeavesController [http-nio-8086-exec-3] Leave: LeaveVo{id=11, leaveName='test leave4', startDate=null, endDate=null, noOfDays=3, comments='test comments', approverComments='approverComments asdfas', createdBy='sravan', createDate=null, modifiedBy='Ravi', modifiedDate=null, employeeId=0}
2020-08-21 14:16:34,551 DEBUG com.laminatimes.controller.LeavesController [http-nio-8086-exec-3] Leave: LeaveVo{id=11, leaveName='test leave4', startDate=null, endDate=null, noOfDays=3, comments='test comments', approverComments='approverComments asdfas', createdBy='sravan', createDate=null, modifiedBy='Ravi', modifiedDate=null, employeeId=0}
2020-08-21 14:16:34,551 DEBUG com.laminatimes.controller.LeavesController [http-nio-8086-exec-3] Leave: LeaveVo{id=11, leaveName='test leave4', startDate=null, endDate=null, noOfDays=3, comments='test comments', approverComments='approverComments asdfas', createdBy='sravan', createDate=null, modifiedBy='Ravi', modifiedDate=null, employeeId=0}
2020-08-21 14:16:34,551 DEBUG com.laminatimes.controller.LeavesController [http-nio-8086-exec-3] Leave: LeaveVo{id=11, leaveName='test leave4', startDate=null, endDate=null, noOfDays=3, comments='test comments', approverComments='approverComments asdfas', createdBy='sravan', createDate=null, modifiedBy='Ravi', modifiedDate=null, employeeId=0}
2020-08-21 14:16:34,551 DEBUG com.laminatimes.controller.LeavesController [http-nio-8086-exec-3] Leave: LeaveVo{id=11, leaveName='test leave4', startDate=null, endDate=null, noOfDays=3, comments='test comments', approverComments='approverComments asdfas', createdBy='sravan', createDate=null, modifiedBy='Ravi', modifiedDate=null, employeeId=0}
2020-08-21 14:16:34,551 DEBUG com.laminatimes.controller.LeavesController [http-nio-8086-exec-3] Leave: LeaveVo{id=11, leaveName='test leave4', startDate=null, endDate=null, noOfDays=3, comments='test comments', approverComments='approverComments asdfas', createdBy='sravan', createDate=null, modifiedBy='Ravi', modifiedDate=null, employeeId=0}
2020-08-21 14:16:34,551 DEBUG com.laminatimes.controller.LeavesController [http-nio-8086-exec-3] Leave: LeaveVo{id=11, leaveName='test leave4', startDate=null, endDate=null, noOfDays=3, comments='test comments', approverComments='approverComments asdfas', createdBy='sravan', createDate=null, modifiedBy='Ravi', modifiedDate=null, employeeId=0}
2020-08-21 14:16:34,551 DEBUG com.laminatimes.controller.LeavesController [http-nio-8086-exec-3] Leave: LeaveVo{id=11, leaveName='test leave4', startDate=null, endDate=null, noOfDays=3, comments='test comments', approverComments='approverComments asdfas', createdBy='sravan', createDate=null, modifiedBy='Ravi', modifiedDate=null, employeeId=0}
2020-08-21 14:16:34,551 DEBUG com.laminatimes.controller.LeavesController [http-nio-8086-exec-3] Leave: LeaveVo{id=11, leaveName='test leave4', startDate=null, endDate=null, noOfDays=3, comments='test comments', approverComments='approverComments asdfas', createdBy='sravan', createDate=null, modifiedBy='Ravi', modifiedDate=null, employeeId=0}
2020-08-21 14:16:34,551 DEBUG com.laminatimes.controller.LeavesController [http-nio-8086-exec-3] Leave: LeaveVo{id=11, leaveName='test leave4', startDate=null, endDate=null, noOfDays=3, comments='test comments', approverComments='approverComments asdfas', createdBy='sravan', createDate=null, modifiedBy='Ravi', modifiedDate=null, employeeId=0}
2020-08-21 14:16:34,551 DEBUG com.laminatimes.controller.LeavesController [http-nio-8086-exec-3] Leave: LeaveVo{id=11, leaveName='test leave4', startDate=null, endDate=null, noOfDays=3, comments='test comments', approverComments='approverComments asdfas', createdBy='sravan', createDate=null, modifiedBy='Ravi', modifiedDate=null, employeeId=0}
2020-08-21 14:16:34,551 DEBUG com.laminatimes.controller.LeavesController [http-nio-8086-exec-3] Leave: LeaveVo{id=11, leaveName='test leave4', startDate=null, endDate=null, noOfDays=3, comments='test comments', approverComments='approverComments asdfas', createdBy='sravan', createDate=null, modifiedBy='Ravi', modifiedDate=null, employeeId=0}
2020-08-21 14:16:34,551 DEBUG com.laminatimes.controller.LeavesController [http-nio-8086-exec-3] Leave: LeaveVo{id=11, leaveName='test leave4', startDate=null, endDate=null, noOfDays=3, comments='test comments', approverComments='approverComments asdfas', createdBy='sravan', createDate=null, modifiedBy='Ravi', modifiedDate=null, employeeId=0}
2020-08-21 14:16:34,551 DEBUG com.laminatimes.controller.LeavesController [http-nio-8086-exec-3] Leave: LeaveVo{id=11, leaveName='test leave4', startDate=null, endDate=null, noOfDays=3, comments='test comments', approverComments='approverComments asdfas', createdBy='sravan', createDate=null, modifiedBy='Ravi', modifiedDate=null, employeeId=0}
2020-08-21 14:16:34,551 DEBUG com.laminatimes.controller.LeavesController [http-nio-8086-exec-3] Leave: LeaveVo{id=11, leaveName='test leave4', startDate=null, endDate=null, noOfDays=3, comments='test comments', approverComments='approverComments asdfas', createdBy='sravan', createDate=null, modifiedBy='Ravi', modifiedDate=null, employeeId=0}
2020-08-21 14:16:34,551 DEBUG com.laminatimes.controller.LeavesController [http-nio-8086-exec-3] Leave: LeaveVo{id=12, leaveName='test leave4', startDate=null, endDate=null, noOfDays=3, comments='test comments', approverComments='approverComments asdfas', createdBy='sravan', createDate=null, modifiedBy='Ravi', modifiedDate=null, employeeId=0}
2020-08-21 14:16:34,551 DEBUG com.laminatimes.controller.LeavesController [http-nio-8086-exec-3] Leave: LeaveVo{id=12, leaveName='test leave4', startDate=null, endDate=null, noOfDays=3, comments='test comments', approverComments='approverComments asdfas', createdBy='sravan', createDate=null, modifiedBy='Ravi', modifiedDate=null, employeeId=0}
2020-08-21 14:16:34,551 DEBUG com.laminatimes.controller.LeavesController [http-nio-8086-exec-3] Leave: LeaveVo{id=12, leaveName='test leave4', startDate=null, endDate=null, noOfDays=3, comments='test comments', approverComments='approverComments asdfas', createdBy='sravan', createDate=null, modifiedBy='Ravi', modifiedDate=null, employeeId=0}
2020-08-21 14:16:34,552 DEBUG com.laminatimes.controller.LeavesController [http-nio-8086-exec-3] Leave: LeaveVo{id=12, leaveName='test leave4', startDate=null, endDate=null, noOfDays=3, comments='test comments', approverComments='approverComments asdfas', createdBy='sravan', createDate=null, modifiedBy='Ravi', modifiedDate=null, employeeId=0}
2020-08-21 14:16:34,552 DEBUG com.laminatimes.controller.LeavesController [http-nio-8086-exec-3] Leave: LeaveVo{id=12, leaveName='test leave4', startDate=null, endDate=null, noOfDays=3, comments='test comments', approverComments='approverComments asdfas', createdBy='sravan', createDate=null, modifiedBy='Ravi', modifiedDate=null, employeeId=0}
2020-08-21 14:16:34,552 DEBUG com.laminatimes.controller.LeavesController [http-nio-8086-exec-3] Leave: LeaveVo{id=12, leaveName='test leave4', startDate=null, endDate=null, noOfDays=3, comments='test comments', approverComments='approverComments asdfas', createdBy='sravan', createDate=null, modifiedBy='Ravi', modifiedDate=null, employeeId=0}
2020-08-21 14:16:34,552 DEBUG com.laminatimes.controller.LeavesController [http-nio-8086-exec-3] Leave: LeaveVo{id=12, leaveName='test leave4', startDate=null, endDate=null, noOfDays=3, comments='test comments', approverComments='approverComments asdfas', createdBy='sravan', createDate=null, modifiedBy='Ravi', modifiedDate=null, employeeId=0}
2020-08-21 14:16:34,552 DEBUG com.laminatimes.controller.LeavesController [http-nio-8086-exec-3] Leave: LeaveVo{id=12, leaveName='test leave4', startDate=null, endDate=null, noOfDays=3, comments='test comments', approverComments='approverComments asdfas', createdBy='sravan', createDate=null, modifiedBy='Ravi', modifiedDate=null, employeeId=0}
2020-08-21 14:16:34,552 DEBUG com.laminatimes.controller.LeavesController [http-nio-8086-exec-3] Leave: LeaveVo{id=12, leaveName='test leave4', startDate=null, endDate=null, noOfDays=3, comments='test comments', approverComments='approverComments asdfas', createdBy='sravan', createDate=null, modifiedBy='Ravi', modifiedDate=null, employeeId=0}
2020-08-21 14:16:34,552 DEBUG com.laminatimes.controller.LeavesController [http-nio-8086-exec-3] Leave: LeaveVo{id=12, leaveName='test leave4', startDate=null, endDate=null, noOfDays=3, comments='test comments', approverComments='approverComments asdfas', createdBy='sravan', createDate=null, modifiedBy='Ravi', modifiedDate=null, employeeId=0}
2020-08-21 14:16:34,552 DEBUG com.laminatimes.controller.LeavesController [http-nio-8086-exec-3] Leave: LeaveVo{id=12, leaveName='test leave4', startDate=null, endDate=null, noOfDays=3, comments='test comments', approverComments='approverComments asdfas', createdBy='sravan', createDate=null, modifiedBy='Ravi', modifiedDate=null, employeeId=0}
2020-08-21 14:16:34,552 DEBUG com.laminatimes.controller.LeavesController [http-nio-8086-exec-3] Leave: LeaveVo{id=12, leaveName='test leave4', startDate=null, endDate=null, noOfDays=3, comments='test comments', approverComments='approverComments asdfas', createdBy='sravan', createDate=null, modifiedBy='Ravi', modifiedDate=null, employeeId=0}
2020-08-21 14:16:34,552 DEBUG com.laminatimes.controller.LeavesController [http-nio-8086-exec-3] Leave: LeaveVo{id=12, leaveName='test leave4', startDate=null, endDate=null, noOfDays=3, comments='test comments', approverComments='approverComments asdfas', createdBy='sravan', createDate=null, modifiedBy='Ravi', modifiedDate=null, employeeId=0}
2020-08-21 14:16:34,552 DEBUG com.laminatimes.controller.LeavesController [http-nio-8086-exec-3] Leave: LeaveVo{id=12, leaveName='test leave4', startDate=null, endDate=null, noOfDays=3, comments='test comments', approverComments='approverComments asdfas', createdBy='sravan', createDate=null, modifiedBy='Ravi', modifiedDate=null, employeeId=0}
2020-08-21 14:16:34,552 DEBUG com.laminatimes.controller.LeavesController [http-nio-8086-exec-3] Leave: LeaveVo{id=12, leaveName='test leave4', startDate=null, endDate=null, noOfDays=3, comments='test comments', approverComments='approverComments asdfas', createdBy='sravan', createDate=null, modifiedBy='Ravi', modifiedDate=null, employeeId=0}
2020-08-21 14:16:34,552 DEBUG com.laminatimes.controller.LeavesController [http-nio-8086-exec-3] Leave: LeaveVo{id=13, leaveName='test leave4', startDate=null, endDate=null, noOfDays=3, comments='test comments', approverComments='approverComments asdfas', createdBy='sravan', createDate=null, modifiedBy='Ravi', modifiedDate=null, employeeId=0}
2020-08-21 14:16:34,552 DEBUG com.laminatimes.controller.LeavesController [http-nio-8086-exec-3] Leave: LeaveVo{id=13, leaveName='test leave4', startDate=null, endDate=null, noOfDays=3, comments='test comments', approverComments='approverComments asdfas', createdBy='sravan', createDate=null, modifiedBy='Ravi', modifiedDate=null, employeeId=0}
2020-08-21 14:16:34,552 DEBUG com.laminatimes.controller.LeavesController [http-nio-8086-exec-3] Leave: LeaveVo{id=13, leaveName='test leave4', startDate=null, endDate=null, noOfDays=3, comments='test comments', approverComments='approverComments asdfas', createdBy='sravan', createDate=null, modifiedBy='Ravi', modifiedDate=null, employeeId=0}
2020-08-21 14:16:34,552 DEBUG com.laminatimes.controller.LeavesController [http-nio-8086-exec-3] Leave: LeaveVo{id=13, leaveName='test leave4', startDate=null, endDate=null, noOfDays=3, comments='test comments', approverComments='approverComments asdfas', createdBy='sravan', createDate=null, modifiedBy='Ravi', modifiedDate=null, employeeId=0}
2020-08-21 14:16:34,552 DEBUG com.laminatimes.controller.LeavesController [http-nio-8086-exec-3] Leave: LeaveVo{id=13, leaveName='test leave4', startDate=null, endDate=null, noOfDays=3, comments='test comments', approverComments='approverComments asdfas', createdBy='sravan', createDate=null, modifiedBy='Ravi', modifiedDate=null, employeeId=0}
2020-08-21 14:16:34,552 DEBUG com.laminatimes.controller.LeavesController [http-nio-8086-exec-3] Leave: LeaveVo{id=13, leaveName='test leave4', startDate=null, endDate=null, noOfDays=3, comments='test comments', approverComments='approverComments asdfas', createdBy='sravan', createDate=null, modifiedBy='Ravi', modifiedDate=null, employeeId=0}
2020-08-21 14:16:34,552 DEBUG com.laminatimes.controller.LeavesController [http-nio-8086-exec-3] Leave: LeaveVo{id=13, leaveName='test leave4', startDate=null, endDate=null, noOfDays=3, comments='test comments', approverComments='approverComments asdfas', createdBy='sravan', createDate=null, modifiedBy='Ravi', modifiedDate=null, employeeId=0}
2020-08-21 14:16:34,552 DEBUG com.laminatimes.controller.LeavesController [http-nio-8086-exec-3] Leave: LeaveVo{id=13, leaveName='test leave4', startDate=null, endDate=null, noOfDays=3, comments='test comments', approverComments='approverComments asdfas', createdBy='sravan', createDate=null, modifiedBy='Ravi', modifiedDate=null, employeeId=0}
2020-08-21 14:16:34,552 DEBUG com.laminatimes.controller.LeavesController [http-nio-8086-exec-3] Leave: LeaveVo{id=13, leaveName='test leave4', startDate=null, endDate=null, noOfDays=3, comments='test comments', approverComments='approverComments asdfas', createdBy='sravan', createDate=null, modifiedBy='Ravi', modifiedDate=null, employeeId=0}
2020-08-21 14:16:34,552 DEBUG com.laminatimes.controller.LeavesController [http-nio-8086-exec-3] Leave: LeaveVo{id=13, leaveName='test leave4', startDate=null, endDate=null, noOfDays=3, comments='test comments', approverComments='approverComments asdfas', createdBy='sravan', createDate=null, modifiedBy='Ravi', modifiedDate=null, employeeId=0}
2020-08-21 14:16:34,552 DEBUG com.laminatimes.controller.LeavesController [http-nio-8086-exec-3] Leave: LeaveVo{id=13, leaveName='test leave4', startDate=null, endDate=null, noOfDays=3, comments='test comments', approverComments='approverComments asdfas', createdBy='sravan', createDate=null, modifiedBy='Ravi', modifiedDate=null, employeeId=0}
2020-08-21 14:16:34,552 DEBUG com.laminatimes.controller.LeavesController [http-nio-8086-exec-3] Leave: LeaveVo{id=13, leaveName='test leave4', startDate=null, endDate=null, noOfDays=3, comments='test comments', approverComments='approverComments asdfas', createdBy='sravan', createDate=null, modifiedBy='Ravi', modifiedDate=null, employeeId=0}
2020-08-21 14:16:34,553 DEBUG com.laminatimes.controller.LeavesController [http-nio-8086-exec-3] Leave: LeaveVo{id=13, leaveName='test leave4', startDate=null, endDate=null, noOfDays=3, comments='test comments', approverComments='approverComments asdfas', createdBy='sravan', createDate=null, modifiedBy='Ravi', modifiedDate=null, employeeId=0}
2020-08-21 14:16:34,553 DEBUG com.laminatimes.controller.LeavesController [http-nio-8086-exec-3] Leave: LeaveVo{id=13, leaveName='test leave4', startDate=null, endDate=null, noOfDays=3, comments='test comments', approverComments='approverComments asdfas', createdBy='sravan', createDate=null, modifiedBy='Ravi', modifiedDate=null, employeeId=0}
2020-08-21 14:16:34,553 DEBUG com.laminatimes.controller.LeavesController [http-nio-8086-exec-3] Leave: LeaveVo{id=13, leaveName='test leave4', startDate=null, endDate=null, noOfDays=3, comments='test comments', approverComments='approverComments asdfas', createdBy='sravan', createDate=null, modifiedBy='Ravi', modifiedDate=null, employeeId=0}
2020-08-21 14:16:34,553 DEBUG com.laminatimes.controller.LeavesController [http-nio-8086-exec-3] Leave: LeaveVo{id=14, leaveName='test leave4', startDate=null, endDate=null, noOfDays=3, comments='test comments', approverComments='approverComments asdfas', createdBy='sravan', createDate=null, modifiedBy='Ravi', modifiedDate=null, employeeId=0}
2020-08-21 14:16:34,553 DEBUG com.laminatimes.controller.LeavesController [http-nio-8086-exec-3] Leave: LeaveVo{id=14, leaveName='test leave4', startDate=null, endDate=null, noOfDays=3, comments='test comments', approverComments='approverComments asdfas', createdBy='sravan', createDate=null, modifiedBy='Ravi', modifiedDate=null, employeeId=0}
2020-08-21 14:16:34,553 DEBUG com.laminatimes.controller.LeavesController [http-nio-8086-exec-3] Leave: LeaveVo{id=14, leaveName='test leave4', startDate=null, endDate=null, noOfDays=3, comments='test comments', approverComments='approverComments asdfas', createdBy='sravan', createDate=null, modifiedBy='Ravi', modifiedDate=null, employeeId=0}
2020-08-21 14:16:34,553 DEBUG com.laminatimes.controller.LeavesController [http-nio-8086-exec-3] Leave: LeaveVo{id=14, leaveName='test leave4', startDate=null, endDate=null, noOfDays=3, comments='test comments', approverComments='approverComments asdfas', createdBy='sravan', createDate=null, modifiedBy='Ravi', modifiedDate=null, employeeId=0}
2020-08-21 14:16:34,553 DEBUG com.laminatimes.controller.LeavesController [http-nio-8086-exec-3] Leave: LeaveVo{id=14, leaveName='test leave4', startDate=null, endDate=null, noOfDays=3, comments='test comments', approverComments='approverComments asdfas', createdBy='sravan', createDate=null, modifiedBy='Ravi', modifiedDate=null, employeeId=0}
2020-08-21 14:16:34,553 DEBUG com.laminatimes.controller.LeavesController [http-nio-8086-exec-3] Leave: LeaveVo{id=14, leaveName='test leave4', startDate=null, endDate=null, noOfDays=3, comments='test comments', approverComments='approverComments asdfas', createdBy='sravan', createDate=null, modifiedBy='Ravi', modifiedDate=null, employeeId=0}
2020-08-21 14:16:34,553 DEBUG com.laminatimes.controller.LeavesController [http-nio-8086-exec-3] Leave: LeaveVo{id=14, leaveName='test leave4', startDate=null, endDate=null, noOfDays=3, comments='test comments', approverComments='approverComments asdfas', createdBy='sravan', createDate=null, modifiedBy='Ravi', modifiedDate=null, employeeId=0}
2020-08-21 14:16:34,553 DEBUG com.laminatimes.controller.LeavesController [http-nio-8086-exec-3] Leave: LeaveVo{id=14, leaveName='test leave4', startDate=null, endDate=null, noOfDays=3, comments='test comments', approverComments='approverComments asdfas', createdBy='sravan', createDate=null, modifiedBy='Ravi', modifiedDate=null, employeeId=0}
2020-08-21 14:16:34,553 DEBUG com.laminatimes.controller.LeavesController [http-nio-8086-exec-3] Leave: LeaveVo{id=14, leaveName='test leave4', startDate=null, endDate=null, noOfDays=3, comments='test comments', approverComments='approverComments asdfas', createdBy='sravan', createDate=null, modifiedBy='Ravi', modifiedDate=null, employeeId=0}
2020-08-21 14:16:34,553 DEBUG com.laminatimes.controller.LeavesController [http-nio-8086-exec-3] Leave: LeaveVo{id=14, leaveName='test leave4', startDate=null, endDate=null, noOfDays=3, comments='test comments', approverComments='approverComments asdfas', createdBy='sravan', createDate=null, modifiedBy='Ravi', modifiedDate=null, employeeId=0}
2020-08-21 14:16:34,553 DEBUG com.laminatimes.controller.LeavesController [http-nio-8086-exec-3] Leave: LeaveVo{id=14, leaveName='test leave4', startDate=null, endDate=null, noOfDays=3, comments='test comments', approverComments='approverComments asdfas', createdBy='sravan', createDate=null, modifiedBy='Ravi', modifiedDate=null, employeeId=0}
2020-08-21 14:16:34,553 DEBUG com.laminatimes.controller.LeavesController [http-nio-8086-exec-3] Leave: LeaveVo{id=14, leaveName='test leave4', startDate=null, endDate=null, noOfDays=3, comments='test comments', approverComments='approverComments asdfas', createdBy='sravan', createDate=null, modifiedBy='Ravi', modifiedDate=null, employeeId=0}
2020-08-21 14:16:34,553 DEBUG com.laminatimes.controller.LeavesController [http-nio-8086-exec-3] Leave: LeaveVo{id=14, leaveName='test leave4', startDate=null, endDate=null, noOfDays=3, comments='test comments', approverComments='approverComments asdfas', createdBy='sravan', createDate=null, modifiedBy='Ravi', modifiedDate=null, employeeId=0}
2020-08-21 14:16:34,553 DEBUG com.laminatimes.controller.LeavesController [http-nio-8086-exec-3] Leave: LeaveVo{id=14, leaveName='test leave4', startDate=null, endDate=null, noOfDays=3, comments='test comments', approverComments='approverComments asdfas', createdBy='sravan', createDate=null, modifiedBy='Ravi', modifiedDate=null, employeeId=0}
2020-08-21 14:16:34,553 DEBUG com.laminatimes.controller.LeavesController [http-nio-8086-exec-3] Leave: LeaveVo{id=14, leaveName='test leave4', startDate=null, endDate=null, noOfDays=3, comments='test comments', approverComments='approverComments asdfas', createdBy='sravan', createDate=null, modifiedBy='Ravi', modifiedDate=null, employeeId=0}
2020-08-21 14:16:34,553 DEBUG com.laminatimes.controller.LeavesController [http-nio-8086-exec-3] Leave: LeaveVo{id=15, leaveName='test leave4', startDate=null, endDate=null, noOfDays=3, comments='test comments', approverComments='approverComments asdfas', createdBy='sravan', createDate=null, modifiedBy='Ravi', modifiedDate=null, employeeId=0}
2020-08-21 14:16:34,553 DEBUG com.laminatimes.controller.LeavesController [http-nio-8086-exec-3] Leave: LeaveVo{id=15, leaveName='test leave4', startDate=null, endDate=null, noOfDays=3, comments='test comments', approverComments='approverComments asdfas', createdBy='sravan', createDate=null, modifiedBy='Ravi', modifiedDate=null, employeeId=0}
2020-08-21 14:16:34,553 DEBUG com.laminatimes.controller.LeavesController [http-nio-8086-exec-3] Leave: LeaveVo{id=15, leaveName='test leave4', startDate=null, endDate=null, noOfDays=3, comments='test comments', approverComments='approverComments asdfas', createdBy='sravan', createDate=null, modifiedBy='Ravi', modifiedDate=null, employeeId=0}
2020-08-21 14:16:34,554 DEBUG com.laminatimes.controller.LeavesController [http-nio-8086-exec-3] Leave: LeaveVo{id=15, leaveName='test leave4', startDate=null, endDate=null, noOfDays=3, comments='test comments', approverComments='approverComments asdfas', createdBy='sravan', createDate=null, modifiedBy='Ravi', modifiedDate=null, employeeId=0}
2020-08-21 14:16:34,554 DEBUG com.laminatimes.controller.LeavesController [http-nio-8086-exec-3] Leave: LeaveVo{id=15, leaveName='test leave4', startDate=null, endDate=null, noOfDays=3, comments='test comments', approverComments='approverComments asdfas', createdBy='sravan', createDate=null, modifiedBy='Ravi', modifiedDate=null, employeeId=0}
2020-08-21 14:16:34,554 DEBUG com.laminatimes.controller.LeavesController [http-nio-8086-exec-3] Leave: LeaveVo{id=15, leaveName='test leave4', startDate=null, endDate=null, noOfDays=3, comments='test comments', approverComments='approverComments asdfas', createdBy='sravan', createDate=null, modifiedBy='Ravi', modifiedDate=null, employeeId=0}
2020-08-21 14:16:34,554 DEBUG com.laminatimes.controller.LeavesController [http-nio-8086-exec-3] Leave: LeaveVo{id=15, leaveName='test leave4', startDate=null, endDate=null, noOfDays=3, comments='test comments', approverComments='approverComments asdfas', createdBy='sravan', createDate=null, modifiedBy='Ravi', modifiedDate=null, employeeId=0}
2020-08-21 14:16:34,554 DEBUG com.laminatimes.controller.LeavesController [http-nio-8086-exec-3] Leave: LeaveVo{id=15, leaveName='test leave4', startDate=null, endDate=null, noOfDays=3, comments='test comments', approverComments='approverComments asdfas', createdBy='sravan', createDate=null, modifiedBy='Ravi', modifiedDate=null, employeeId=0}
2020-08-21 14:16:34,554 DEBUG com.laminatimes.controller.LeavesController [http-nio-8086-exec-3] Leave: LeaveVo{id=15, leaveName='test leave4', startDate=null, endDate=null, noOfDays=3, comments='test comments', approverComments='approverComments asdfas', createdBy='sravan', createDate=null, modifiedBy='Ravi', modifiedDate=null, employeeId=0}
2020-08-21 14:16:34,554 DEBUG com.laminatimes.controller.LeavesController [http-nio-8086-exec-3] Leave: LeaveVo{id=15, leaveName='test leave4', startDate=null, endDate=null, noOfDays=3, comments='test comments', approverComments='approverComments asdfas', createdBy='sravan', createDate=null, modifiedBy='Ravi', modifiedDate=null, employeeId=0}
2020-08-21 14:16:34,555 DEBUG com.laminatimes.controller.LeavesController [http-nio-8086-exec-3] Leave: LeaveVo{id=15, leaveName='test leave4', startDate=null, endDate=null, noOfDays=3, comments='test comments', approverComments='approverComments asdfas', createdBy='sravan', createDate=null, modifiedBy='Ravi', modifiedDate=null, employeeId=0}
2020-08-21 14:16:34,555 DEBUG com.laminatimes.controller.LeavesController [http-nio-8086-exec-3] Leave: LeaveVo{id=15, leaveName='test leave4', startDate=null, endDate=null, noOfDays=3, comments='test comments', approverComments='approverComments asdfas', createdBy='sravan', createDate=null, modifiedBy='Ravi', modifiedDate=null, employeeId=0}
2020-08-21 14:16:34,555 DEBUG com.laminatimes.controller.LeavesController [http-nio-8086-exec-3] Leave: LeaveVo{id=15, leaveName='test leave4', startDate=null, endDate=null, noOfDays=3, comments='test comments', approverComments='approverComments asdfas', createdBy='sravan', createDate=null, modifiedBy='Ravi', modifiedDate=null, employeeId=0}
2020-08-21 14:16:34,555 DEBUG com.laminatimes.controller.LeavesController [http-nio-8086-exec-3] Leave: LeaveVo{id=15, leaveName='test leave4', startDate=null, endDate=null, noOfDays=3, comments='test comments', approverComments='approverComments asdfas', createdBy='sravan', createDate=null, modifiedBy='Ravi', modifiedDate=null, employeeId=0}
2020-08-21 14:16:34,555 DEBUG com.laminatimes.controller.LeavesController [http-nio-8086-exec-3] Leave: LeaveVo{id=15, leaveName='test leave4', startDate=null, endDate=null, noOfDays=3, comments='test comments', approverComments='approverComments asdfas', createdBy='sravan', createDate=null, modifiedBy='Ravi', modifiedDate=null, employeeId=0}
2020-08-21 14:16:34,555 DEBUG com.laminatimes.controller.LeavesController [http-nio-8086-exec-3] Leave: LeaveVo{id=16, leaveName='test leave4', startDate=null, endDate=null, noOfDays=3, comments='test comments', approverComments='approverComments asdfas', createdBy='sravan', createDate=null, modifiedBy='Ravi', modifiedDate=null, employeeId=0}
2020-08-21 14:16:34,555 DEBUG com.laminatimes.controller.LeavesController [http-nio-8086-exec-3] Leave: LeaveVo{id=16, leaveName='test leave4', startDate=null, endDate=null, noOfDays=3, comments='test comments', approverComments='approverComments asdfas', createdBy='sravan', createDate=null, modifiedBy='Ravi', modifiedDate=null, employeeId=0}
2020-08-21 14:16:34,555 DEBUG com.laminatimes.controller.LeavesController [http-nio-8086-exec-3] Leave: LeaveVo{id=16, leaveName='test leave4', startDate=null, endDate=null, noOfDays=3, comments='test comments', approverComments='approverComments asdfas', createdBy='sravan', createDate=null, modifiedBy='Ravi', modifiedDate=null, employeeId=0}
2020-08-21 14:16:34,555 DEBUG com.laminatimes.controller.LeavesController [http-nio-8086-exec-3] Leave: LeaveVo{id=16, leaveName='test leave4', startDate=null, endDate=null, noOfDays=3, comments='test comments', approverComments='approverComments asdfas', createdBy='sravan', createDate=null, modifiedBy='Ravi', modifiedDate=null, employeeId=0}
2020-08-21 14:16:34,555 DEBUG com.laminatimes.controller.LeavesController [http-nio-8086-exec-3] Leave: LeaveVo{id=16, leaveName='test leave4', startDate=null, endDate=null, noOfDays=3, comments='test comments', approverComments='approverComments asdfas', createdBy='sravan', createDate=null, modifiedBy='Ravi', modifiedDate=null, employeeId=0}
2020-08-21 14:16:34,555 DEBUG com.laminatimes.controller.LeavesController [http-nio-8086-exec-3] Leave: LeaveVo{id=16, leaveName='test leave4', startDate=null, endDate=null, noOfDays=3, comments='test comments', approverComments='approverComments asdfas', createdBy='sravan', createDate=null, modifiedBy='Ravi', modifiedDate=null, employeeId=0}
2020-08-21 14:16:34,555 DEBUG com.laminatimes.controller.LeavesController [http-nio-8086-exec-3] Leave: LeaveVo{id=16, leaveName='test leave4', startDate=null, endDate=null, noOfDays=3, comments='test comments', approverComments='approverComments asdfas', createdBy='sravan', createDate=null, modifiedBy='Ravi', modifiedDate=null, employeeId=0}
2020-08-21 14:16:34,555 DEBUG com.laminatimes.controller.LeavesController [http-nio-8086-exec-3] Leave: LeaveVo{id=16, leaveName='test leave4', startDate=null, endDate=null, noOfDays=3, comments='test comments', approverComments='approverComments asdfas', createdBy='sravan', createDate=null, modifiedBy='Ravi', modifiedDate=null, employeeId=0}
2020-08-21 14:16:34,556 DEBUG com.laminatimes.controller.LeavesController [http-nio-8086-exec-3] Leave: LeaveVo{id=16, leaveName='test leave4', startDate=null, endDate=null, noOfDays=3, comments='test comments', approverComments='approverComments asdfas', createdBy='sravan', createDate=null, modifiedBy='Ravi', modifiedDate=null, employeeId=0}
2020-08-21 14:16:34,556 DEBUG com.laminatimes.controller.LeavesController [http-nio-8086-exec-3] Leave: LeaveVo{id=16, leaveName='test leave4', startDate=null, endDate=null, noOfDays=3, comments='test comments', approverComments='approverComments asdfas', createdBy='sravan', createDate=null, modifiedBy='Ravi', modifiedDate=null, employeeId=0}
2020-08-21 14:16:34,556 DEBUG com.laminatimes.controller.LeavesController [http-nio-8086-exec-3] Leave: LeaveVo{id=16, leaveName='test leave4', startDate=null, endDate=null, noOfDays=3, comments='test comments', approverComments='approverComments asdfas', createdBy='sravan', createDate=null, modifiedBy='Ravi', modifiedDate=null, employeeId=0}
2020-08-21 14:16:34,556 DEBUG com.laminatimes.controller.LeavesController [http-nio-8086-exec-3] Leave: LeaveVo{id=16, leaveName='test leave4', startDate=null, endDate=null, noOfDays=3, comments='test comments', approverComments='approverComments asdfas', createdBy='sravan', createDate=null, modifiedBy='Ravi', modifiedDate=null, employeeId=0}
2020-08-21 14:16:34,556 DEBUG com.laminatimes.controller.LeavesController [http-nio-8086-exec-3] Leave: LeaveVo{id=16, leaveName='test leave4', startDate=null, endDate=null, noOfDays=3, comments='test comments', approverComments='approverComments asdfas', createdBy='sravan', createDate=null, modifiedBy='Ravi', modifiedDate=null, employeeId=0}
2020-08-21 14:16:34,556 DEBUG com.laminatimes.controller.LeavesController [http-nio-8086-exec-3] Leave: LeaveVo{id=16, leaveName='test leave4', startDate=null, endDate=null, noOfDays=3, comments='test comments', approverComments='approverComments asdfas', createdBy='sravan', createDate=null, modifiedBy='Ravi', modifiedDate=null, employeeId=0}
2020-08-21 14:16:34,556 DEBUG com.laminatimes.controller.LeavesController [http-nio-8086-exec-3] Leave: LeaveVo{id=16, leaveName='test leave4', startDate=null, endDate=null, noOfDays=3, comments='test comments', approverComments='approverComments asdfas', createdBy='sravan', createDate=null, modifiedBy='Ravi', modifiedDate=null, employeeId=0}
2020-08-21 14:16:34,556 DEBUG com.laminatimes.controller.LeavesController [http-nio-8086-exec-3] Leave: LeaveVo{id=17, leaveName='test leave4', startDate=null, endDate=null, noOfDays=3, comments='test comments', approverComments='approverComments asdfas', createdBy='sravan', createDate=null, modifiedBy='Ravi', modifiedDate=null, employeeId=0}
2020-08-21 14:16:34,556 DEBUG com.laminatimes.controller.LeavesController [http-nio-8086-exec-3] Leave: LeaveVo{id=17, leaveName='test leave4', startDate=null, endDate=null, noOfDays=3, comments='test comments', approverComments='approverComments asdfas', createdBy='sravan', createDate=null, modifiedBy='Ravi', modifiedDate=null, employeeId=0}
2020-08-21 14:16:34,556 DEBUG com.laminatimes.controller.LeavesController [http-nio-8086-exec-3] Leave: LeaveVo{id=17, leaveName='test leave4', startDate=null, endDate=null, noOfDays=3, comments='test comments', approverComments='approverComments asdfas', createdBy='sravan', createDate=null, modifiedBy='Ravi', modifiedDate=null, employeeId=0}
2020-08-21 14:16:34,556 DEBUG com.laminatimes.controller.LeavesController [http-nio-8086-exec-3] Leave: LeaveVo{id=17, leaveName='test leave4', startDate=null, endDate=null, noOfDays=3, comments='test comments', approverComments='approverComments asdfas', createdBy='sravan', createDate=null, modifiedBy='Ravi', modifiedDate=null, employeeId=0}
2020-08-21 14:16:34,556 DEBUG com.laminatimes.controller.LeavesController [http-nio-8086-exec-3] Leave: LeaveVo{id=17, leaveName='test leave4', startDate=null, endDate=null, noOfDays=3, comments='test comments', approverComments='approverComments asdfas', createdBy='sravan', createDate=null, modifiedBy='Ravi', modifiedDate=null, employeeId=0}
2020-08-21 14:16:34,556 DEBUG com.laminatimes.controller.LeavesController [http-nio-8086-exec-3] Leave: LeaveVo{id=17, leaveName='test leave4', startDate=null, endDate=null, noOfDays=3, comments='test comments', approverComments='approverComments asdfas', createdBy='sravan', createDate=null, modifiedBy='Ravi', modifiedDate=null, employeeId=0}
2020-08-21 14:16:34,556 DEBUG com.laminatimes.controller.LeavesController [http-nio-8086-exec-3] Leave: LeaveVo{id=17, leaveName='test leave4', startDate=null, endDate=null, noOfDays=3, comments='test comments', approverComments='approverComments asdfas', createdBy='sravan', createDate=null, modifiedBy='Ravi', modifiedDate=null, employeeId=0}
2020-08-21 14:16:34,556 DEBUG com.laminatimes.controller.LeavesController [http-nio-8086-exec-3] Leave: LeaveVo{id=17, leaveName='test leave4', startDate=null, endDate=null, noOfDays=3, comments='test comments', approverComments='approverComments asdfas', createdBy='sravan', createDate=null, modifiedBy='Ravi', modifiedDate=null, employeeId=0}
2020-08-21 14:16:34,557 DEBUG com.laminatimes.controller.LeavesController [http-nio-8086-exec-3] Leave: LeaveVo{id=17, leaveName='test leave4', startDate=null, endDate=null, noOfDays=3, comments='test comments', approverComments='approverComments asdfas', createdBy='sravan', createDate=null, modifiedBy='Ravi', modifiedDate=null, employeeId=0}
2020-08-21 14:16:34,557 DEBUG com.laminatimes.controller.LeavesController [http-nio-8086-exec-3] Leave: LeaveVo{id=17, leaveName='test leave4', startDate=null, endDate=null, noOfDays=3, comments='test comments', approverComments='approverComments asdfas', createdBy='sravan', createDate=null, modifiedBy='Ravi', modifiedDate=null, employeeId=0}
2020-08-21 14:16:34,557 DEBUG com.laminatimes.controller.LeavesController [http-nio-8086-exec-3] Leave: LeaveVo{id=17, leaveName='test leave4', startDate=null, endDate=null, noOfDays=3, comments='test comments', approverComments='approverComments asdfas', createdBy='sravan', createDate=null, modifiedBy='Ravi', modifiedDate=null, employeeId=0}
2020-08-21 14:16:34,557 DEBUG com.laminatimes.controller.LeavesController [http-nio-8086-exec-3] Leave: LeaveVo{id=17, leaveName='test leave4', startDate=null, endDate=null, noOfDays=3, comments='test comments', approverComments='approverComments asdfas', createdBy='sravan', createDate=null, modifiedBy='Ravi', modifiedDate=null, employeeId=0}
2020-08-21 14:16:34,557 DEBUG com.laminatimes.controller.LeavesController [http-nio-8086-exec-3] Leave: LeaveVo{id=17, leaveName='test leave4', startDate=null, endDate=null, noOfDays=3, comments='test comments', approverComments='approverComments asdfas', createdBy='sravan', createDate=null, modifiedBy='Ravi', modifiedDate=null, employeeId=0}
2020-08-21 14:16:34,557 DEBUG com.laminatimes.controller.LeavesController [http-nio-8086-exec-3] Leave: LeaveVo{id=17, leaveName='test leave4', startDate=null, endDate=null, noOfDays=3, comments='test comments', approverComments='approverComments asdfas', createdBy='sravan', createDate=null, modifiedBy='Ravi', modifiedDate=null, employeeId=0}
2020-08-21 14:16:34,557 DEBUG com.laminatimes.controller.LeavesController [http-nio-8086-exec-3] Leave: LeaveVo{id=17, leaveName='test leave4', startDate=null, endDate=null, noOfDays=3, comments='test comments', approverComments='approverComments asdfas', createdBy='sravan', createDate=null, modifiedBy='Ravi', modifiedDate=null, employeeId=0}
2020-08-21 14:16:34,557 DEBUG com.laminatimes.controller.LeavesController [http-nio-8086-exec-3] Leave: LeaveVo{id=18, leaveName='test leave4', startDate=null, endDate=null, noOfDays=3, comments='test comments', approverComments='approverComments asdfas', createdBy='sravan', createDate=null, modifiedBy='Ravi', modifiedDate=null, employeeId=0}
2020-08-21 14:16:34,557 DEBUG com.laminatimes.controller.LeavesController [http-nio-8086-exec-3] Leave: LeaveVo{id=18, leaveName='test leave4', startDate=null, endDate=null, noOfDays=3, comments='test comments', approverComments='approverComments asdfas', createdBy='sravan', createDate=null, modifiedBy='Ravi', modifiedDate=null, employeeId=0}
2020-08-21 14:16:34,557 DEBUG com.laminatimes.controller.LeavesController [http-nio-8086-exec-3] Leave: LeaveVo{id=18, leaveName='test leave4', startDate=null, endDate=null, noOfDays=3, comments='test comments', approverComments='approverComments asdfas', createdBy='sravan', createDate=null, modifiedBy='Ravi', modifiedDate=null, employeeId=0}
2020-08-21 14:16:34,557 DEBUG com.laminatimes.controller.LeavesController [http-nio-8086-exec-3] Leave: LeaveVo{id=18, leaveName='test leave4', startDate=null, endDate=null, noOfDays=3, comments='test comments', approverComments='approverComments asdfas', createdBy='sravan', createDate=null, modifiedBy='Ravi', modifiedDate=null, employeeId=0}
2020-08-21 14:16:34,557 DEBUG com.laminatimes.controller.LeavesController [http-nio-8086-exec-3] Leave: LeaveVo{id=18, leaveName='test leave4', startDate=null, endDate=null, noOfDays=3, comments='test comments', approverComments='approverComments asdfas', createdBy='sravan', createDate=null, modifiedBy='Ravi', modifiedDate=null, employeeId=0}
2020-08-21 14:16:34,557 DEBUG com.laminatimes.controller.LeavesController [http-nio-8086-exec-3] Leave: LeaveVo{id=18, leaveName='test leave4', startDate=null, endDate=null, noOfDays=3, comments='test comments', approverComments='approverComments asdfas', createdBy='sravan', createDate=null, modifiedBy='Ravi', modifiedDate=null, employeeId=0}
2020-08-21 14:16:34,558 DEBUG com.laminatimes.controller.LeavesController [http-nio-8086-exec-3] Leave: LeaveVo{id=18, leaveName='test leave4', startDate=null, endDate=null, noOfDays=3, comments='test comments', approverComments='approverComments asdfas', createdBy='sravan', createDate=null, modifiedBy='Ravi', modifiedDate=null, employeeId=0}
2020-08-21 14:16:34,558 DEBUG com.laminatimes.controller.LeavesController [http-nio-8086-exec-3] Leave: LeaveVo{id=18, leaveName='test leave4', startDate=null, endDate=null, noOfDays=3, comments='test comments', approverComments='approverComments asdfas', createdBy='sravan', createDate=null, modifiedBy='Ravi', modifiedDate=null, employeeId=0}
2020-08-21 14:16:34,558 DEBUG com.laminatimes.controller.LeavesController [http-nio-8086-exec-3] Leave: LeaveVo{id=18, leaveName='test leave4', startDate=null, endDate=null, noOfDays=3, comments='test comments', approverComments='approverComments asdfas', createdBy='sravan', createDate=null, modifiedBy='Ravi', modifiedDate=null, employeeId=0}
