2020-08-21 14:15:23,414 INFO org.apache.catalina.core.StandardService [restartedMain] Starting service [Tomcat]
2020-08-21 14:15:23,420 INFO org.apache.catalina.core.StandardEngine [restartedMain] Starting Servlet engine: [Apache Tomcat/9.0.35]
2020-08-21 14:15:23,749 INFO org.apache.catalina.core.ContainerBase.[Tomcat].[localhost].[/] [restartedMain] Initializing Spring embedded WebApplicationContext
2020-08-21 14:15:23,750 INFO org.springframework.web.context.ContextLoader [restartedMain] Root WebApplicationContext: initialization completed in 4979 ms
2020-08-21 14:15:23,930 DEBUG com.zaxxer.hikari.HikariConfig [restartedMain] Driver class org.h2.Driver found in Thread context class loader TomcatEmbeddedWebappClassLoader
  context: ROOT
  delegate: true
----------> Parent Classloader:
org.springframework.boot.devtools.restart.classloader.RestartClassLoader@4a6ade26

2020-08-21 14:15:24,052 DEBUG com.zaxxer.hikari.HikariConfig [restartedMain] HikariPool-1 - configuration:
2020-08-21 14:15:24,058 DEBUG com.zaxxer.hikari.HikariConfig [restartedMain] allowPoolSuspension.............false
2020-08-21 14:15:24,059 DEBUG com.zaxxer.hikari.HikariConfig [restartedMain] autoCommit......................true
2020-08-21 14:15:24,060 DEBUG com.zaxxer.hikari.HikariConfig [restartedMain] catalog.........................none
2020-08-21 14:15:24,060 DEBUG com.zaxxer.hikari.HikariConfig [restartedMain] connectionInitSql...............none
2020-08-21 14:15:24,060 DEBUG com.zaxxer.hikari.HikariConfig [restartedMain] connectionTestQuery.............none
2020-08-21 14:15:24,061 DEBUG com.zaxxer.hikari.HikariConfig [restartedMain] connectionTimeout...............30000
2020-08-21 14:15:24,061 DEBUG com.zaxxer.hikari.HikariConfig [restartedMain] dataSource......................none
2020-08-21 14:15:24,061 DEBUG com.zaxxer.hikari.HikariConfig [restartedMain] dataSourceClassName.............none
2020-08-21 14:15:24,061 DEBUG com.zaxxer.hikari.HikariConfig [restartedMain] dataSourceJNDI..................none
2020-08-21 14:15:24,063 DEBUG com.zaxxer.hikari.HikariConfig [restartedMain] dataSourceProperties............{password=<masked>}
2020-08-21 14:15:24,063 DEBUG com.zaxxer.hikari.HikariConfig [restartedMain] driverClassName................."org.h2.Driver"
2020-08-21 14:15:24,063 DEBUG com.zaxxer.hikari.HikariConfig [restartedMain] exceptionOverrideClassName......none
2020-08-21 14:15:24,064 DEBUG com.zaxxer.hikari.HikariConfig [restartedMain] healthCheckProperties...........{}
2020-08-21 14:15:24,064 DEBUG com.zaxxer.hikari.HikariConfig [restartedMain] healthCheckRegistry.............none
2020-08-21 14:15:24,064 DEBUG com.zaxxer.hikari.HikariConfig [restartedMain] idleTimeout.....................600000
2020-08-21 14:15:24,064 DEBUG com.zaxxer.hikari.HikariConfig [restartedMain] initializationFailTimeout.......1
2020-08-21 14:15:24,065 DEBUG com.zaxxer.hikari.HikariConfig [restartedMain] isolateInternalQueries..........false
2020-08-21 14:15:24,065 DEBUG com.zaxxer.hikari.HikariConfig [restartedMain] jdbcUrl.........................jdbc:h2:mem:test
2020-08-21 14:15:24,065 DEBUG com.zaxxer.hikari.HikariConfig [restartedMain] leakDetectionThreshold..........0
2020-08-21 14:15:24,065 DEBUG com.zaxxer.hikari.HikariConfig [restartedMain] maxLifetime.....................1800000
2020-08-21 14:15:24,066 DEBUG com.zaxxer.hikari.HikariConfig [restartedMain] maximumPoolSize.................10
2020-08-21 14:15:24,066 DEBUG com.zaxxer.hikari.HikariConfig [restartedMain] metricRegistry..................none
2020-08-21 14:15:24,066 DEBUG com.zaxxer.hikari.HikariConfig [restartedMain] metricsTrackerFactory...........none
2020-08-21 14:15:24,066 DEBUG com.zaxxer.hikari.HikariConfig [restartedMain] minimumIdle.....................10
2020-08-21 14:15:24,066 DEBUG com.zaxxer.hikari.HikariConfig [restartedMain] password........................<masked>
2020-08-21 14:15:24,067 DEBUG com.zaxxer.hikari.HikariConfig [restartedMain] poolName........................"HikariPool-1"
2020-08-21 14:15:24,067 DEBUG com.zaxxer.hikari.HikariConfig [restartedMain] readOnly........................false
2020-08-21 14:15:24,068 DEBUG com.zaxxer.hikari.HikariConfig [restartedMain] registerMbeans..................false
2020-08-21 14:15:24,068 DEBUG com.zaxxer.hikari.HikariConfig [restartedMain] scheduledExecutor...............none
2020-08-21 14:15:24,068 DEBUG com.zaxxer.hikari.HikariConfig [restartedMain] schema..........................none
2020-08-21 14:15:24,068 DEBUG com.zaxxer.hikari.HikariConfig [restartedMain] threadFactory...................internal
2020-08-21 14:15:24,069 DEBUG com.zaxxer.hikari.HikariConfig [restartedMain] transactionIsolation............default
2020-08-21 14:15:24,069 DEBUG com.zaxxer.hikari.HikariConfig [restartedMain] username........................"sa"
2020-08-21 14:15:24,069 DEBUG com.zaxxer.hikari.HikariConfig [restartedMain] validationTimeout...............5000
2020-08-21 14:15:24,069 INFO com.zaxxer.hikari.HikariDataSource [restartedMain] HikariPool-1 - Starting...
2020-08-21 14:15:24,657 DEBUG com.zaxxer.hikari.pool.HikariPool [restartedMain] HikariPool-1 - Added connection conn0: url=jdbc:h2:mem:test user=SA
2020-08-21 14:15:24,661 INFO com.zaxxer.hikari.HikariDataSource [restartedMain] HikariPool-1 - Start completed.
2020-08-21 14:15:24,762 DEBUG com.zaxxer.hikari.pool.HikariPool [HikariPool-1 housekeeper] HikariPool-1 - Pool stats (total=1, active=0, idle=1, waiting=0)
2020-08-21 14:15:24,772 DEBUG com.zaxxer.hikari.pool.HikariPool [HikariPool-1 connection adder] HikariPool-1 - Added connection conn1: url=jdbc:h2:mem:test user=SA
2020-08-21 14:15:24,774 DEBUG com.zaxxer.hikari.pool.HikariPool [HikariPool-1 connection adder] HikariPool-1 - Added connection conn2: url=jdbc:h2:mem:test user=SA
2020-08-21 14:15:24,775 DEBUG com.zaxxer.hikari.pool.HikariPool [HikariPool-1 connection adder] HikariPool-1 - Added connection conn3: url=jdbc:h2:mem:test user=SA
2020-08-21 14:15:24,780 DEBUG com.zaxxer.hikari.pool.HikariPool [HikariPool-1 connection adder] HikariPool-1 - Added connection conn4: url=jdbc:h2:mem:test user=SA
2020-08-21 14:15:24,783 DEBUG com.zaxxer.hikari.pool.HikariPool [HikariPool-1 connection adder] HikariPool-1 - Added connection conn5: url=jdbc:h2:mem:test user=SA
2020-08-21 14:15:24,784 DEBUG com.zaxxer.hikari.pool.HikariPool [HikariPool-1 connection adder] HikariPool-1 - Added connection conn6: url=jdbc:h2:mem:test user=SA
2020-08-21 14:15:24,785 DEBUG com.zaxxer.hikari.pool.HikariPool [HikariPool-1 connection adder] HikariPool-1 - Added connection conn7: url=jdbc:h2:mem:test user=SA
2020-08-21 14:15:24,786 DEBUG com.zaxxer.hikari.pool.HikariPool [HikariPool-1 connection adder] HikariPool-1 - Added connection conn8: url=jdbc:h2:mem:test user=SA
2020-08-21 14:15:24,789 DEBUG com.zaxxer.hikari.pool.HikariPool [HikariPool-1 connection adder] HikariPool-1 - Added connection conn9: url=jdbc:h2:mem:test user=SA
2020-08-21 14:15:24,791 DEBUG com.zaxxer.hikari.pool.HikariPool [HikariPool-1 connection adder] HikariPool-1 - After adding stats (total=10, active=0, idle=10, waiting=0)
2020-08-21 14:15:33,206 WARN com.netflix.config.sources.URLConfigurationSource [restartedMain] No URLs will be polled as dynamic configuration sources.
2020-08-21 14:15:33,206 INFO com.netflix.config.sources.URLConfigurationSource [restartedMain] To enable URLs as dynamic configuration sources, define System property archaius.configurationSource.additionalUrls or make config.properties available on classpath.
2020-08-21 14:15:33,224 WARN com.netflix.config.sources.URLConfigurationSource [restartedMain] No URLs will be polled as dynamic configuration sources.
2020-08-21 14:15:33,224 INFO com.netflix.config.sources.URLConfigurationSource [restartedMain] To enable URLs as dynamic configuration sources, define System property archaius.configurationSource.additionalUrls or make config.properties available on classpath.
2020-08-21 14:15:34,919 INFO com.netflix.discovery.DiscoveryClient [restartedMain] Initializing Eureka in region us-east-1
2020-08-21 14:15:35,344 INFO com.netflix.discovery.provider.DiscoveryJerseyProvider [restartedMain] Using JSON encoding codec LegacyJacksonJson
2020-08-21 14:15:35,344 INFO com.netflix.discovery.provider.DiscoveryJerseyProvider [restartedMain] Using JSON decoding codec LegacyJacksonJson
2020-08-21 14:15:35,707 INFO com.netflix.discovery.provider.DiscoveryJerseyProvider [restartedMain] Using XML encoding codec XStreamXml
2020-08-21 14:15:35,708 INFO com.netflix.discovery.provider.DiscoveryJerseyProvider [restartedMain] Using XML decoding codec XStreamXml
2020-08-21 14:15:35,779 INFO com.sun.jersey.spi.service.ServiceFinder [restartedMain] Running in a non-OSGi environment
2020-08-21 14:15:35,792 INFO com.sun.jersey.core.spi.component.ProviderServices [restartedMain] Searching for providers that implement: interface com.sun.jersey.client.proxy.ViewProxyProvider
2020-08-21 14:15:35,798 INFO com.sun.jersey.core.spi.component.ProviderServices [restartedMain] Searching for providers that implement: interface com.sun.jersey.spi.inject.InjectableProvider
2020-08-21 14:15:35,804 INFO com.sun.jersey.core.spi.component.ProviderServices [restartedMain]     Provider found: class com.sun.jersey.core.impl.provider.xml.SAXParserContextProvider
2020-08-21 14:15:35,805 INFO com.sun.jersey.core.spi.component.ProviderServices [restartedMain]     Provider found: class com.sun.jersey.core.impl.provider.xml.XMLStreamReaderContextProvider
2020-08-21 14:15:35,805 INFO com.sun.jersey.core.spi.component.ProviderServices [restartedMain]     Provider found: class com.sun.jersey.core.impl.provider.xml.DocumentBuilderFactoryProvider
2020-08-21 14:15:35,805 INFO com.sun.jersey.core.spi.component.ProviderServices [restartedMain]     Provider found: class com.sun.jersey.core.impl.provider.xml.TransformerFactoryProvider
2020-08-21 14:15:35,904 INFO com.sun.jersey.core.spi.component.ProviderServices [restartedMain] Searching for providers that implement: interface javax.ws.rs.ext.MessageBodyReader
2020-08-21 14:15:35,937 INFO com.sun.jersey.core.spi.component.ProviderServices [restartedMain]     Provider found: class com.sun.jersey.core.impl.provider.entity.StringProvider
2020-08-21 14:15:35,937 INFO com.sun.jersey.core.spi.component.ProviderServices [restartedMain]     Provider found: class com.sun.jersey.core.impl.provider.entity.ByteArrayProvider
2020-08-21 14:15:35,937 INFO com.sun.jersey.core.spi.component.ProviderServices [restartedMain]     Provider found: class com.sun.jersey.core.impl.provider.entity.FileProvider
2020-08-21 14:15:35,938 INFO com.sun.jersey.core.spi.component.ProviderServices [restartedMain]     Provider found: class com.sun.jersey.core.impl.provider.entity.InputStreamProvider
2020-08-21 14:15:35,938 INFO com.sun.jersey.core.spi.component.ProviderServices [restartedMain]     Provider found: class com.sun.jersey.core.impl.provider.entity.DataSourceProvider
2020-08-21 14:15:35,938 INFO com.sun.jersey.core.spi.component.ProviderServices [restartedMain]     Provider found: class com.sun.jersey.core.impl.provider.entity.RenderedImageProvider
2020-08-21 14:15:35,938 INFO com.sun.jersey.core.spi.component.ProviderServices [restartedMain]     Provider found: class com.sun.jersey.core.impl.provider.entity.MimeMultipartProvider
2020-08-21 14:15:35,939 INFO com.sun.jersey.core.spi.component.ProviderServices [restartedMain]     Provider found: class com.sun.jersey.core.impl.provider.entity.FormProvider
2020-08-21 14:15:35,939 INFO com.sun.jersey.core.spi.component.ProviderServices [restartedMain]     Provider found: class com.sun.jersey.core.impl.provider.entity.FormMultivaluedMapProvider
2020-08-21 14:15:35,939 INFO com.sun.jersey.core.spi.component.ProviderServices [restartedMain]     Provider found: class com.sun.jersey.core.impl.provider.entity.XMLRootElementProvider$App
2020-08-21 14:15:35,939 INFO com.sun.jersey.core.spi.component.ProviderServices [restartedMain]     Provider found: class com.sun.jersey.core.impl.provider.entity.XMLRootElementProvider$Text
2020-08-21 14:15:35,940 INFO com.sun.jersey.core.spi.component.ProviderServices [restartedMain]     Provider found: class com.sun.jersey.core.impl.provider.entity.XMLRootElementProvider$General
2020-08-21 14:15:35,940 INFO com.sun.jersey.core.spi.component.ProviderServices [restartedMain]     Provider found: class com.sun.jersey.core.impl.provider.entity.XMLJAXBElementProvider$App
2020-08-21 14:15:35,940 INFO com.sun.jersey.core.spi.component.ProviderServices [restartedMain]     Provider found: class com.sun.jersey.core.impl.provider.entity.XMLJAXBElementProvider$Text
2020-08-21 14:15:35,941 INFO com.sun.jersey.core.spi.component.ProviderServices [restartedMain]     Provider found: class com.sun.jersey.core.impl.provider.entity.XMLJAXBElementProvider$General
2020-08-21 14:15:35,942 INFO com.sun.jersey.core.spi.component.ProviderServices [restartedMain]     Provider found: class com.sun.jersey.core.impl.provider.entity.XMLListElementProvider$App
2020-08-21 14:15:35,943 INFO com.sun.jersey.core.spi.component.ProviderServices [restartedMain]     Provider found: class com.sun.jersey.core.impl.provider.entity.XMLListElementProvider$Text
2020-08-21 14:15:35,943 INFO com.sun.jersey.core.spi.component.ProviderServices [restartedMain]     Provider found: class com.sun.jersey.core.impl.provider.entity.XMLListElementProvider$General
2020-08-21 14:15:35,943 INFO com.sun.jersey.core.spi.component.ProviderServices [restartedMain]     Provider found: class com.sun.jersey.core.impl.provider.entity.ReaderProvider
2020-08-21 14:15:35,943 INFO com.sun.jersey.core.spi.component.ProviderServices [restartedMain]     Provider found: class com.sun.jersey.core.impl.provider.entity.DocumentProvider
2020-08-21 14:15:35,944 INFO com.sun.jersey.core.spi.component.ProviderServices [restartedMain]     Provider found: class com.sun.jersey.core.impl.provider.entity.SourceProvider$StreamSourceReader
2020-08-21 14:15:35,944 INFO com.sun.jersey.core.spi.component.ProviderServices [restartedMain]     Provider found: class com.sun.jersey.core.impl.provider.entity.SourceProvider$SAXSourceReader
2020-08-21 14:15:35,945 INFO com.sun.jersey.core.spi.component.ProviderServices [restartedMain]     Provider found: class com.sun.jersey.core.impl.provider.entity.SourceProvider$DOMSourceReader
2020-08-21 14:15:35,945 INFO com.sun.jersey.core.spi.component.ProviderServices [restartedMain]     Provider found: class com.sun.jersey.core.impl.provider.entity.XMLRootObjectProvider$App
2020-08-21 14:15:35,945 INFO com.sun.jersey.core.spi.component.ProviderServices [restartedMain]     Provider found: class com.sun.jersey.core.impl.provider.entity.XMLRootObjectProvider$Text
2020-08-21 14:15:35,945 INFO com.sun.jersey.core.spi.component.ProviderServices [restartedMain]     Provider found: class com.sun.jersey.core.impl.provider.entity.XMLRootObjectProvider$General
2020-08-21 14:15:35,945 INFO com.sun.jersey.core.spi.component.ProviderServices [restartedMain]     Provider found: class com.sun.jersey.core.impl.provider.entity.EntityHolderReader
2020-08-21 14:15:35,985 INFO com.sun.jersey.core.spi.component.ProviderFactory [restartedMain] A dependent class, javax/mail/MessagingException, of the component class com.sun.jersey.core.impl.provider.entity.MimeMultipartProvider is not found. The component is ignored.
2020-08-21 14:15:36,117 INFO com.sun.jersey.core.spi.component.ProviderServices [restartedMain] Searching for providers that implement: interface javax.ws.rs.ext.MessageBodyWriter
2020-08-21 14:15:36,121 INFO com.sun.jersey.core.spi.component.ProviderServices [restartedMain]     Provider found: class com.sun.jersey.core.impl.provider.entity.StringProvider
2020-08-21 14:15:36,121 INFO com.sun.jersey.core.spi.component.ProviderServices [restartedMain]     Provider found: class com.sun.jersey.core.impl.provider.entity.ByteArrayProvider
2020-08-21 14:15:36,121 INFO com.sun.jersey.core.spi.component.ProviderServices [restartedMain]     Provider found: class com.sun.jersey.core.impl.provider.entity.FileProvider
2020-08-21 14:15:36,122 INFO com.sun.jersey.core.spi.component.ProviderServices [restartedMain]     Provider found: class com.sun.jersey.core.impl.provider.entity.InputStreamProvider
2020-08-21 14:15:36,122 INFO com.sun.jersey.core.spi.component.ProviderServices [restartedMain]     Provider found: class com.sun.jersey.core.impl.provider.entity.DataSourceProvider
2020-08-21 14:15:36,122 INFO com.sun.jersey.core.spi.component.ProviderServices [restartedMain]     Provider found: class com.sun.jersey.core.impl.provider.entity.RenderedImageProvider
2020-08-21 14:15:36,122 INFO com.sun.jersey.core.spi.component.ProviderServices [restartedMain]     Provider found: class com.sun.jersey.core.impl.provider.entity.MimeMultipartProvider
2020-08-21 14:15:36,122 INFO com.sun.jersey.core.spi.component.ProviderServices [restartedMain]     Provider found: class com.sun.jersey.core.impl.provider.entity.FormProvider
2020-08-21 14:15:36,122 INFO com.sun.jersey.core.spi.component.ProviderServices [restartedMain]     Provider found: class com.sun.jersey.core.impl.provider.entity.FormMultivaluedMapProvider
2020-08-21 14:15:36,123 INFO com.sun.jersey.core.spi.component.ProviderServices [restartedMain]     Provider found: class com.sun.jersey.core.impl.provider.entity.XMLRootElementProvider$App
2020-08-21 14:15:36,123 INFO com.sun.jersey.core.spi.component.ProviderServices [restartedMain]     Provider found: class com.sun.jersey.core.impl.provider.entity.XMLRootElementProvider$Text
2020-08-21 14:15:36,123 INFO com.sun.jersey.core.spi.component.ProviderServices [restartedMain]     Provider found: class com.sun.jersey.core.impl.provider.entity.XMLRootElementProvider$General
2020-08-21 14:15:36,123 INFO com.sun.jersey.core.spi.component.ProviderServices [restartedMain]     Provider found: class com.sun.jersey.core.impl.provider.entity.XMLJAXBElementProvider$App
2020-08-21 14:15:36,123 INFO com.sun.jersey.core.spi.component.ProviderServices [restartedMain]     Provider found: class com.sun.jersey.core.impl.provider.entity.XMLJAXBElementProvider$Text
2020-08-21 14:15:36,123 INFO com.sun.jersey.core.spi.component.ProviderServices [restartedMain]     Provider found: class com.sun.jersey.core.impl.provider.entity.XMLJAXBElementProvider$General
2020-08-21 14:15:36,123 INFO com.sun.jersey.core.spi.component.ProviderServices [restartedMain]     Provider found: class com.sun.jersey.core.impl.provider.entity.XMLListElementProvider$App
2020-08-21 14:15:36,123 INFO com.sun.jersey.core.spi.component.ProviderServices [restartedMain]     Provider found: class com.sun.jersey.core.impl.provider.entity.XMLListElementProvider$Text
2020-08-21 14:15:36,124 INFO com.sun.jersey.core.spi.component.ProviderServices [restartedMain]     Provider found: class com.sun.jersey.core.impl.provider.entity.XMLListElementProvider$General
2020-08-21 14:15:36,124 INFO com.sun.jersey.core.spi.component.ProviderServices [restartedMain]     Provider found: class com.sun.jersey.core.impl.provider.entity.ReaderProvider
2020-08-21 14:15:36,124 INFO com.sun.jersey.core.spi.component.ProviderServices [restartedMain]     Provider found: class com.sun.jersey.core.impl.provider.entity.DocumentProvider
2020-08-21 14:15:36,124 INFO com.sun.jersey.core.spi.component.ProviderServices [restartedMain]     Provider found: class com.sun.jersey.core.impl.provider.entity.StreamingOutputProvider
2020-08-21 14:15:36,124 INFO com.sun.jersey.core.spi.component.ProviderServices [restartedMain]     Provider found: class com.sun.jersey.core.impl.provider.entity.SourceProvider$SourceWriter
2020-08-21 14:15:36,125 INFO com.sun.jersey.core.spi.component.ProviderFactory [restartedMain] A dependent class, javax/mail/MessagingException, of the component class com.sun.jersey.core.impl.provider.entity.MimeMultipartProvider is not found. The component is ignored.
2020-08-21 14:15:36,246 INFO com.netflix.discovery.shared.resolver.aws.ConfigClusterResolver [restartedMain] Resolving eureka endpoints via configuration
2020-08-21 14:15:36,249 DEBUG com.netflix.discovery.endpoint.EndpointUtils [restartedMain] The availability zone for the given region us-east-1 are [defaultZone]
2020-08-21 14:15:36,252 DEBUG com.netflix.discovery.shared.resolver.aws.ConfigClusterResolver [restartedMain] Config resolved to [AwsEndpoint{ serviceUrl='http://localhost:8761/eureka/', region='us-east-1', zone='defaultZone'}]
2020-08-21 14:15:36,259 DEBUG com.netflix.discovery.shared.resolver.aws.ZoneAffinityClusterResolver [restartedMain] Local zone=defaultZone; resolved to: [AwsEndpoint{ serviceUrl='http://localhost:8761/eureka/', region='us-east-1', zone='defaultZone'}]
2020-08-21 14:15:36,305 INFO com.netflix.discovery.DiscoveryClient [restartedMain] Disable delta property : false
2020-08-21 14:15:36,305 INFO com.netflix.discovery.DiscoveryClient [restartedMain] Single vip registry refresh property : null
2020-08-21 14:15:36,305 INFO com.netflix.discovery.DiscoveryClient [restartedMain] Force full registry fetch : false
2020-08-21 14:15:36,305 INFO com.netflix.discovery.DiscoveryClient [restartedMain] Application is null : false
2020-08-21 14:15:36,305 INFO com.netflix.discovery.DiscoveryClient [restartedMain] Registered Applications size is zero : true
2020-08-21 14:15:36,305 INFO com.netflix.discovery.DiscoveryClient [restartedMain] Application version is -1: true
2020-08-21 14:15:36,306 INFO com.netflix.discovery.DiscoveryClient [restartedMain] Getting all instance registry info from the eureka server
2020-08-21 14:15:36,306 DEBUG com.netflix.discovery.shared.transport.decorator.SessionedEurekaHttpClient [restartedMain] Ending a session and starting anew
2020-08-21 14:15:36,311 DEBUG com.netflix.discovery.shared.transport.jersey.AbstractJerseyEurekaHttpClient [restartedMain] Created client for url: http://localhost:8761/eureka/
2020-08-21 14:15:36,422 DEBUG com.netflix.discovery.shared.MonitoredConnectionManager [restartedMain] Get connection: {}->http://localhost:8761, timeout = 5000
2020-08-21 14:15:36,424 DEBUG com.netflix.discovery.shared.NamedConnectionPool [restartedMain] [{}->http://localhost:8761] total kept alive: 0, total issued: 0, total allocated: 0 out of 200
2020-08-21 14:15:36,424 DEBUG com.netflix.discovery.shared.NamedConnectionPool [restartedMain] No free connections [{}->http://localhost:8761][null]
2020-08-21 14:15:36,424 DEBUG com.netflix.discovery.shared.NamedConnectionPool [restartedMain] Available capacity: 50 out of 50 [{}->http://localhost:8761][null]
2020-08-21 14:15:36,424 DEBUG com.netflix.discovery.shared.NamedConnectionPool [restartedMain] Creating new connection [{}->http://localhost:8761]
2020-08-21 14:15:36,539 DEBUG com.netflix.discovery.shared.MonitoredConnectionManager [restartedMain] Released connection is reusable.
2020-08-21 14:15:36,540 DEBUG com.netflix.discovery.shared.NamedConnectionPool [restartedMain] Releasing connection [{}->http://localhost:8761][null]
2020-08-21 14:15:36,540 DEBUG com.netflix.discovery.shared.NamedConnectionPool [restartedMain] Pooling connection [{}->http://localhost:8761][null]; keep alive for 60000 MILLISECONDS
2020-08-21 14:15:36,540 DEBUG com.netflix.discovery.shared.NamedConnectionPool [restartedMain] Notifying no-one, there are no waiting threads
2020-08-21 14:15:36,543 DEBUG com.netflix.discovery.shared.transport.jersey.AbstractJerseyEurekaHttpClient [restartedMain] Jersey HTTP GET http://localhost:8761/eureka//apps/?; statusCode=200
2020-08-21 14:15:36,543 DEBUG com.netflix.discovery.shared.transport.decorator.RedirectingEurekaHttpClient [restartedMain] Pinning to endpoint null
2020-08-21 14:15:36,543 INFO com.netflix.discovery.DiscoveryClient [restartedMain] The response status is 200
2020-08-21 14:15:36,544 ERROR com.netflix.discovery.DiscoveryClient [restartedMain] The application is null for some reason. Not storing this information
2020-08-21 14:15:36,544 DEBUG com.netflix.discovery.DiscoveryClient [restartedMain] The total number of all instances in the client now is 0
2020-08-21 14:15:36,547 INFO com.netflix.discovery.DiscoveryClient [restartedMain] Starting heartbeat executor: renew interval is: 30
2020-08-21 14:15:36,554 INFO com.netflix.discovery.InstanceInfoReplicator [restartedMain] InstanceInfoReplicator onDemand update allowed rate per min is 4
2020-08-21 14:15:36,565 INFO com.netflix.discovery.DiscoveryClient [restartedMain] Discovery Client initialized at timestamp 1598012136561 with initial instances count: 0
2020-08-21 14:15:36,576 INFO com.netflix.discovery.DiscoveryClient [restartedMain] Saw local status change event StatusChangeEvent [timestamp=1598012136576, current=UP, previous=STARTING]
2020-08-21 14:15:36,577 DEBUG com.netflix.discovery.InstanceInfoReplicator [DiscoveryClient-InstanceInfoReplicator-0] Executing on-demand update of local InstanceInfo
2020-08-21 14:15:36,577 DEBUG com.netflix.discovery.InstanceInfoReplicator [DiscoveryClient-InstanceInfoReplicator-0] Canceling the latest scheduled update, it will be rescheduled at the end of on demand update
2020-08-21 14:15:36,581 INFO com.netflix.discovery.DiscoveryClient [DiscoveryClient-InstanceInfoReplicator-0] DiscoveryClient_LEAVES/ravis-mbp.fritz.box:leaves:8086: registering service...
2020-08-21 14:15:36,582 DEBUG com.netflix.discovery.shared.transport.decorator.SessionedEurekaHttpClient [DiscoveryClient-InstanceInfoReplicator-0] Ending a session and starting anew
2020-08-21 14:15:36,584 DEBUG com.netflix.discovery.shared.transport.jersey.AbstractJerseyEurekaHttpClient [DiscoveryClient-InstanceInfoReplicator-0] Created client for url: http://localhost:8761/eureka/
2020-08-21 14:15:36,593 DEBUG com.netflix.discovery.shared.MonitoredConnectionManager [DiscoveryClient-InstanceInfoReplicator-0] Get connection: {}->http://localhost:8761, timeout = 5000
2020-08-21 14:15:36,593 DEBUG com.netflix.discovery.shared.NamedConnectionPool [DiscoveryClient-InstanceInfoReplicator-0] [{}->http://localhost:8761] total kept alive: 1, total issued: 0, total allocated: 1 out of 200
2020-08-21 14:15:36,593 DEBUG com.netflix.discovery.shared.NamedConnectionPool [DiscoveryClient-InstanceInfoReplicator-0] Getting free connection [{}->http://localhost:8761][null]
2020-08-21 14:15:36,672 DEBUG com.netflix.discovery.shared.MonitoredConnectionManager [DiscoveryClient-InstanceInfoReplicator-0] Released connection is reusable.
2020-08-21 14:15:36,673 DEBUG com.netflix.discovery.shared.NamedConnectionPool [DiscoveryClient-InstanceInfoReplicator-0] Releasing connection [{}->http://localhost:8761][null]
2020-08-21 14:15:36,673 DEBUG com.netflix.discovery.shared.NamedConnectionPool [DiscoveryClient-InstanceInfoReplicator-0] Pooling connection [{}->http://localhost:8761][null]; keep alive for 60000 MILLISECONDS
2020-08-21 14:15:36,673 DEBUG com.netflix.discovery.shared.NamedConnectionPool [DiscoveryClient-InstanceInfoReplicator-0] Notifying no-one, there are no waiting threads
2020-08-21 14:15:36,674 DEBUG com.netflix.discovery.shared.transport.jersey.AbstractJerseyEurekaHttpClient [DiscoveryClient-InstanceInfoReplicator-0] Jersey HTTP POST http://localhost:8761/eureka//apps/LEAVES with instance ravis-mbp.fritz.box:leaves:8086; statusCode=204
2020-08-21 14:15:36,674 DEBUG com.netflix.discovery.shared.transport.decorator.RedirectingEurekaHttpClient [DiscoveryClient-InstanceInfoReplicator-0] Pinning to endpoint null
2020-08-21 14:15:36,674 INFO com.netflix.discovery.DiscoveryClient [DiscoveryClient-InstanceInfoReplicator-0] DiscoveryClient_LEAVES/ravis-mbp.fritz.box:leaves:8086 - registration status: 204
2020-08-21 14:15:36,720 INFO com.laminatimes.leaves.LeavesApplication [restartedMain] Started LeavesApplication in 22.404 seconds (JVM running for 23.983)
2020-08-21 14:15:48,360 INFO org.apache.catalina.core.ContainerBase.[Tomcat].[localhost].[/] [http-nio-8086-exec-2] Initializing Spring DispatcherServlet 'dispatcherServlet'
2020-08-21 14:15:48,360 INFO org.springframework.web.servlet.DispatcherServlet [http-nio-8086-exec-2] Initializing Servlet 'dispatcherServlet'
2020-08-21 14:15:48,385 INFO org.springframework.web.servlet.DispatcherServlet [http-nio-8086-exec-2] Completed initialization in 24 ms
2020-08-21 14:15:48,504 INFO com.laminatimes.controller.LeavesController [http-nio-8086-exec-2] applicationName: leaves 
2020-08-21 14:15:48,505 INFO com.laminatimes.controller.LeavesController [http-nio-8086-exec-2] defaultValue:productionspring.env.prod 
2020-08-21 14:15:48,505 INFO com.laminatimes.controller.LeavesController [http-nio-8086-exec-2] staticValue: This is static value
2020-08-21 14:15:48,505 INFO com.laminatimes.controller.LeavesController [http-nio-8086-exec-2] dbValues: null
2020-08-21 14:15:48,506 INFO com.laminatimes.controller.LeavesController [http-nio-8086-exec-2] DBDetails{url='jdbc:h2:mem:test', driverClassName='org.h2.Driver', username='sa', password='password'}
2020-08-21 14:15:48,526 DEBUG com.laminatimes.controller.LeavesController [http-nio-8086-exec-2] LeaveVo{id=11, leaveName='test leave4', startDate=null, endDate=null, noOfDays=3, comments='test comments', approverComments='approverComments asdfas', createdBy='sravan', createDate=null, modifiedBy='Ravi', modifiedDate=null, employeeId=8}
2020-08-21 14:15:49,652 INFO com.laminatimes.controller.LeavesController [http-nio-8086-exec-3] applicationName: leaves 
2020-08-21 14:15:49,653 INFO com.laminatimes.controller.LeavesController [http-nio-8086-exec-3] defaultValue:productionspring.env.prod 
2020-08-21 14:15:49,653 INFO com.laminatimes.controller.LeavesController [http-nio-8086-exec-3] staticValue: This is static value
2020-08-21 14:15:49,653 INFO com.laminatimes.controller.LeavesController [http-nio-8086-exec-3] dbValues: null
2020-08-21 14:15:49,654 INFO com.laminatimes.controller.LeavesController [http-nio-8086-exec-3] DBDetails{url='jdbc:h2:mem:test', driverClassName='org.h2.Driver', username='sa', password='password'}
2020-08-21 14:15:49,663 DEBUG com.laminatimes.controller.LeavesController [http-nio-8086-exec-3] LeaveVo{id=12, leaveName='test leave4', startDate=null, endDate=null, noOfDays=3, comments='test comments', approverComments='approverComments asdfas', createdBy='sravan', createDate=null, modifiedBy='Ravi', modifiedDate=null, employeeId=8}
2020-08-21 14:15:50,587 INFO com.laminatimes.controller.LeavesController [http-nio-8086-exec-4] applicationName: leaves 
2020-08-21 14:15:50,587 INFO com.laminatimes.controller.LeavesController [http-nio-8086-exec-4] defaultValue:productionspring.env.prod 
2020-08-21 14:15:50,588 INFO com.laminatimes.controller.LeavesController [http-nio-8086-exec-4] staticValue: This is static value
2020-08-21 14:15:50,588 INFO com.laminatimes.controller.LeavesController [http-nio-8086-exec-4] dbValues: null
2020-08-21 14:15:50,588 INFO com.laminatimes.controller.LeavesController [http-nio-8086-exec-4] DBDetails{url='jdbc:h2:mem:test', driverClassName='org.h2.Driver', username='sa', password='password'}
2020-08-21 14:15:50,593 DEBUG com.laminatimes.controller.LeavesController [http-nio-8086-exec-4] LeaveVo{id=13, leaveName='test leave4', startDate=null, endDate=null, noOfDays=3, comments='test comments', approverComments='approverComments asdfas', createdBy='sravan', createDate=null, modifiedBy='Ravi', modifiedDate=null, employeeId=8}
2020-08-21 14:15:51,428 INFO com.laminatimes.controller.LeavesController [http-nio-8086-exec-5] applicationName: leaves 
2020-08-21 14:15:51,429 INFO com.laminatimes.controller.LeavesController [http-nio-8086-exec-5] defaultValue:productionspring.env.prod 
2020-08-21 14:15:51,429 INFO com.laminatimes.controller.LeavesController [http-nio-8086-exec-5] staticValue: This is static value
2020-08-21 14:15:51,429 INFO com.laminatimes.controller.LeavesController [http-nio-8086-exec-5] dbValues: null
2020-08-21 14:15:51,429 INFO com.laminatimes.controller.LeavesController [http-nio-8086-exec-5] DBDetails{url='jdbc:h2:mem:test', driverClassName='org.h2.Driver', username='sa', password='password'}
2020-08-21 14:15:51,434 DEBUG com.laminatimes.controller.LeavesController [http-nio-8086-exec-5] LeaveVo{id=14, leaveName='test leave4', startDate=null, endDate=null, noOfDays=3, comments='test comments', approverComments='approverComments asdfas', createdBy='sravan', createDate=null, modifiedBy='Ravi', modifiedDate=null, employeeId=8}
2020-08-21 14:15:52,301 INFO com.laminatimes.controller.LeavesController [http-nio-8086-exec-6] applicationName: leaves 
2020-08-21 14:15:52,302 INFO com.laminatimes.controller.LeavesController [http-nio-8086-exec-6] defaultValue:productionspring.env.prod 
2020-08-21 14:15:52,302 INFO com.laminatimes.controller.LeavesController [http-nio-8086-exec-6] staticValue: This is static value
2020-08-21 14:15:52,302 INFO com.laminatimes.controller.LeavesController [http-nio-8086-exec-6] dbValues: null
2020-08-21 14:15:52,302 INFO com.laminatimes.controller.LeavesController [http-nio-8086-exec-6] DBDetails{url='jdbc:h2:mem:test', driverClassName='org.h2.Driver', username='sa', password='password'}
2020-08-21 14:15:52,308 DEBUG com.laminatimes.controller.LeavesController [http-nio-8086-exec-6] LeaveVo{id=15, leaveName='test leave4', startDate=null, endDate=null, noOfDays=3, comments='test comments', approverComments='approverComments asdfas', createdBy='sravan', createDate=null, modifiedBy='Ravi', modifiedDate=null, employeeId=8}
2020-08-21 14:15:53,102 INFO com.laminatimes.controller.LeavesController [http-nio-8086-exec-7] applicationName: leaves 
2020-08-21 14:15:53,103 INFO com.laminatimes.controller.LeavesController [http-nio-8086-exec-7] defaultValue:productionspring.env.prod 
2020-08-21 14:15:53,103 INFO com.laminatimes.controller.LeavesController [http-nio-8086-exec-7] staticValue: This is static value
2020-08-21 14:15:53,104 INFO com.laminatimes.controller.LeavesController [http-nio-8086-exec-7] dbValues: null
2020-08-21 14:15:53,104 INFO com.laminatimes.controller.LeavesController [http-nio-8086-exec-7] DBDetails{url='jdbc:h2:mem:test', driverClassName='org.h2.Driver', username='sa', password='password'}
2020-08-21 14:15:53,112 DEBUG com.laminatimes.controller.LeavesController [http-nio-8086-exec-7] LeaveVo{id=16, leaveName='test leave4', startDate=null, endDate=null, noOfDays=3, comments='test comments', approverComments='approverComments asdfas', createdBy='sravan', createDate=null, modifiedBy='Ravi', modifiedDate=null, employeeId=8}
2020-08-21 14:15:53,852 INFO com.laminatimes.controller.LeavesController [http-nio-8086-exec-8] applicationName: leaves 
2020-08-21 14:15:53,853 INFO com.laminatimes.controller.LeavesController [http-nio-8086-exec-8] defaultValue:productionspring.env.prod 
2020-08-21 14:15:53,853 INFO com.laminatimes.controller.LeavesController [http-nio-8086-exec-8] staticValue: This is static value
2020-08-21 14:15:53,853 INFO com.laminatimes.controller.LeavesController [http-nio-8086-exec-8] dbValues: null
2020-08-21 14:15:53,853 INFO com.laminatimes.controller.LeavesController [http-nio-8086-exec-8] DBDetails{url='jdbc:h2:mem:test', driverClassName='org.h2.Driver', username='sa', password='password'}
2020-08-21 14:15:53,865 DEBUG com.laminatimes.controller.LeavesController [http-nio-8086-exec-8] LeaveVo{id=17, leaveName='test leave4', startDate=null, endDate=null, noOfDays=3, comments='test comments', approverComments='approverComments asdfas', createdBy='sravan', createDate=null, modifiedBy='Ravi', modifiedDate=null, employeeId=8}
2020-08-21 14:15:54,645 INFO com.laminatimes.controller.LeavesController [http-nio-8086-exec-9] applicationName: leaves 
2020-08-21 14:15:54,645 INFO com.laminatimes.controller.LeavesController [http-nio-8086-exec-9] defaultValue:productionspring.env.prod 
2020-08-21 14:15:54,646 INFO com.laminatimes.controller.LeavesController [http-nio-8086-exec-9] staticValue: This is static value
2020-08-21 14:15:54,646 INFO com.laminatimes.controller.LeavesController [http-nio-8086-exec-9] dbValues: null
2020-08-21 14:15:54,646 INFO com.laminatimes.controller.LeavesController [http-nio-8086-exec-9] DBDetails{url='jdbc:h2:mem:test', driverClassName='org.h2.Driver', username='sa', password='password'}
2020-08-21 14:15:54,657 DEBUG com.laminatimes.controller.LeavesController [http-nio-8086-exec-9] LeaveVo{id=18, leaveName='test leave4', startDate=null, endDate=null, noOfDays=3, comments='test comments', approverComments='approverComments asdfas', createdBy='sravan', createDate=null, modifiedBy='Ravi', modifiedDate=null, employeeId=8}
2020-08-21 14:15:54,766 DEBUG com.zaxxer.hikari.pool.HikariPool [HikariPool-1 housekeeper] HikariPool-1 - Pool stats (total=10, active=0, idle=10, waiting=0)
2020-08-21 14:15:54,766 DEBUG com.zaxxer.hikari.pool.HikariPool [HikariPool-1 housekeeper] HikariPool-1 - Fill pool skipped, pool is at sufficient level.
2020-08-21 14:15:55,363 INFO com.laminatimes.controller.LeavesController [http-nio-8086-exec-10] applicationName: leaves 
2020-08-21 14:15:55,363 INFO com.laminatimes.controller.LeavesController [http-nio-8086-exec-10] defaultValue:productionspring.env.prod 
2020-08-21 14:15:55,364 INFO com.laminatimes.controller.LeavesController [http-nio-8086-exec-10] staticValue: This is static value
2020-08-21 14:15:55,364 INFO com.laminatimes.controller.LeavesController [http-nio-8086-exec-10] dbValues: null
2020-08-21 14:15:55,364 INFO com.laminatimes.controller.LeavesController [http-nio-8086-exec-10] DBDetails{url='jdbc:h2:mem:test', driverClassName='org.h2.Driver', username='sa', password='password'}
2020-08-21 14:15:55,369 DEBUG com.laminatimes.controller.LeavesController [http-nio-8086-exec-10] LeaveVo{id=19, leaveName='test leave4', startDate=null, endDate=null, noOfDays=3, comments='test comments', approverComments='approverComments asdfas', createdBy='sravan', createDate=null, modifiedBy='Ravi', modifiedDate=null, employeeId=8}
2020-08-21 14:15:56,056 INFO com.laminatimes.controller.LeavesController [http-nio-8086-exec-1] applicationName: leaves 
2020-08-21 14:15:56,057 INFO com.laminatimes.controller.LeavesController [http-nio-8086-exec-1] defaultValue:productionspring.env.prod 
2020-08-21 14:15:56,057 INFO com.laminatimes.controller.LeavesController [http-nio-8086-exec-1] staticValue: This is static value
2020-08-21 14:15:56,057 INFO com.laminatimes.controller.LeavesController [http-nio-8086-exec-1] dbValues: null
2020-08-21 14:15:56,058 INFO com.laminatimes.controller.LeavesController [http-nio-8086-exec-1] DBDetails{url='jdbc:h2:mem:test', driverClassName='org.h2.Driver', username='sa', password='password'}
2020-08-21 14:15:56,064 DEBUG com.laminatimes.controller.LeavesController [http-nio-8086-exec-1] LeaveVo{id=20, leaveName='test leave4', startDate=null, endDate=null, noOfDays=3, comments='test comments', approverComments='approverComments asdfas', createdBy='sravan', createDate=null, modifiedBy='Ravi', modifiedDate=null, employeeId=8}
2020-08-21 14:15:57,192 INFO com.laminatimes.controller.LeavesController [http-nio-8086-exec-2] applicationName: leaves 
2020-08-21 14:15:57,193 INFO com.laminatimes.controller.LeavesController [http-nio-8086-exec-2] defaultValue:productionspring.env.prod 
2020-08-21 14:15:57,193 INFO com.laminatimes.controller.LeavesController [http-nio-8086-exec-2] staticValue: This is static value
2020-08-21 14:15:57,193 INFO com.laminatimes.controller.LeavesController [http-nio-8086-exec-2] dbValues: null
2020-08-21 14:15:57,193 INFO com.laminatimes.controller.LeavesController [http-nio-8086-exec-2] DBDetails{url='jdbc:h2:mem:test', driverClassName='org.h2.Driver', username='sa', password='password'}
2020-08-21 14:15:57,198 DEBUG com.laminatimes.controller.LeavesController [http-nio-8086-exec-2] LeaveVo{id=21, leaveName='test leave4', startDate=null, endDate=null, noOfDays=3, comments='test comments', approverComments='approverComments asdfas', createdBy='sravan', createDate=null, modifiedBy='Ravi', modifiedDate=null, employeeId=8}
2020-08-21 14:15:57,968 INFO com.laminatimes.controller.LeavesController [http-nio-8086-exec-3] applicationName: leaves 
2020-08-21 14:15:57,968 INFO com.laminatimes.controller.LeavesController [http-nio-8086-exec-3] defaultValue:productionspring.env.prod 
2020-08-21 14:15:57,968 INFO com.laminatimes.controller.LeavesController [http-nio-8086-exec-3] staticValue: This is static value
2020-08-21 14:15:57,968 INFO com.laminatimes.controller.LeavesController [http-nio-8086-exec-3] dbValues: null
2020-08-21 14:15:57,969 INFO com.laminatimes.controller.LeavesController [http-nio-8086-exec-3] DBDetails{url='jdbc:h2:mem:test', driverClassName='org.h2.Driver', username='sa', password='password'}
2020-08-21 14:15:57,973 DEBUG com.laminatimes.controller.LeavesController [http-nio-8086-exec-3] LeaveVo{id=22, leaveName='test leave4', startDate=null, endDate=null, noOfDays=3, comments='test comments', approverComments='approverComments asdfas', createdBy='sravan', createDate=null, modifiedBy='Ravi', modifiedDate=null, employeeId=8}
2020-08-21 14:16:00,096 INFO com.laminatimes.controller.LeavesController [http-nio-8086-exec-4] applicationName: leaves 
2020-08-21 14:16:00,097 INFO com.laminatimes.controller.LeavesController [http-nio-8086-exec-4] defaultValue:productionspring.env.prod 
2020-08-21 14:16:00,097 INFO com.laminatimes.controller.LeavesController [http-nio-8086-exec-4] staticValue: This is static value
2020-08-21 14:16:00,098 INFO com.laminatimes.controller.LeavesController [http-nio-8086-exec-4] dbValues: null
2020-08-21 14:16:00,102 INFO com.laminatimes.controller.LeavesController [http-nio-8086-exec-4] DBDetails{url='jdbc:h2:mem:test', driverClassName='org.h2.Driver', username='sa', password='password'}
2020-08-21 14:16:00,107 DEBUG com.laminatimes.controller.LeavesController [http-nio-8086-exec-4] LeaveVo{id=23, leaveName='test leave4', startDate=null, endDate=null, noOfDays=3, comments='test comments', approverComments='approverComments asdfas', createdBy='sravan', createDate=null, modifiedBy='Ravi', modifiedDate=null, employeeId=8}
2020-08-21 14:16:00,696 INFO com.laminatimes.controller.LeavesController [http-nio-8086-exec-5] applicationName: leaves 
2020-08-21 14:16:00,697 INFO com.laminatimes.controller.LeavesController [http-nio-8086-exec-5] defaultValue:productionspring.env.prod 
2020-08-21 14:16:00,697 INFO com.laminatimes.controller.LeavesController [http-nio-8086-exec-5] staticValue: This is static value
2020-08-21 14:16:00,697 INFO com.laminatimes.controller.LeavesController [http-nio-8086-exec-5] dbValues: null
2020-08-21 14:16:00,698 INFO com.laminatimes.controller.LeavesController [http-nio-8086-exec-5] DBDetails{url='jdbc:h2:mem:test', driverClassName='org.h2.Driver', username='sa', password='password'}
2020-08-21 14:16:00,703 DEBUG com.laminatimes.controller.LeavesController [http-nio-8086-exec-5] LeaveVo{id=24, leaveName='test leave4', startDate=null, endDate=null, noOfDays=3, comments='test comments', approverComments='approverComments asdfas', createdBy='sravan', createDate=null, modifiedBy='Ravi', modifiedDate=null, employeeId=8}
2020-08-21 14:16:01,312 INFO com.laminatimes.controller.LeavesController [http-nio-8086-exec-6] applicationName: leaves 
2020-08-21 14:16:01,312 INFO com.laminatimes.controller.LeavesController [http-nio-8086-exec-6] defaultValue:productionspring.env.prod 
2020-08-21 14:16:01,312 INFO com.laminatimes.controller.LeavesController [http-nio-8086-exec-6] staticValue: This is static value
2020-08-21 14:16:01,312 INFO com.laminatimes.controller.LeavesController [http-nio-8086-exec-6] dbValues: null
2020-08-21 14:16:01,313 INFO com.laminatimes.controller.LeavesController [http-nio-8086-exec-6] DBDetails{url='jdbc:h2:mem:test', driverClassName='org.h2.Driver', username='sa', password='password'}
2020-08-21 14:16:01,318 DEBUG com.laminatimes.controller.LeavesController [http-nio-8086-exec-6] LeaveVo{id=25, leaveName='test leave4', startDate=null, endDate=null, noOfDays=3, comments='test comments', approverComments='approverComments asdfas', createdBy='sravan', createDate=null, modifiedBy='Ravi', modifiedDate=null, employeeId=8}
2020-08-21 14:16:02,057 INFO com.laminatimes.controller.LeavesController [http-nio-8086-exec-7] applicationName: leaves 
2020-08-21 14:16:02,058 INFO com.laminatimes.controller.LeavesController [http-nio-8086-exec-7] defaultValue:productionspring.env.prod 
2020-08-21 14:16:02,058 INFO com.laminatimes.controller.LeavesController [http-nio-8086-exec-7] staticValue: This is static value
2020-08-21 14:16:02,059 INFO com.laminatimes.controller.LeavesController [http-nio-8086-exec-7] dbValues: null
2020-08-21 14:16:02,059 INFO com.laminatimes.controller.LeavesController [http-nio-8086-exec-7] DBDetails{url='jdbc:h2:mem:test', driverClassName='org.h2.Driver', username='sa', password='password'}
2020-08-21 14:16:02,089 DEBUG com.laminatimes.controller.LeavesController [http-nio-8086-exec-7] LeaveVo{id=26, leaveName='test leave4', startDate=null, endDate=null, noOfDays=3, comments='test comments', approverComments='approverComments asdfas', createdBy='sravan', createDate=null, modifiedBy='Ravi', modifiedDate=null, employeeId=8}
2020-08-21 14:16:03,192 INFO com.laminatimes.controller.LeavesController [http-nio-8086-exec-8] applicationName: leaves 
2020-08-21 14:16:03,192 INFO com.laminatimes.controller.LeavesController [http-nio-8086-exec-8] defaultValue:productionspring.env.prod 
2020-08-21 14:16:03,192 INFO com.laminatimes.controller.LeavesController [http-nio-8086-exec-8] staticValue: This is static value
2020-08-21 14:16:03,193 INFO com.laminatimes.controller.LeavesController [http-nio-8086-exec-8] dbValues: null
2020-08-21 14:16:03,193 INFO com.laminatimes.controller.LeavesController [http-nio-8086-exec-8] DBDetails{url='jdbc:h2:mem:test', driverClassName='org.h2.Driver', username='sa', password='password'}
2020-08-21 14:16:03,202 DEBUG com.laminatimes.controller.LeavesController [http-nio-8086-exec-8] LeaveVo{id=27, leaveName='test leave4', startDate=null, endDate=null, noOfDays=3, comments='test comments', approverComments='approverComments asdfas', createdBy='sravan', createDate=null, modifiedBy='Ravi', modifiedDate=null, employeeId=8}
2020-08-21 14:16:04,273 INFO com.laminatimes.controller.LeavesController [http-nio-8086-exec-9] applicationName: leaves 
2020-08-21 14:16:04,274 INFO com.laminatimes.controller.LeavesController [http-nio-8086-exec-9] defaultValue:productionspring.env.prod 
2020-08-21 14:16:04,274 INFO com.laminatimes.controller.LeavesController [http-nio-8086-exec-9] staticValue: This is static value
2020-08-21 14:16:04,275 INFO com.laminatimes.controller.LeavesController [http-nio-8086-exec-9] dbValues: null
2020-08-21 14:16:04,275 INFO com.laminatimes.controller.LeavesController [http-nio-8086-exec-9] DBDetails{url='jdbc:h2:mem:test', driverClassName='org.h2.Driver', username='sa', password='password'}
2020-08-21 14:16:04,280 DEBUG com.laminatimes.controller.LeavesController [http-nio-8086-exec-9] LeaveVo{id=28, leaveName='test leave4', startDate=null, endDate=null, noOfDays=3, comments='test comments', approverComments='approverComments asdfas', createdBy='sravan', createDate=null, modifiedBy='Ravi', modifiedDate=null, employeeId=8}
2020-08-21 14:16:04,825 INFO com.laminatimes.controller.LeavesController [http-nio-8086-exec-10] applicationName: leaves 
2020-08-21 14:16:04,825 INFO com.laminatimes.controller.LeavesController [http-nio-8086-exec-10] defaultValue:productionspring.env.prod 
2020-08-21 14:16:04,825 INFO com.laminatimes.controller.LeavesController [http-nio-8086-exec-10] staticValue: This is static value
2020-08-21 14:16:04,825 INFO com.laminatimes.controller.LeavesController [http-nio-8086-exec-10] dbValues: null
2020-08-21 14:16:04,825 INFO com.laminatimes.controller.LeavesController [http-nio-8086-exec-10] DBDetails{url='jdbc:h2:mem:test', driverClassName='org.h2.Driver', username='sa', password='password'}
2020-08-21 14:16:04,830 DEBUG com.laminatimes.controller.LeavesController [http-nio-8086-exec-10] LeaveVo{id=29, leaveName='test leave4', startDate=null, endDate=null, noOfDays=3, comments='test comments', approverComments='approverComments asdfas', createdBy='sravan', createDate=null, modifiedBy='Ravi', modifiedDate=null, employeeId=8}
2020-08-21 14:16:05,534 INFO com.laminatimes.controller.LeavesController [http-nio-8086-exec-1] applicationName: leaves 
2020-08-21 14:16:05,535 INFO com.laminatimes.controller.LeavesController [http-nio-8086-exec-1] defaultValue:productionspring.env.prod 
2020-08-21 14:16:05,535 INFO com.laminatimes.controller.LeavesController [http-nio-8086-exec-1] staticValue: This is static value
2020-08-21 14:16:05,535 INFO com.laminatimes.controller.LeavesController [http-nio-8086-exec-1] dbValues: null
2020-08-21 14:16:05,535 INFO com.laminatimes.controller.LeavesController [http-nio-8086-exec-1] DBDetails{url='jdbc:h2:mem:test', driverClassName='org.h2.Driver', username='sa', password='password'}
2020-08-21 14:16:05,540 DEBUG com.laminatimes.controller.LeavesController [http-nio-8086-exec-1] LeaveVo{id=30, leaveName='test leave4', startDate=null, endDate=null, noOfDays=3, comments='test comments', approverComments='approverComments asdfas', createdBy='sravan', createDate=null, modifiedBy='Ravi', modifiedDate=null, employeeId=8}
2020-08-21 14:16:06,180 DEBUG com.netflix.discovery.shared.MonitoredConnectionManager [Eureka-JerseyClient-Conn-Cleaner2] Closing connections idle longer than 30000 SECONDS
2020-08-21 14:16:06,245 DEBUG com.netflix.discovery.shared.NamedConnectionPool [Eureka-JerseyClient-Conn-Cleaner2] Closing connections idle longer than 30000 SECONDS
2020-08-21 14:16:06,446 INFO com.laminatimes.controller.LeavesController [http-nio-8086-exec-2] applicationName: leaves 
2020-08-21 14:16:06,447 INFO com.laminatimes.controller.LeavesController [http-nio-8086-exec-2] defaultValue:productionspring.env.prod 
2020-08-21 14:16:06,447 INFO com.laminatimes.controller.LeavesController [http-nio-8086-exec-2] staticValue: This is static value
2020-08-21 14:16:06,447 INFO com.laminatimes.controller.LeavesController [http-nio-8086-exec-2] dbValues: null
2020-08-21 14:16:06,447 INFO com.laminatimes.controller.LeavesController [http-nio-8086-exec-2] DBDetails{url='jdbc:h2:mem:test', driverClassName='org.h2.Driver', username='sa', password='password'}
2020-08-21 14:16:06,451 DEBUG com.laminatimes.controller.LeavesController [http-nio-8086-exec-2] LeaveVo{id=31, leaveName='test leave4', startDate=null, endDate=null, noOfDays=3, comments='test comments', approverComments='approverComments asdfas', createdBy='sravan', createDate=null, modifiedBy='Ravi', modifiedDate=null, employeeId=8}
2020-08-21 14:16:06,548 INFO com.netflix.discovery.DiscoveryClient [DiscoveryClient-CacheRefreshExecutor-0] Disable delta property : false
2020-08-21 14:16:06,548 INFO com.netflix.discovery.DiscoveryClient [DiscoveryClient-CacheRefreshExecutor-0] Single vip registry refresh property : null
2020-08-21 14:16:06,549 INFO com.netflix.discovery.DiscoveryClient [DiscoveryClient-CacheRefreshExecutor-0] Force full registry fetch : false
2020-08-21 14:16:06,549 INFO com.netflix.discovery.DiscoveryClient [DiscoveryClient-CacheRefreshExecutor-0] Application is null : false
2020-08-21 14:16:06,549 INFO com.netflix.discovery.DiscoveryClient [DiscoveryClient-CacheRefreshExecutor-0] Registered Applications size is zero : true
2020-08-21 14:16:06,549 INFO com.netflix.discovery.DiscoveryClient [DiscoveryClient-CacheRefreshExecutor-0] Application version is -1: true
2020-08-21 14:16:06,549 INFO com.netflix.discovery.DiscoveryClient [DiscoveryClient-CacheRefreshExecutor-0] Getting all instance registry info from the eureka server
