2020-08-21 14:14:07,482 DEBUG com.laminatimes.controller.LeavesController [http-nio-8086-exec-10] Leave: LeaveVo{id=24, leaveName='test leave4', startDate=null, endDate=null, noOfDays=3, comments='test comments', approverComments='approverComments asdfas', createdBy='sravan', createDate=null, modifiedBy='Ravi', modifiedDate=null, employeeId=0}
2020-08-21 14:14:07,507 DEBUG com.laminatimes.controller.LeavesController [http-nio-8086-exec-10] Leave: LeaveVo{id=24, leaveName='test leave4', startDate=null, endDate=null, noOfDays=3, comments='test comments', approverComments='approverComments asdfas', createdBy='sravan', createDate=null, modifiedBy='Ravi', modifiedDate=null, employeeId=0}
2020-08-21 14:14:07,508 DEBUG com.laminatimes.controller.LeavesController [http-nio-8086-exec-10] Leave: LeaveVo{id=24, leaveName='test leave4', startDate=null, endDate=null, noOfDays=3, comments='test comments', approverComments='approverComments asdfas', createdBy='sravan', createDate=null, modifiedBy='Ravi', modifiedDate=null, employeeId=0}
2020-08-21 14:14:07,508 DEBUG com.laminatimes.controller.LeavesController [http-nio-8086-exec-10] Leave: LeaveVo{id=24, leaveName='test leave4', startDate=null, endDate=null, noOfDays=3, comments='test comments', approverComments='approverComments asdfas', createdBy='sravan', createDate=null, modifiedBy='Ravi', modifiedDate=null, employeeId=0}
2020-08-21 14:14:07,508 DEBUG com.laminatimes.controller.LeavesController [http-nio-8086-exec-10] Leave: LeaveVo{id=25, leaveName='test leave4', startDate=null, endDate=null, noOfDays=3, comments='test comments', approverComments='approverComments asdfas', createdBy='sravan', createDate=null, modifiedBy='Ravi', modifiedDate=null, employeeId=0}
2020-08-21 14:14:07,508 DEBUG com.laminatimes.controller.LeavesController [http-nio-8086-exec-10] Leave: LeaveVo{id=25, leaveName='test leave4', startDate=null, endDate=null, noOfDays=3, comments='test comments', approverComments='approverComments asdfas', createdBy='sravan', createDate=null, modifiedBy='Ravi', modifiedDate=null, employeeId=0}
2020-08-21 14:14:07,508 DEBUG com.laminatimes.controller.LeavesController [http-nio-8086-exec-10] Leave: LeaveVo{id=25, leaveName='test leave4', startDate=null, endDate=null, noOfDays=3, comments='test comments', approverComments='approverComments asdfas', createdBy='sravan', createDate=null, modifiedBy='Ravi', modifiedDate=null, employeeId=0}
2020-08-21 14:14:07,508 DEBUG com.laminatimes.controller.LeavesController [http-nio-8086-exec-10] Leave: LeaveVo{id=25, leaveName='test leave4', startDate=null, endDate=null, noOfDays=3, comments='test comments', approverComments='approverComments asdfas', createdBy='sravan', createDate=null, modifiedBy='Ravi', modifiedDate=null, employeeId=0}
2020-08-21 14:14:07,508 DEBUG com.laminatimes.controller.LeavesController [http-nio-8086-exec-10] Leave: LeaveVo{id=25, leaveName='test leave4', startDate=null, endDate=null, noOfDays=3, comments='test comments', approverComments='approverComments asdfas', createdBy='sravan', createDate=null, modifiedBy='Ravi', modifiedDate=null, employeeId=0}
2020-08-21 14:14:07,508 DEBUG com.laminatimes.controller.LeavesController [http-nio-8086-exec-10] Leave: LeaveVo{id=26, leaveName='test leave4', startDate=null, endDate=null, noOfDays=3, comments='test comments', approverComments='approverComments asdfas', createdBy='sravan', createDate=null, modifiedBy='Ravi', modifiedDate=null, employeeId=0}
2020-08-21 14:14:07,508 DEBUG com.laminatimes.controller.LeavesController [http-nio-8086-exec-10] Leave: LeaveVo{id=26, leaveName='test leave4', startDate=null, endDate=null, noOfDays=3, comments='test comments', approverComments='approverComments asdfas', createdBy='sravan', createDate=null, modifiedBy='Ravi', modifiedDate=null, employeeId=0}
2020-08-21 14:14:07,509 DEBUG com.laminatimes.controller.LeavesController [http-nio-8086-exec-10] Leave: LeaveVo{id=26, leaveName='test leave4', startDate=null, endDate=null, noOfDays=3, comments='test comments', approverComments='approverComments asdfas', createdBy='sravan', createDate=null, modifiedBy='Ravi', modifiedDate=null, employeeId=0}
2020-08-21 14:14:07,509 DEBUG com.laminatimes.controller.LeavesController [http-nio-8086-exec-10] Leave: LeaveVo{id=26, leaveName='test leave4', startDate=null, endDate=null, noOfDays=3, comments='test comments', approverComments='approverComments asdfas', createdBy='sravan', createDate=null, modifiedBy='Ravi', modifiedDate=null, employeeId=0}
2020-08-21 14:14:07,509 DEBUG com.laminatimes.controller.LeavesController [http-nio-8086-exec-10] Leave: LeaveVo{id=26, leaveName='test leave4', startDate=null, endDate=null, noOfDays=3, comments='test comments', approverComments='approverComments asdfas', createdBy='sravan', createDate=null, modifiedBy='Ravi', modifiedDate=null, employeeId=0}
2020-08-21 14:14:07,509 DEBUG com.laminatimes.controller.LeavesController [http-nio-8086-exec-10] Leave: LeaveVo{id=27, leaveName='test leave4', startDate=null, endDate=null, noOfDays=3, comments='test comments', approverComments='approverComments asdfas', createdBy='sravan', createDate=null, modifiedBy='Ravi', modifiedDate=null, employeeId=0}
2020-08-21 14:14:07,509 DEBUG com.laminatimes.controller.LeavesController [http-nio-8086-exec-10] Leave: LeaveVo{id=27, leaveName='test leave4', startDate=null, endDate=null, noOfDays=3, comments='test comments', approverComments='approverComments asdfas', createdBy='sravan', createDate=null, modifiedBy='Ravi', modifiedDate=null, employeeId=0}
2020-08-21 14:14:07,509 DEBUG com.laminatimes.controller.LeavesController [http-nio-8086-exec-10] Leave: LeaveVo{id=27, leaveName='test leave4', startDate=null, endDate=null, noOfDays=3, comments='test comments', approverComments='approverComments asdfas', createdBy='sravan', createDate=null, modifiedBy='Ravi', modifiedDate=null, employeeId=0}
2020-08-21 14:14:07,509 DEBUG com.laminatimes.controller.LeavesController [http-nio-8086-exec-10] Leave: LeaveVo{id=27, leaveName='test leave4', startDate=null, endDate=null, noOfDays=3, comments='test comments', approverComments='approverComments asdfas', createdBy='sravan', createDate=null, modifiedBy='Ravi', modifiedDate=null, employeeId=0}
2020-08-21 14:14:07,509 DEBUG com.laminatimes.controller.LeavesController [http-nio-8086-exec-10] Leave: LeaveVo{id=27, leaveName='test leave4', startDate=null, endDate=null, noOfDays=3, comments='test comments', approverComments='approverComments asdfas', createdBy='sravan', createDate=null, modifiedBy='Ravi', modifiedDate=null, employeeId=0}
2020-08-21 14:14:07,509 DEBUG com.laminatimes.controller.LeavesController [http-nio-8086-exec-10] Leave: LeaveVo{id=28, leaveName='test leave4', startDate=null, endDate=null, noOfDays=3, comments='test comments', approverComments='approverComments asdfas', createdBy='sravan', createDate=null, modifiedBy='Ravi', modifiedDate=null, employeeId=0}
2020-08-21 14:14:07,509 DEBUG com.laminatimes.controller.LeavesController [http-nio-8086-exec-10] Leave: LeaveVo{id=28, leaveName='test leave4', startDate=null, endDate=null, noOfDays=3, comments='test comments', approverComments='approverComments asdfas', createdBy='sravan', createDate=null, modifiedBy='Ravi', modifiedDate=null, employeeId=0}
2020-08-21 14:14:07,509 DEBUG com.laminatimes.controller.LeavesController [http-nio-8086-exec-10] Leave: LeaveVo{id=28, leaveName='test leave4', startDate=null, endDate=null, noOfDays=3, comments='test comments', approverComments='approverComments asdfas', createdBy='sravan', createDate=null, modifiedBy='Ravi', modifiedDate=null, employeeId=0}
2020-08-21 14:14:07,509 DEBUG com.laminatimes.controller.LeavesController [http-nio-8086-exec-10] Leave: LeaveVo{id=28, leaveName='test leave4', startDate=null, endDate=null, noOfDays=3, comments='test comments', approverComments='approverComments asdfas', createdBy='sravan', createDate=null, modifiedBy='Ravi', modifiedDate=null, employeeId=0}
2020-08-21 14:14:07,509 DEBUG com.laminatimes.controller.LeavesController [http-nio-8086-exec-10] Leave: LeaveVo{id=28, leaveName='test leave4', startDate=null, endDate=null, noOfDays=3, comments='test comments', approverComments='approverComments asdfas', createdBy='sravan', createDate=null, modifiedBy='Ravi', modifiedDate=null, employeeId=0}
2020-08-21 14:14:07,509 DEBUG com.laminatimes.controller.LeavesController [http-nio-8086-exec-10] Leave: LeaveVo{id=29, leaveName='test leave4', startDate=null, endDate=null, noOfDays=3, comments='test comments', approverComments='approverComments asdfas', createdBy='sravan', createDate=null, modifiedBy='Ravi', modifiedDate=null, employeeId=0}
2020-08-21 14:14:07,509 DEBUG com.laminatimes.controller.LeavesController [http-nio-8086-exec-10] Leave: LeaveVo{id=29, leaveName='test leave4', startDate=null, endDate=null, noOfDays=3, comments='test comments', approverComments='approverComments asdfas', createdBy='sravan', createDate=null, modifiedBy='Ravi', modifiedDate=null, employeeId=0}
2020-08-21 14:14:07,509 DEBUG com.laminatimes.controller.LeavesController [http-nio-8086-exec-10] Leave: LeaveVo{id=29, leaveName='test leave4', startDate=null, endDate=null, noOfDays=3, comments='test comments', approverComments='approverComments asdfas', createdBy='sravan', createDate=null, modifiedBy='Ravi', modifiedDate=null, employeeId=0}
2020-08-21 14:14:07,509 DEBUG com.laminatimes.controller.LeavesController [http-nio-8086-exec-10] Leave: LeaveVo{id=29, leaveName='test leave4', startDate=null, endDate=null, noOfDays=3, comments='test comments', approverComments='approverComments asdfas', createdBy='sravan', createDate=null, modifiedBy='Ravi', modifiedDate=null, employeeId=0}
2020-08-21 14:14:07,509 DEBUG com.laminatimes.controller.LeavesController [http-nio-8086-exec-10] Leave: LeaveVo{id=29, leaveName='test leave4', startDate=null, endDate=null, noOfDays=3, comments='test comments', approverComments='approverComments asdfas', createdBy='sravan', createDate=null, modifiedBy='Ravi', modifiedDate=null, employeeId=0}
2020-08-21 14:14:07,509 DEBUG com.laminatimes.controller.LeavesController [http-nio-8086-exec-10] Leave: LeaveVo{id=30, leaveName='test leave4', startDate=null, endDate=null, noOfDays=3, comments='test comments', approverComments='approverComments asdfas', createdBy='sravan', createDate=null, modifiedBy='Ravi', modifiedDate=null, employeeId=0}
2020-08-21 14:14:07,509 DEBUG com.laminatimes.controller.LeavesController [http-nio-8086-exec-10] Leave: LeaveVo{id=30, leaveName='test leave4', startDate=null, endDate=null, noOfDays=3, comments='test comments', approverComments='approverComments asdfas', createdBy='sravan', createDate=null, modifiedBy='Ravi', modifiedDate=null, employeeId=0}
2020-08-21 14:14:07,509 DEBUG com.laminatimes.controller.LeavesController [http-nio-8086-exec-10] Leave: LeaveVo{id=30, leaveName='test leave4', startDate=null, endDate=null, noOfDays=3, comments='test comments', approverComments='approverComments asdfas', createdBy='sravan', createDate=null, modifiedBy='Ravi', modifiedDate=null, employeeId=0}
2020-08-21 14:14:07,509 DEBUG com.laminatimes.controller.LeavesController [http-nio-8086-exec-10] Leave: LeaveVo{id=30, leaveName='test leave4', startDate=null, endDate=null, noOfDays=3, comments='test comments', approverComments='approverComments asdfas', createdBy='sravan', createDate=null, modifiedBy='Ravi', modifiedDate=null, employeeId=0}
2020-08-21 14:14:07,509 DEBUG com.laminatimes.controller.LeavesController [http-nio-8086-exec-10] Leave: LeaveVo{id=30, leaveName='test leave4', startDate=null, endDate=null, noOfDays=3, comments='test comments', approverComments='approverComments asdfas', createdBy='sravan', createDate=null, modifiedBy='Ravi', modifiedDate=null, employeeId=0}
2020-08-21 14:14:07,509 DEBUG com.laminatimes.controller.LeavesController [http-nio-8086-exec-10] Leave: LeaveVo{id=31, leaveName='test leave4', startDate=null, endDate=null, noOfDays=3, comments='test comments', approverComments='approverComments asdfas', createdBy='sravan', createDate=null, modifiedBy='Ravi', modifiedDate=null, employeeId=0}
2020-08-21 14:14:07,509 DEBUG com.laminatimes.controller.LeavesController [http-nio-8086-exec-10] Leave: LeaveVo{id=31, leaveName='test leave4', startDate=null, endDate=null, noOfDays=3, comments='test comments', approverComments='approverComments asdfas', createdBy='sravan', createDate=null, modifiedBy='Ravi', modifiedDate=null, employeeId=0}
2020-08-21 14:14:07,509 DEBUG com.laminatimes.controller.LeavesController [http-nio-8086-exec-10] Leave: LeaveVo{id=31, leaveName='test leave4', startDate=null, endDate=null, noOfDays=3, comments='test comments', approverComments='approverComments asdfas', createdBy='sravan', createDate=null, modifiedBy='Ravi', modifiedDate=null, employeeId=0}
2020-08-21 14:14:07,509 DEBUG com.laminatimes.controller.LeavesController [http-nio-8086-exec-10] Leave: LeaveVo{id=31, leaveName='test leave4', startDate=null, endDate=null, noOfDays=3, comments='test comments', approverComments='approverComments asdfas', createdBy='sravan', createDate=null, modifiedBy='Ravi', modifiedDate=null, employeeId=0}
2020-08-21 14:14:07,509 DEBUG com.laminatimes.controller.LeavesController [http-nio-8086-exec-10] Leave: LeaveVo{id=31, leaveName='test leave4', startDate=null, endDate=null, noOfDays=3, comments='test comments', approverComments='approverComments asdfas', createdBy='sravan', createDate=null, modifiedBy='Ravi', modifiedDate=null, employeeId=0}
2020-08-21 14:14:07,509 DEBUG com.laminatimes.controller.LeavesController [http-nio-8086-exec-10] Leave: LeaveVo{id=32, leaveName='test leave4', startDate=null, endDate=null, noOfDays=3, comments='test comments', approverComments='approverComments asdfas', createdBy='sravan', createDate=null, modifiedBy='Ravi', modifiedDate=null, employeeId=0}
2020-08-21 14:14:07,510 DEBUG com.laminatimes.controller.LeavesController [http-nio-8086-exec-10] Leave: LeaveVo{id=32, leaveName='test leave4', startDate=null, endDate=null, noOfDays=3, comments='test comments', approverComments='approverComments asdfas', createdBy='sravan', createDate=null, modifiedBy='Ravi', modifiedDate=null, employeeId=0}
2020-08-21 14:14:07,510 DEBUG com.laminatimes.controller.LeavesController [http-nio-8086-exec-10] Leave: LeaveVo{id=32, leaveName='test leave4', startDate=null, endDate=null, noOfDays=3, comments='test comments', approverComments='approverComments asdfas', createdBy='sravan', createDate=null, modifiedBy='Ravi', modifiedDate=null, employeeId=0}
2020-08-21 14:14:07,510 DEBUG com.laminatimes.controller.LeavesController [http-nio-8086-exec-10] Leave: LeaveVo{id=32, leaveName='test leave4', startDate=null, endDate=null, noOfDays=3, comments='test comments', approverComments='approverComments asdfas', createdBy='sravan', createDate=null, modifiedBy='Ravi', modifiedDate=null, employeeId=0}
2020-08-21 14:14:07,510 DEBUG com.laminatimes.controller.LeavesController [http-nio-8086-exec-10] Leave: LeaveVo{id=32, leaveName='test leave4', startDate=null, endDate=null, noOfDays=3, comments='test comments', approverComments='approverComments asdfas', createdBy='sravan', createDate=null, modifiedBy='Ravi', modifiedDate=null, employeeId=0}
2020-08-21 14:14:07,510 DEBUG com.laminatimes.controller.LeavesController [http-nio-8086-exec-10] Leave: LeaveVo{id=33, leaveName='test leave4', startDate=null, endDate=null, noOfDays=3, comments='test comments', approverComments='approverComments asdfas', createdBy='sravan', createDate=null, modifiedBy='Ravi', modifiedDate=null, employeeId=0}
2020-08-21 14:14:07,510 DEBUG com.laminatimes.controller.LeavesController [http-nio-8086-exec-10] Leave: LeaveVo{id=33, leaveName='test leave4', startDate=null, endDate=null, noOfDays=3, comments='test comments', approverComments='approverComments asdfas', createdBy='sravan', createDate=null, modifiedBy='Ravi', modifiedDate=null, employeeId=0}
2020-08-21 14:14:07,510 DEBUG com.laminatimes.controller.LeavesController [http-nio-8086-exec-10] Leave: LeaveVo{id=33, leaveName='test leave4', startDate=null, endDate=null, noOfDays=3, comments='test comments', approverComments='approverComments asdfas', createdBy='sravan', createDate=null, modifiedBy='Ravi', modifiedDate=null, employeeId=0}
2020-08-21 14:14:07,510 DEBUG com.laminatimes.controller.LeavesController [http-nio-8086-exec-10] Leave: LeaveVo{id=33, leaveName='test leave4', startDate=null, endDate=null, noOfDays=3, comments='test comments', approverComments='approverComments asdfas', createdBy='sravan', createDate=null, modifiedBy='Ravi', modifiedDate=null, employeeId=0}
2020-08-21 14:14:07,510 DEBUG com.laminatimes.controller.LeavesController [http-nio-8086-exec-10] Leave: LeaveVo{id=33, leaveName='test leave4', startDate=null, endDate=null, noOfDays=3, comments='test comments', approverComments='approverComments asdfas', createdBy='sravan', createDate=null, modifiedBy='Ravi', modifiedDate=null, employeeId=0}
2020-08-21 14:14:07,510 DEBUG com.laminatimes.controller.LeavesController [http-nio-8086-exec-10] Leave: LeaveVo{id=34, leaveName='test leave4', startDate=null, endDate=null, noOfDays=3, comments='test comments', approverComments='approverComments asdfas', createdBy='sravan', createDate=null, modifiedBy='Ravi', modifiedDate=null, employeeId=0}
2020-08-21 14:14:07,510 DEBUG com.laminatimes.controller.LeavesController [http-nio-8086-exec-10] Leave: LeaveVo{id=34, leaveName='test leave4', startDate=null, endDate=null, noOfDays=3, comments='test comments', approverComments='approverComments asdfas', createdBy='sravan', createDate=null, modifiedBy='Ravi', modifiedDate=null, employeeId=0}
2020-08-21 14:14:07,510 DEBUG com.laminatimes.controller.LeavesController [http-nio-8086-exec-10] Leave: LeaveVo{id=34, leaveName='test leave4', startDate=null, endDate=null, noOfDays=3, comments='test comments', approverComments='approverComments asdfas', createdBy='sravan', createDate=null, modifiedBy='Ravi', modifiedDate=null, employeeId=0}
2020-08-21 14:14:07,510 DEBUG com.laminatimes.controller.LeavesController [http-nio-8086-exec-10] Leave: LeaveVo{id=34, leaveName='test leave4', startDate=null, endDate=null, noOfDays=3, comments='test comments', approverComments='approverComments asdfas', createdBy='sravan', createDate=null, modifiedBy='Ravi', modifiedDate=null, employeeId=0}
2020-08-21 14:14:07,510 DEBUG com.laminatimes.controller.LeavesController [http-nio-8086-exec-10] Leave: LeaveVo{id=34, leaveName='test leave4', startDate=null, endDate=null, noOfDays=3, comments='test comments', approverComments='approverComments asdfas', createdBy='sravan', createDate=null, modifiedBy='Ravi', modifiedDate=null, employeeId=0}
2020-08-21 14:14:07,510 DEBUG com.laminatimes.controller.LeavesController [http-nio-8086-exec-10] Leave: LeaveVo{id=35, leaveName='test leave4', startDate=null, endDate=null, noOfDays=3, comments='test comments', approverComments='approverComments asdfas', createdBy='sravan', createDate=null, modifiedBy='Ravi', modifiedDate=null, employeeId=0}
2020-08-21 14:14:07,510 DEBUG com.laminatimes.controller.LeavesController [http-nio-8086-exec-10] Leave: LeaveVo{id=35, leaveName='test leave4', startDate=null, endDate=null, noOfDays=3, comments='test comments', approverComments='approverComments asdfas', createdBy='sravan', createDate=null, modifiedBy='Ravi', modifiedDate=null, employeeId=0}
2020-08-21 14:14:07,510 DEBUG com.laminatimes.controller.LeavesController [http-nio-8086-exec-10] Leave: LeaveVo{id=35, leaveName='test leave4', startDate=null, endDate=null, noOfDays=3, comments='test comments', approverComments='approverComments asdfas', createdBy='sravan', createDate=null, modifiedBy='Ravi', modifiedDate=null, employeeId=0}
2020-08-21 14:14:07,510 DEBUG com.laminatimes.controller.LeavesController [http-nio-8086-exec-10] Leave: LeaveVo{id=35, leaveName='test leave4', startDate=null, endDate=null, noOfDays=3, comments='test comments', approverComments='approverComments asdfas', createdBy='sravan', createDate=null, modifiedBy='Ravi', modifiedDate=null, employeeId=0}
2020-08-21 14:14:07,510 DEBUG com.laminatimes.controller.LeavesController [http-nio-8086-exec-10] Leave: LeaveVo{id=35, leaveName='test leave4', startDate=null, endDate=null, noOfDays=3, comments='test comments', approverComments='approverComments asdfas', createdBy='sravan', createDate=null, modifiedBy='Ravi', modifiedDate=null, employeeId=0}
2020-08-21 14:14:07,510 DEBUG com.laminatimes.controller.LeavesController [http-nio-8086-exec-10] Leave: LeaveVo{id=36, leaveName='test leave4', startDate=null, endDate=null, noOfDays=3, comments='test comments', approverComments='approverComments asdfas', createdBy='sravan', createDate=null, modifiedBy='Ravi', modifiedDate=null, employeeId=0}
2020-08-21 14:14:07,510 DEBUG com.laminatimes.controller.LeavesController [http-nio-8086-exec-10] Leave: LeaveVo{id=36, leaveName='test leave4', startDate=null, endDate=null, noOfDays=3, comments='test comments', approverComments='approverComments asdfas', createdBy='sravan', createDate=null, modifiedBy='Ravi', modifiedDate=null, employeeId=0}
2020-08-21 14:14:07,510 DEBUG com.laminatimes.controller.LeavesController [http-nio-8086-exec-10] Leave: LeaveVo{id=36, leaveName='test leave4', startDate=null, endDate=null, noOfDays=3, comments='test comments', approverComments='approverComments asdfas', createdBy='sravan', createDate=null, modifiedBy='Ravi', modifiedDate=null, employeeId=0}
2020-08-21 14:14:07,510 DEBUG com.laminatimes.controller.LeavesController [http-nio-8086-exec-10] Leave: LeaveVo{id=36, leaveName='test leave4', startDate=null, endDate=null, noOfDays=3, comments='test comments', approverComments='approverComments asdfas', createdBy='sravan', createDate=null, modifiedBy='Ravi', modifiedDate=null, employeeId=0}
2020-08-21 14:14:07,510 DEBUG com.laminatimes.controller.LeavesController [http-nio-8086-exec-10] Leave: LeaveVo{id=36, leaveName='test leave4', startDate=null, endDate=null, noOfDays=3, comments='test comments', approverComments='approverComments asdfas', createdBy='sravan', createDate=null, modifiedBy='Ravi', modifiedDate=null, employeeId=0}
2020-08-21 14:14:07,510 DEBUG com.laminatimes.controller.LeavesController [http-nio-8086-exec-10] Leave: LeaveVo{id=37, leaveName='test leave4', startDate=null, endDate=null, noOfDays=3, comments='test comments', approverComments='approverComments asdfas', createdBy='sravan', createDate=null, modifiedBy='Ravi', modifiedDate=null, employeeId=0}
2020-08-21 14:14:07,510 DEBUG com.laminatimes.controller.LeavesController [http-nio-8086-exec-10] Leave: LeaveVo{id=37, leaveName='test leave4', startDate=null, endDate=null, noOfDays=3, comments='test comments', approverComments='approverComments asdfas', createdBy='sravan', createDate=null, modifiedBy='Ravi', modifiedDate=null, employeeId=0}
2020-08-21 14:14:07,510 DEBUG com.laminatimes.controller.LeavesController [http-nio-8086-exec-10] Leave: LeaveVo{id=37, leaveName='test leave4', startDate=null, endDate=null, noOfDays=3, comments='test comments', approverComments='approverComments asdfas', createdBy='sravan', createDate=null, modifiedBy='Ravi', modifiedDate=null, employeeId=0}
2020-08-21 14:14:07,510 DEBUG com.laminatimes.controller.LeavesController [http-nio-8086-exec-10] Leave: LeaveVo{id=37, leaveName='test leave4', startDate=null, endDate=null, noOfDays=3, comments='test comments', approverComments='approverComments asdfas', createdBy='sravan', createDate=null, modifiedBy='Ravi', modifiedDate=null, employeeId=0}
2020-08-21 14:14:07,510 DEBUG com.laminatimes.controller.LeavesController [http-nio-8086-exec-10] Leave: LeaveVo{id=37, leaveName='test leave4', startDate=null, endDate=null, noOfDays=3, comments='test comments', approverComments='approverComments asdfas', createdBy='sravan', createDate=null, modifiedBy='Ravi', modifiedDate=null, employeeId=0}
2020-08-21 14:14:07,510 DEBUG com.laminatimes.controller.LeavesController [http-nio-8086-exec-10] Leave: LeaveVo{id=38, leaveName='test leave4', startDate=null, endDate=null, noOfDays=3, comments='test comments', approverComments='approverComments asdfas', createdBy='sravan', createDate=null, modifiedBy='Ravi', modifiedDate=null, employeeId=0}
2020-08-21 14:14:07,510 DEBUG com.laminatimes.controller.LeavesController [http-nio-8086-exec-10] Leave: LeaveVo{id=38, leaveName='test leave4', startDate=null, endDate=null, noOfDays=3, comments='test comments', approverComments='approverComments asdfas', createdBy='sravan', createDate=null, modifiedBy='Ravi', modifiedDate=null, employeeId=0}
2020-08-21 14:14:07,511 DEBUG com.laminatimes.controller.LeavesController [http-nio-8086-exec-10] Leave: LeaveVo{id=38, leaveName='test leave4', startDate=null, endDate=null, noOfDays=3, comments='test comments', approverComments='approverComments asdfas', createdBy='sravan', createDate=null, modifiedBy='Ravi', modifiedDate=null, employeeId=0}
2020-08-21 14:14:07,511 DEBUG com.laminatimes.controller.LeavesController [http-nio-8086-exec-10] Leave: LeaveVo{id=38, leaveName='test leave4', startDate=null, endDate=null, noOfDays=3, comments='test comments', approverComments='approverComments asdfas', createdBy='sravan', createDate=null, modifiedBy='Ravi', modifiedDate=null, employeeId=0}
2020-08-21 14:14:07,511 DEBUG com.laminatimes.controller.LeavesController [http-nio-8086-exec-10] Leave: LeaveVo{id=38, leaveName='test leave4', startDate=null, endDate=null, noOfDays=3, comments='test comments', approverComments='approverComments asdfas', createdBy='sravan', createDate=null, modifiedBy='Ravi', modifiedDate=null, employeeId=0}
2020-08-21 14:14:08,304 DEBUG com.zaxxer.hikari.pool.HikariPool [HikariPool-1 housekeeper] HikariPool-1 - Pool stats (total=10, active=0, idle=10, waiting=0)
2020-08-21 14:14:08,306 DEBUG com.zaxxer.hikari.pool.HikariPool [HikariPool-1 housekeeper] HikariPool-1 - Fill pool skipped, pool is at sufficient level.
2020-08-21 14:14:15,230 DEBUG com.netflix.discovery.shared.MonitoredConnectionManager [Eureka-JerseyClient-Conn-Cleaner2] Closing connections idle longer than 30000 SECONDS
2020-08-21 14:14:15,230 DEBUG com.netflix.discovery.shared.NamedConnectionPool [Eureka-JerseyClient-Conn-Cleaner2] Closing connections idle longer than 30000 SECONDS
2020-08-21 14:14:15,616 DEBUG com.netflix.discovery.shared.MonitoredConnectionManager [DiscoveryClient-HeartbeatExecutor-0] Get connection: {}->http://localhost:8761, timeout = 5000
2020-08-21 14:14:15,616 DEBUG com.netflix.discovery.shared.NamedConnectionPool [DiscoveryClient-HeartbeatExecutor-0] [{}->http://localhost:8761] total kept alive: 2, total issued: 0, total allocated: 2 out of 200
2020-08-21 14:14:15,616 DEBUG com.netflix.discovery.shared.NamedConnectionPool [DiscoveryClient-HeartbeatExecutor-0] Getting free connection [{}->http://localhost:8761][null]
2020-08-21 14:14:15,621 DEBUG com.netflix.discovery.shared.MonitoredConnectionManager [DiscoveryClient-HeartbeatExecutor-0] Released connection is reusable.
2020-08-21 14:14:15,621 DEBUG com.netflix.discovery.shared.NamedConnectionPool [DiscoveryClient-HeartbeatExecutor-0] Releasing connection [{}->http://localhost:8761][null]
2020-08-21 14:14:15,622 DEBUG com.netflix.discovery.shared.NamedConnectionPool [DiscoveryClient-HeartbeatExecutor-0] Pooling connection [{}->http://localhost:8761][null]; keep alive for 60000 MILLISECONDS
2020-08-21 14:14:15,622 DEBUG com.netflix.discovery.shared.NamedConnectionPool [DiscoveryClient-HeartbeatExecutor-0] Notifying no-one, there are no waiting threads
2020-08-21 14:14:15,622 DEBUG com.netflix.discovery.shared.transport.jersey.AbstractJerseyEurekaHttpClient [DiscoveryClient-HeartbeatExecutor-0] Jersey HTTP PUT http://localhost:8761/eureka//apps/LEAVES/ravis-mbp.fritz.box:leaves:8086; statusCode=200
2020-08-21 14:14:15,622 DEBUG com.netflix.discovery.DiscoveryClient [DiscoveryClient-HeartbeatExecutor-0] DiscoveryClient_LEAVES/ravis-mbp.fritz.box:leaves:8086 - Heartbeat status: 200
2020-08-21 14:14:15,648 INFO com.netflix.discovery.DiscoveryClient [DiscoveryClient-CacheRefreshExecutor-0] Disable delta property : false
2020-08-21 14:14:15,648 INFO com.netflix.discovery.DiscoveryClient [DiscoveryClient-CacheRefreshExecutor-0] Single vip registry refresh property : null
2020-08-21 14:14:15,648 INFO com.netflix.discovery.DiscoveryClient [DiscoveryClient-CacheRefreshExecutor-0] Force full registry fetch : false
2020-08-21 14:14:15,648 INFO com.netflix.discovery.DiscoveryClient [DiscoveryClient-CacheRefreshExecutor-0] Application is null : false
2020-08-21 14:14:15,648 INFO com.netflix.discovery.DiscoveryClient [DiscoveryClient-CacheRefreshExecutor-0] Registered Applications size is zero : true
2020-08-21 14:14:15,648 INFO com.netflix.discovery.DiscoveryClient [DiscoveryClient-CacheRefreshExecutor-0] Application version is -1: true
2020-08-21 14:14:15,648 INFO com.netflix.discovery.DiscoveryClient [DiscoveryClient-CacheRefreshExecutor-0] Getting all instance registry info from the eureka server
2020-08-21 14:14:15,649 DEBUG com.netflix.discovery.shared.MonitoredConnectionManager [DiscoveryClient-CacheRefreshExecutor-0] Get connection: {}->http://localhost:8761, timeout = 5000
2020-08-21 14:14:15,649 DEBUG com.netflix.discovery.shared.NamedConnectionPool [DiscoveryClient-CacheRefreshExecutor-0] [{}->http://localhost:8761] total kept alive: 2, total issued: 0, total allocated: 2 out of 200
2020-08-21 14:14:15,649 DEBUG com.netflix.discovery.shared.NamedConnectionPool [DiscoveryClient-CacheRefreshExecutor-0] Getting free connection [{}->http://localhost:8761][null]
2020-08-21 14:14:15,658 DEBUG com.netflix.discovery.shared.MonitoredConnectionManager [DiscoveryClient-CacheRefreshExecutor-0] Released connection is reusable.
2020-08-21 14:14:15,658 DEBUG com.netflix.discovery.shared.NamedConnectionPool [DiscoveryClient-CacheRefreshExecutor-0] Releasing connection [{}->http://localhost:8761][null]
2020-08-21 14:14:15,658 DEBUG com.netflix.discovery.shared.NamedConnectionPool [DiscoveryClient-CacheRefreshExecutor-0] Pooling connection [{}->http://localhost:8761][null]; keep alive for 60000 MILLISECONDS
2020-08-21 14:14:15,658 DEBUG com.netflix.discovery.shared.NamedConnectionPool [DiscoveryClient-CacheRefreshExecutor-0] Notifying no-one, there are no waiting threads
2020-08-21 14:14:15,658 DEBUG com.netflix.discovery.shared.transport.jersey.AbstractJerseyEurekaHttpClient [DiscoveryClient-CacheRefreshExecutor-0] Jersey HTTP GET http://localhost:8761/eureka//apps/?; statusCode=200
2020-08-21 14:14:15,658 INFO com.netflix.discovery.DiscoveryClient [DiscoveryClient-CacheRefreshExecutor-0] The response status is 200
2020-08-21 14:14:15,658 ERROR com.netflix.discovery.DiscoveryClient [DiscoveryClient-CacheRefreshExecutor-0] The application is null for some reason. Not storing this information
2020-08-21 14:14:15,658 DEBUG com.netflix.discovery.DiscoveryClient [DiscoveryClient-CacheRefreshExecutor-0] The total number of all instances in the client now is 0
2020-08-21 14:14:15,659 DEBUG com.netflix.discovery.DiscoveryClient [DiscoveryClient-CacheRefreshExecutor-0] Completed cache refresh task for discovery. All Apps hash code is Local region apps hashcode: , is fetching remote regions? false 
2020-08-21 14:14:38,307 DEBUG com.zaxxer.hikari.pool.HikariPool [HikariPool-1 housekeeper] HikariPool-1 - Pool stats (total=10, active=0, idle=10, waiting=0)
2020-08-21 14:14:38,307 DEBUG com.zaxxer.hikari.pool.HikariPool [HikariPool-1 housekeeper] HikariPool-1 - Fill pool skipped, pool is at sufficient level.
2020-08-21 14:14:45,231 DEBUG com.netflix.discovery.shared.MonitoredConnectionManager [Eureka-JerseyClient-Conn-Cleaner2] Closing connections idle longer than 30000 SECONDS
2020-08-21 14:14:45,231 DEBUG com.netflix.discovery.shared.NamedConnectionPool [Eureka-JerseyClient-Conn-Cleaner2] Closing connections idle longer than 30000 SECONDS
2020-08-21 14:14:45,627 DEBUG com.netflix.discovery.shared.MonitoredConnectionManager [DiscoveryClient-HeartbeatExecutor-0] Get connection: {}->http://localhost:8761, timeout = 5000
2020-08-21 14:14:45,627 DEBUG com.netflix.discovery.shared.NamedConnectionPool [DiscoveryClient-HeartbeatExecutor-0] [{}->http://localhost:8761] total kept alive: 2, total issued: 0, total allocated: 2 out of 200
2020-08-21 14:14:45,627 DEBUG com.netflix.discovery.shared.NamedConnectionPool [DiscoveryClient-HeartbeatExecutor-0] Getting free connection [{}->http://localhost:8761][null]
2020-08-21 14:14:45,637 DEBUG com.netflix.discovery.shared.MonitoredConnectionManager [DiscoveryClient-HeartbeatExecutor-0] Released connection is reusable.
2020-08-21 14:14:45,637 DEBUG com.netflix.discovery.shared.NamedConnectionPool [DiscoveryClient-HeartbeatExecutor-0] Releasing connection [{}->http://localhost:8761][null]
2020-08-21 14:14:45,637 DEBUG com.netflix.discovery.shared.NamedConnectionPool [DiscoveryClient-HeartbeatExecutor-0] Pooling connection [{}->http://localhost:8761][null]; keep alive for 60000 MILLISECONDS
2020-08-21 14:14:45,637 DEBUG com.netflix.discovery.shared.NamedConnectionPool [DiscoveryClient-HeartbeatExecutor-0] Notifying no-one, there are no waiting threads
2020-08-21 14:14:45,637 DEBUG com.netflix.discovery.shared.transport.jersey.AbstractJerseyEurekaHttpClient [DiscoveryClient-HeartbeatExecutor-0] Jersey HTTP PUT http://localhost:8761/eureka//apps/LEAVES/ravis-mbp.fritz.box:leaves:8086; statusCode=200
2020-08-21 14:14:45,637 DEBUG com.netflix.discovery.DiscoveryClient [DiscoveryClient-HeartbeatExecutor-0] DiscoveryClient_LEAVES/ravis-mbp.fritz.box:leaves:8086 - Heartbeat status: 200
2020-08-21 14:14:45,665 INFO com.netflix.discovery.DiscoveryClient [DiscoveryClient-CacheRefreshExecutor-0] Disable delta property : false
2020-08-21 14:14:45,666 INFO com.netflix.discovery.DiscoveryClient [DiscoveryClient-CacheRefreshExecutor-0] Single vip registry refresh property : null
2020-08-21 14:14:45,666 INFO com.netflix.discovery.DiscoveryClient [DiscoveryClient-CacheRefreshExecutor-0] Force full registry fetch : false
2020-08-21 14:14:45,666 INFO com.netflix.discovery.DiscoveryClient [DiscoveryClient-CacheRefreshExecutor-0] Application is null : false
2020-08-21 14:14:45,666 INFO com.netflix.discovery.DiscoveryClient [DiscoveryClient-CacheRefreshExecutor-0] Registered Applications size is zero : true
2020-08-21 14:14:45,666 INFO com.netflix.discovery.DiscoveryClient [DiscoveryClient-CacheRefreshExecutor-0] Application version is -1: true
2020-08-21 14:14:45,666 INFO com.netflix.discovery.DiscoveryClient [DiscoveryClient-CacheRefreshExecutor-0] Getting all instance registry info from the eureka server
2020-08-21 14:14:45,667 DEBUG com.netflix.discovery.shared.MonitoredConnectionManager [DiscoveryClient-CacheRefreshExecutor-0] Get connection: {}->http://localhost:8761, timeout = 5000
2020-08-21 14:14:45,667 DEBUG com.netflix.discovery.shared.NamedConnectionPool [DiscoveryClient-CacheRefreshExecutor-0] [{}->http://localhost:8761] total kept alive: 2, total issued: 0, total allocated: 2 out of 200
2020-08-21 14:14:45,667 DEBUG com.netflix.discovery.shared.NamedConnectionPool [DiscoveryClient-CacheRefreshExecutor-0] Getting free connection [{}->http://localhost:8761][null]
2020-08-21 14:14:45,695 DEBUG com.netflix.discovery.shared.MonitoredConnectionManager [DiscoveryClient-CacheRefreshExecutor-0] Released connection is reusable.
2020-08-21 14:14:45,695 DEBUG com.netflix.discovery.shared.NamedConnectionPool [DiscoveryClient-CacheRefreshExecutor-0] Releasing connection [{}->http://localhost:8761][null]
2020-08-21 14:14:45,695 DEBUG com.netflix.discovery.shared.NamedConnectionPool [DiscoveryClient-CacheRefreshExecutor-0] Pooling connection [{}->http://localhost:8761][null]; keep alive for 60000 MILLISECONDS
2020-08-21 14:14:45,695 DEBUG com.netflix.discovery.shared.NamedConnectionPool [DiscoveryClient-CacheRefreshExecutor-0] Notifying no-one, there are no waiting threads
2020-08-21 14:14:45,695 DEBUG com.netflix.discovery.shared.transport.jersey.AbstractJerseyEurekaHttpClient [DiscoveryClient-CacheRefreshExecutor-0] Jersey HTTP GET http://localhost:8761/eureka//apps/?; statusCode=200
2020-08-21 14:14:45,696 INFO com.netflix.discovery.DiscoveryClient [DiscoveryClient-CacheRefreshExecutor-0] The response status is 200
2020-08-21 14:14:45,696 ERROR com.netflix.discovery.DiscoveryClient [DiscoveryClient-CacheRefreshExecutor-0] The application is null for some reason. Not storing this information
2020-08-21 14:14:45,696 DEBUG com.netflix.discovery.DiscoveryClient [DiscoveryClient-CacheRefreshExecutor-0] The total number of all instances in the client now is 0
2020-08-21 14:14:45,696 DEBUG com.netflix.discovery.DiscoveryClient [DiscoveryClient-CacheRefreshExecutor-0] Completed cache refresh task for discovery. All Apps hash code is Local region apps hashcode: , is fetching remote regions? false 
2020-08-21 14:15:03,492 WARN com.netflix.discovery.DiscoveryClient [SpringContextShutdownHook] Saw local status change event StatusChangeEvent [timestamp=1598012103492, current=DOWN, previous=UP]
2020-08-21 14:15:03,492 DEBUG com.netflix.discovery.InstanceInfoReplicator [DiscoveryClient-InstanceInfoReplicator-0] Executing on-demand update of local InstanceInfo
2020-08-21 14:15:03,493 DEBUG com.netflix.discovery.InstanceInfoReplicator [DiscoveryClient-InstanceInfoReplicator-0] Canceling the latest scheduled update, it will be rescheduled at the end of on demand update
2020-08-21 14:15:03,493 INFO com.netflix.discovery.DiscoveryClient [DiscoveryClient-InstanceInfoReplicator-0] DiscoveryClient_LEAVES/ravis-mbp.fritz.box:leaves:8086: registering service...
2020-08-21 14:15:03,495 DEBUG com.netflix.discovery.shared.MonitoredConnectionManager [DiscoveryClient-InstanceInfoReplicator-0] Get connection: {}->http://localhost:8761, timeout = 5000
2020-08-21 14:15:03,496 DEBUG com.netflix.discovery.shared.NamedConnectionPool [DiscoveryClient-InstanceInfoReplicator-0] [{}->http://localhost:8761] total kept alive: 2, total issued: 0, total allocated: 2 out of 200
2020-08-21 14:15:03,496 DEBUG com.netflix.discovery.shared.NamedConnectionPool [DiscoveryClient-InstanceInfoReplicator-0] Getting free connection [{}->http://localhost:8761][null]
2020-08-21 14:15:03,513 DEBUG com.netflix.discovery.shared.MonitoredConnectionManager [DiscoveryClient-InstanceInfoReplicator-0] Released connection is reusable.
2020-08-21 14:15:03,513 DEBUG com.netflix.discovery.shared.NamedConnectionPool [DiscoveryClient-InstanceInfoReplicator-0] Releasing connection [{}->http://localhost:8761][null]
2020-08-21 14:15:03,513 DEBUG com.netflix.discovery.shared.NamedConnectionPool [DiscoveryClient-InstanceInfoReplicator-0] Pooling connection [{}->http://localhost:8761][null]; keep alive for 60000 MILLISECONDS
2020-08-21 14:15:03,513 DEBUG com.netflix.discovery.shared.NamedConnectionPool [DiscoveryClient-InstanceInfoReplicator-0] Notifying no-one, there are no waiting threads
2020-08-21 14:15:03,516 DEBUG com.netflix.discovery.shared.transport.jersey.AbstractJerseyEurekaHttpClient [DiscoveryClient-InstanceInfoReplicator-0] Jersey HTTP POST http://localhost:8761/eureka//apps/LEAVES with instance ravis-mbp.fritz.box:leaves:8086; statusCode=204
2020-08-21 14:15:03,516 INFO com.netflix.discovery.DiscoveryClient [DiscoveryClient-InstanceInfoReplicator-0] DiscoveryClient_LEAVES/ravis-mbp.fritz.box:leaves:8086 - registration status: 204
2020-08-21 14:15:03,761 DEBUG com.zaxxer.hikari.pool.PoolBase [HikariPool-1 connection closer] HikariPool-1 - Closing connection conn0: url=jdbc:h2:mem:test user=SA: (connection is dead)
2020-08-21 14:15:03,767 DEBUG com.zaxxer.hikari.pool.PoolBase [HikariPool-1 connection closer] HikariPool-1 - Closing connection conn1: url=jdbc:h2:mem:test user=SA: (connection is dead)
2020-08-21 14:15:03,768 DEBUG com.zaxxer.hikari.pool.PoolBase [HikariPool-1 connection closer] HikariPool-1 - Closing connection conn2: url=jdbc:h2:mem:test user=SA: (connection is dead)
2020-08-21 14:15:03,768 DEBUG com.zaxxer.hikari.pool.HikariPool [SpringContextShutdownHook] HikariPool-1 - Add connection elided, waiting 1, queue 10
2020-08-21 14:15:03,769 DEBUG com.zaxxer.hikari.pool.HikariPool [HikariPool-1 connection closer] HikariPool-1 - Fill pool skipped, pool is at sufficient level.
2020-08-21 14:15:03,769 DEBUG com.zaxxer.hikari.pool.PoolBase [HikariPool-1 connection closer] HikariPool-1 - Closing connection conn3: url=jdbc:h2:mem:test user=SA: (connection is dead)
2020-08-21 14:15:03,771 DEBUG com.zaxxer.hikari.pool.HikariPool [HikariPool-1 connection closer] HikariPool-1 - Fill pool skipped, pool is at sufficient level.
2020-08-21 14:15:03,771 DEBUG com.zaxxer.hikari.pool.PoolBase [HikariPool-1 connection closer] HikariPool-1 - Closing connection conn4: url=jdbc:h2:mem:test user=SA: (connection is dead)
2020-08-21 14:15:03,772 DEBUG com.zaxxer.hikari.pool.HikariPool [HikariPool-1 connection closer] HikariPool-1 - Fill pool skipped, pool is at sufficient level.
2020-08-21 14:15:03,772 DEBUG com.zaxxer.hikari.pool.PoolBase [HikariPool-1 connection closer] HikariPool-1 - Closing connection conn5: url=jdbc:h2:mem:test user=SA: (connection is dead)
2020-08-21 14:15:03,773 DEBUG com.zaxxer.hikari.pool.HikariPool [HikariPool-1 connection closer] HikariPool-1 - Fill pool skipped, pool is at sufficient level.
2020-08-21 14:15:03,773 DEBUG com.zaxxer.hikari.pool.PoolBase [HikariPool-1 connection closer] HikariPool-1 - Closing connection conn6: url=jdbc:h2:mem:test user=SA: (connection is dead)
2020-08-21 14:15:03,774 DEBUG com.zaxxer.hikari.pool.HikariPool [HikariPool-1 connection closer] HikariPool-1 - Fill pool skipped, pool is at sufficient level.
2020-08-21 14:15:03,774 DEBUG com.zaxxer.hikari.pool.PoolBase [HikariPool-1 connection closer] HikariPool-1 - Closing connection conn7: url=jdbc:h2:mem:test user=SA: (connection is dead)
2020-08-21 14:15:03,774 DEBUG com.zaxxer.hikari.pool.HikariPool [HikariPool-1 connection closer] HikariPool-1 - Fill pool skipped, pool is at sufficient level.
2020-08-21 14:15:03,775 DEBUG com.zaxxer.hikari.pool.PoolBase [HikariPool-1 connection closer] HikariPool-1 - Closing connection conn8: url=jdbc:h2:mem:test user=SA: (connection is dead)
2020-08-21 14:15:03,776 DEBUG com.zaxxer.hikari.pool.HikariPool [HikariPool-1 connection closer] HikariPool-1 - Fill pool skipped, pool is at sufficient level.
2020-08-21 14:15:03,776 DEBUG com.zaxxer.hikari.pool.PoolBase [HikariPool-1 connection closer] HikariPool-1 - Closing connection conn9: url=jdbc:h2:mem:test user=SA: (connection is dead)
2020-08-21 14:15:03,777 DEBUG com.zaxxer.hikari.pool.HikariPool [HikariPool-1 connection closer] HikariPool-1 - Fill pool skipped, pool is at sufficient level.
2020-08-21 14:15:03,785 DEBUG com.zaxxer.hikari.pool.HikariPool [HikariPool-1 connection adder] HikariPool-1 - Added connection conn10: url=jdbc:h2:mem:test user=SA
2020-08-21 14:15:03,787 DEBUG com.zaxxer.hikari.pool.HikariPool [HikariPool-1 connection adder] HikariPool-1 - Added connection conn11: url=jdbc:h2:mem:test user=SA
2020-08-21 14:15:03,791 DEBUG com.zaxxer.hikari.pool.PoolBase [HikariPool-1 connection adder] HikariPool-1 - Failed to create/setup connection: The database is open in exclusive mode; can not open additional connections [90135-200]
2020-08-21 14:15:03,802 DEBUG com.zaxxer.hikari.pool.HikariPool [HikariPool-1 connection adder] HikariPool-1 - Cannot acquire connection from data source
org.h2.jdbc.JdbcSQLNonTransientConnectionException: The database is open in exclusive mode; can not open additional connections [90135-200]
	at org.h2.message.DbException.getJdbcSQLException(DbException.java:622)
	at org.h2.message.DbException.getJdbcSQLException(DbException.java:429)
	at org.h2.message.DbException.get(DbException.java:205)
	at org.h2.message.DbException.get(DbException.java:181)
	at org.h2.message.DbException.get(DbException.java:170)
	at org.h2.engine.Database.createSession(Database.java:1278)
	at org.h2.engine.Engine.openSession(Engine.java:140)
	at org.h2.engine.Engine.openSession(Engine.java:192)
	at org.h2.engine.Engine.createSessionAndValidate(Engine.java:171)
	at org.h2.engine.Engine.createSession(Engine.java:166)
	at org.h2.engine.Engine.createSession(Engine.java:29)
	at org.h2.engine.SessionRemote.connectEmbeddedOrServer(SessionRemote.java:340)
	at org.h2.jdbc.JdbcConnection.<init>(JdbcConnection.java:173)
	at org.h2.jdbc.JdbcConnection.<init>(JdbcConnection.java:152)
	at org.h2.Driver.connect(Driver.java:69)
	at com.zaxxer.hikari.util.DriverDataSource.getConnection(DriverDataSource.java:138)
	at com.zaxxer.hikari.pool.PoolBase.newConnection(PoolBase.java:358)
	at com.zaxxer.hikari.pool.PoolBase.newPoolEntry(PoolBase.java:206)
	at com.zaxxer.hikari.pool.HikariPool.createPoolEntry(HikariPool.java:477)
	at com.zaxxer.hikari.pool.HikariPool.access$100(HikariPool.java:71)
	at com.zaxxer.hikari.pool.HikariPool$PoolEntryCreator.call(HikariPool.java:725)
	at com.zaxxer.hikari.pool.HikariPool$PoolEntryCreator.call(HikariPool.java:711)
	at java.base/java.util.concurrent.FutureTask.run(FutureTask.java:264)
	at java.base/java.util.concurrent.ThreadPoolExecutor.runWorker(ThreadPoolExecutor.java:1128)
	at java.base/java.util.concurrent.ThreadPoolExecutor$Worker.run(ThreadPoolExecutor.java:628)
	at java.base/java.lang.Thread.run(Thread.java:835)
2020-08-21 14:15:03,992 INFO com.netflix.discovery.DiscoveryClient [SpringContextShutdownHook] Shutting down DiscoveryClient ...
2020-08-21 14:15:04,061 DEBUG com.zaxxer.hikari.pool.HikariPool [HikariPool-1 connection adder] HikariPool-1 - Added connection conn12: url=jdbc:h2:mem:test user=SA
2020-08-21 14:15:04,063 DEBUG com.zaxxer.hikari.pool.HikariPool [HikariPool-1 connection adder] HikariPool-1 - Added connection conn13: url=jdbc:h2:mem:test user=SA
2020-08-21 14:15:04,063 DEBUG com.zaxxer.hikari.pool.HikariPool [HikariPool-1 connection adder] HikariPool-1 - After adding stats (total=4, active=0, idle=4, waiting=0)
2020-08-21 14:15:04,063 DEBUG com.zaxxer.hikari.pool.HikariPool [HikariPool-1 connection adder] HikariPool-1 - Added connection conn14: url=jdbc:h2:mem:test user=SA
2020-08-21 14:15:04,064 DEBUG com.zaxxer.hikari.pool.HikariPool [HikariPool-1 connection adder] HikariPool-1 - Added connection conn15: url=jdbc:h2:mem:test user=SA
2020-08-21 14:15:04,065 DEBUG com.zaxxer.hikari.pool.HikariPool [HikariPool-1 connection adder] HikariPool-1 - Added connection conn16: url=jdbc:h2:mem:test user=SA
2020-08-21 14:15:04,066 DEBUG com.zaxxer.hikari.pool.HikariPool [HikariPool-1 connection adder] HikariPool-1 - Added connection conn17: url=jdbc:h2:mem:test user=SA
2020-08-21 14:15:04,066 DEBUG com.zaxxer.hikari.pool.HikariPool [HikariPool-1 connection adder] HikariPool-1 - Added connection conn18: url=jdbc:h2:mem:test user=SA
2020-08-21 14:15:04,067 DEBUG com.zaxxer.hikari.pool.HikariPool [HikariPool-1 connection adder] HikariPool-1 - Added connection conn19: url=jdbc:h2:mem:test user=SA
2020-08-21 14:15:06,994 INFO com.netflix.discovery.DiscoveryClient [SpringContextShutdownHook] Unregistering ...
2020-08-21 14:15:06,997 DEBUG com.netflix.discovery.shared.MonitoredConnectionManager [SpringContextShutdownHook] Get connection: {}->http://localhost:8761, timeout = 5000
2020-08-21 14:15:06,997 DEBUG com.netflix.discovery.shared.NamedConnectionPool [SpringContextShutdownHook] [{}->http://localhost:8761] total kept alive: 2, total issued: 0, total allocated: 2 out of 200
2020-08-21 14:15:06,997 DEBUG com.netflix.discovery.shared.NamedConnectionPool [SpringContextShutdownHook] Getting free connection [{}->http://localhost:8761][null]
2020-08-21 14:15:07,002 DEBUG com.netflix.discovery.shared.MonitoredConnectionManager [SpringContextShutdownHook] Released connection is reusable.
2020-08-21 14:15:07,002 DEBUG com.netflix.discovery.shared.NamedConnectionPool [SpringContextShutdownHook] Releasing connection [{}->http://localhost:8761][null]
2020-08-21 14:15:07,003 DEBUG com.netflix.discovery.shared.NamedConnectionPool [SpringContextShutdownHook] Pooling connection [{}->http://localhost:8761][null]; keep alive for 60000 MILLISECONDS
2020-08-21 14:15:07,003 DEBUG com.netflix.discovery.shared.NamedConnectionPool [SpringContextShutdownHook] Notifying no-one, there are no waiting threads
2020-08-21 14:15:07,003 DEBUG com.netflix.discovery.shared.transport.jersey.AbstractJerseyEurekaHttpClient [SpringContextShutdownHook] Jersey HTTP DELETE http://localhost:8761/eureka//apps/LEAVES/ravis-mbp.fritz.box:leaves:8086; statusCode=200
2020-08-21 14:15:07,003 INFO com.netflix.discovery.DiscoveryClient [SpringContextShutdownHook] DiscoveryClient_LEAVES/ravis-mbp.fritz.box:leaves:8086 - deregister  status: 200
2020-08-21 14:15:07,030 DEBUG com.netflix.discovery.shared.MonitoredConnectionManager [SpringContextShutdownHook] Closing connections idle longer than 0 SECONDS
2020-08-21 14:15:07,030 DEBUG com.netflix.discovery.shared.NamedConnectionPool [SpringContextShutdownHook] Closing connections idle longer than 0 SECONDS
2020-08-21 14:15:07,030 DEBUG com.netflix.discovery.shared.NamedConnectionPool [SpringContextShutdownHook] Closing connection last used @ Fri Aug 21 14:12:45 CEST 2020
2020-08-21 14:15:07,030 DEBUG com.netflix.discovery.shared.NamedConnectionPool [SpringContextShutdownHook] Deleting connection [{}->http://localhost:8761][null]
2020-08-21 14:15:07,031 DEBUG com.netflix.discovery.shared.NamedConnectionPool [SpringContextShutdownHook] Closing connection last used @ Fri Aug 21 14:15:07 CEST 2020
2020-08-21 14:15:07,031 DEBUG com.netflix.discovery.shared.NamedConnectionPool [SpringContextShutdownHook] Deleting connection [{}->http://localhost:8761][null]
2020-08-21 14:15:07,034 INFO com.netflix.discovery.DiscoveryClient [SpringContextShutdownHook] Completed shut down of DiscoveryClient
2020-08-21 14:15:07,035 INFO com.zaxxer.hikari.HikariDataSource [SpringContextShutdownHook] HikariPool-1 - Shutdown initiated...
2020-08-21 14:15:07,035 DEBUG com.zaxxer.hikari.pool.HikariPool [SpringContextShutdownHook] HikariPool-1 - Before shutdown stats (total=10, active=0, idle=10, waiting=0)
2020-08-21 14:15:07,036 DEBUG com.zaxxer.hikari.pool.PoolBase [HikariPool-1 connection closer] HikariPool-1 - Closing connection conn10: url=jdbc:h2:mem:test user=SA: (connection evicted)
2020-08-21 14:15:07,037 DEBUG com.zaxxer.hikari.pool.PoolBase [HikariPool-1 connection closer] HikariPool-1 - Closing connection conn11: url=jdbc:h2:mem:test user=SA: (connection evicted)
2020-08-21 14:15:07,039 DEBUG com.zaxxer.hikari.pool.PoolBase [HikariPool-1 connection closer] HikariPool-1 - Closing connection conn12: url=jdbc:h2:mem:test user=SA: (connection evicted)
2020-08-21 14:15:07,041 DEBUG com.zaxxer.hikari.pool.PoolBase [HikariPool-1 connection closer] HikariPool-1 - Closing connection conn13: url=jdbc:h2:mem:test user=SA: (connection evicted)
2020-08-21 14:15:07,041 DEBUG com.zaxxer.hikari.pool.PoolBase [HikariPool-1 connection closer] HikariPool-1 - Closing connection conn14: url=jdbc:h2:mem:test user=SA: (connection evicted)
2020-08-21 14:15:07,042 DEBUG com.zaxxer.hikari.pool.PoolBase [HikariPool-1 connection closer] HikariPool-1 - Closing connection conn15: url=jdbc:h2:mem:test user=SA: (connection evicted)
2020-08-21 14:15:07,043 DEBUG com.zaxxer.hikari.pool.PoolBase [HikariPool-1 connection closer] HikariPool-1 - Closing connection conn16: url=jdbc:h2:mem:test user=SA: (connection evicted)
2020-08-21 14:15:07,044 DEBUG com.zaxxer.hikari.pool.PoolBase [HikariPool-1 connection closer] HikariPool-1 - Closing connection conn17: url=jdbc:h2:mem:test user=SA: (connection evicted)
2020-08-21 14:15:07,045 DEBUG com.zaxxer.hikari.pool.PoolBase [HikariPool-1 connection closer] HikariPool-1 - Closing connection conn18: url=jdbc:h2:mem:test user=SA: (connection evicted)
2020-08-21 14:15:07,046 DEBUG com.zaxxer.hikari.pool.PoolBase [HikariPool-1 connection closer] HikariPool-1 - Closing connection conn19: url=jdbc:h2:mem:test user=SA: (connection evicted)
2020-08-21 14:15:07,047 DEBUG com.zaxxer.hikari.pool.HikariPool [SpringContextShutdownHook] HikariPool-1 - After shutdown stats (total=0, active=0, idle=0, waiting=0)
2020-08-21 14:15:07,047 INFO com.zaxxer.hikari.HikariDataSource [SpringContextShutdownHook] HikariPool-1 - Shutdown completed.
2020-08-21 14:15:18,704 INFO com.laminatimes.leaves.LeavesApplication [restartedMain] The following profiles are active: prod
