2020-08-21 13:23:32,611 INFO com.laminatimes.leaves.LeavesApplication [restartedMain] No active profile set, falling back to default profiles: default
2020-08-21 13:23:35,285 INFO org.apache.catalina.core.StandardService [restartedMain] Starting service [Tomcat]
2020-08-21 13:23:35,286 INFO org.apache.catalina.core.StandardEngine [restartedMain] Starting Servlet engine: [Apache Tomcat/9.0.35]
2020-08-21 13:23:35,463 INFO org.apache.catalina.core.ContainerBase.[Tomcat].[localhost].[/] [restartedMain] Initializing Spring embedded WebApplicationContext
2020-08-21 13:23:35,463 INFO org.springframework.web.context.ContextLoader [restartedMain] Root WebApplicationContext: initialization completed in 2812 ms
2020-08-21 13:23:35,579 DEBUG com.zaxxer.hikari.HikariConfig [restartedMain] Driver class org.h2.Driver found in Thread context class loader TomcatEmbeddedWebappClassLoader
  context: ROOT
  delegate: true
----------> Parent Classloader:
org.springframework.boot.devtools.restart.classloader.RestartClassLoader@7bcdf5f3

2020-08-21 13:23:35,630 DEBUG com.zaxxer.hikari.HikariConfig [restartedMain] HikariPool-1 - configuration:
2020-08-21 13:23:35,634 DEBUG com.zaxxer.hikari.HikariConfig [restartedMain] allowPoolSuspension.............false
2020-08-21 13:23:35,635 DEBUG com.zaxxer.hikari.HikariConfig [restartedMain] autoCommit......................true
2020-08-21 13:23:35,635 DEBUG com.zaxxer.hikari.HikariConfig [restartedMain] catalog.........................none
2020-08-21 13:23:35,635 DEBUG com.zaxxer.hikari.HikariConfig [restartedMain] connectionInitSql...............none
2020-08-21 13:23:35,636 DEBUG com.zaxxer.hikari.HikariConfig [restartedMain] connectionTestQuery.............none
2020-08-21 13:23:35,636 DEBUG com.zaxxer.hikari.HikariConfig [restartedMain] connectionTimeout...............30000
2020-08-21 13:23:35,636 DEBUG com.zaxxer.hikari.HikariConfig [restartedMain] dataSource......................none
2020-08-21 13:23:35,636 DEBUG com.zaxxer.hikari.HikariConfig [restartedMain] dataSourceClassName.............none
2020-08-21 13:23:35,636 DEBUG com.zaxxer.hikari.HikariConfig [restartedMain] dataSourceJNDI..................none
2020-08-21 13:23:35,637 DEBUG com.zaxxer.hikari.HikariConfig [restartedMain] dataSourceProperties............{password=<masked>}
2020-08-21 13:23:35,637 DEBUG com.zaxxer.hikari.HikariConfig [restartedMain] driverClassName................."org.h2.Driver"
2020-08-21 13:23:35,638 DEBUG com.zaxxer.hikari.HikariConfig [restartedMain] exceptionOverrideClassName......none
2020-08-21 13:23:35,638 DEBUG com.zaxxer.hikari.HikariConfig [restartedMain] healthCheckProperties...........{}
2020-08-21 13:23:35,638 DEBUG com.zaxxer.hikari.HikariConfig [restartedMain] healthCheckRegistry.............none
2020-08-21 13:23:35,638 DEBUG com.zaxxer.hikari.HikariConfig [restartedMain] idleTimeout.....................600000
2020-08-21 13:23:35,638 DEBUG com.zaxxer.hikari.HikariConfig [restartedMain] initializationFailTimeout.......1
2020-08-21 13:23:35,639 DEBUG com.zaxxer.hikari.HikariConfig [restartedMain] isolateInternalQueries..........false
2020-08-21 13:23:35,639 DEBUG com.zaxxer.hikari.HikariConfig [restartedMain] jdbcUrl.........................jdbc:h2:mem:test
2020-08-21 13:23:35,639 DEBUG com.zaxxer.hikari.HikariConfig [restartedMain] leakDetectionThreshold..........0
2020-08-21 13:23:35,639 DEBUG com.zaxxer.hikari.HikariConfig [restartedMain] maxLifetime.....................1800000
2020-08-21 13:23:35,640 DEBUG com.zaxxer.hikari.HikariConfig [restartedMain] maximumPoolSize.................10
2020-08-21 13:23:35,640 DEBUG com.zaxxer.hikari.HikariConfig [restartedMain] metricRegistry..................none
2020-08-21 13:23:35,640 DEBUG com.zaxxer.hikari.HikariConfig [restartedMain] metricsTrackerFactory...........none
2020-08-21 13:23:35,640 DEBUG com.zaxxer.hikari.HikariConfig [restartedMain] minimumIdle.....................10
2020-08-21 13:23:35,641 DEBUG com.zaxxer.hikari.HikariConfig [restartedMain] password........................<masked>
2020-08-21 13:23:35,641 DEBUG com.zaxxer.hikari.HikariConfig [restartedMain] poolName........................"HikariPool-1"
2020-08-21 13:23:35,641 DEBUG com.zaxxer.hikari.HikariConfig [restartedMain] readOnly........................false
2020-08-21 13:23:35,641 DEBUG com.zaxxer.hikari.HikariConfig [restartedMain] registerMbeans..................false
2020-08-21 13:23:35,642 DEBUG com.zaxxer.hikari.HikariConfig [restartedMain] scheduledExecutor...............none
2020-08-21 13:23:35,642 DEBUG com.zaxxer.hikari.HikariConfig [restartedMain] schema..........................none
2020-08-21 13:23:35,642 DEBUG com.zaxxer.hikari.HikariConfig [restartedMain] threadFactory...................internal
2020-08-21 13:23:35,642 DEBUG com.zaxxer.hikari.HikariConfig [restartedMain] transactionIsolation............default
2020-08-21 13:23:35,642 DEBUG com.zaxxer.hikari.HikariConfig [restartedMain] username........................"sa"
2020-08-21 13:23:35,642 DEBUG com.zaxxer.hikari.HikariConfig [restartedMain] validationTimeout...............5000
2020-08-21 13:23:35,643 INFO com.zaxxer.hikari.HikariDataSource [restartedMain] HikariPool-1 - Starting...
2020-08-21 13:23:35,996 DEBUG com.zaxxer.hikari.pool.HikariPool [restartedMain] HikariPool-1 - Added connection conn0: url=jdbc:h2:mem:test user=SA
2020-08-21 13:23:35,998 INFO com.zaxxer.hikari.HikariDataSource [restartedMain] HikariPool-1 - Start completed.
2020-08-21 13:23:36,098 DEBUG com.zaxxer.hikari.pool.HikariPool [HikariPool-1 housekeeper] HikariPool-1 - Pool stats (total=1, active=0, idle=1, waiting=0)
2020-08-21 13:23:36,102 DEBUG com.zaxxer.hikari.pool.HikariPool [HikariPool-1 connection adder] HikariPool-1 - Added connection conn1: url=jdbc:h2:mem:test user=SA
2020-08-21 13:23:36,103 DEBUG com.zaxxer.hikari.pool.HikariPool [HikariPool-1 connection adder] HikariPool-1 - Added connection conn2: url=jdbc:h2:mem:test user=SA
2020-08-21 13:23:36,103 DEBUG com.zaxxer.hikari.pool.HikariPool [HikariPool-1 connection adder] HikariPool-1 - Added connection conn3: url=jdbc:h2:mem:test user=SA
2020-08-21 13:23:36,104 DEBUG com.zaxxer.hikari.pool.HikariPool [HikariPool-1 connection adder] HikariPool-1 - Added connection conn4: url=jdbc:h2:mem:test user=SA
2020-08-21 13:23:36,104 DEBUG com.zaxxer.hikari.pool.HikariPool [HikariPool-1 connection adder] HikariPool-1 - Added connection conn5: url=jdbc:h2:mem:test user=SA
2020-08-21 13:23:36,105 DEBUG com.zaxxer.hikari.pool.HikariPool [HikariPool-1 connection adder] HikariPool-1 - Added connection conn6: url=jdbc:h2:mem:test user=SA
2020-08-21 13:23:36,107 DEBUG com.zaxxer.hikari.pool.HikariPool [HikariPool-1 connection adder] HikariPool-1 - Added connection conn7: url=jdbc:h2:mem:test user=SA
2020-08-21 13:23:36,107 DEBUG com.zaxxer.hikari.pool.HikariPool [HikariPool-1 connection adder] HikariPool-1 - Added connection conn8: url=jdbc:h2:mem:test user=SA
2020-08-21 13:23:36,108 DEBUG com.zaxxer.hikari.pool.HikariPool [HikariPool-1 connection adder] HikariPool-1 - Added connection conn9: url=jdbc:h2:mem:test user=SA
2020-08-21 13:23:36,108 DEBUG com.zaxxer.hikari.pool.HikariPool [HikariPool-1 connection adder] HikariPool-1 - After adding stats (total=10, active=0, idle=10, waiting=0)
2020-08-21 13:23:39,187 WARN com.netflix.config.sources.URLConfigurationSource [restartedMain] No URLs will be polled as dynamic configuration sources.
2020-08-21 13:23:39,188 INFO com.netflix.config.sources.URLConfigurationSource [restartedMain] To enable URLs as dynamic configuration sources, define System property archaius.configurationSource.additionalUrls or make config.properties available on classpath.
2020-08-21 13:23:39,198 WARN com.netflix.config.sources.URLConfigurationSource [restartedMain] No URLs will be polled as dynamic configuration sources.
2020-08-21 13:23:39,198 INFO com.netflix.config.sources.URLConfigurationSource [restartedMain] To enable URLs as dynamic configuration sources, define System property archaius.configurationSource.additionalUrls or make config.properties available on classpath.
2020-08-21 13:23:40,217 INFO com.netflix.discovery.DiscoveryClient [restartedMain] Initializing Eureka in region us-east-1
2020-08-21 13:23:40,475 INFO com.netflix.discovery.provider.DiscoveryJerseyProvider [restartedMain] Using JSON encoding codec LegacyJacksonJson
2020-08-21 13:23:40,475 INFO com.netflix.discovery.provider.DiscoveryJerseyProvider [restartedMain] Using JSON decoding codec LegacyJacksonJson
2020-08-21 13:23:40,661 INFO com.netflix.discovery.provider.DiscoveryJerseyProvider [restartedMain] Using XML encoding codec XStreamXml
2020-08-21 13:23:40,661 INFO com.netflix.discovery.provider.DiscoveryJerseyProvider [restartedMain] Using XML decoding codec XStreamXml
2020-08-21 13:23:40,691 INFO com.sun.jersey.spi.service.ServiceFinder [restartedMain] Running in a non-OSGi environment
2020-08-21 13:23:40,697 INFO com.sun.jersey.core.spi.component.ProviderServices [restartedMain] Searching for providers that implement: interface com.sun.jersey.client.proxy.ViewProxyProvider
2020-08-21 13:23:40,700 INFO com.sun.jersey.core.spi.component.ProviderServices [restartedMain] Searching for providers that implement: interface com.sun.jersey.spi.inject.InjectableProvider
2020-08-21 13:23:40,705 INFO com.sun.jersey.core.spi.component.ProviderServices [restartedMain]     Provider found: class com.sun.jersey.core.impl.provider.xml.SAXParserContextProvider
2020-08-21 13:23:40,705 INFO com.sun.jersey.core.spi.component.ProviderServices [restartedMain]     Provider found: class com.sun.jersey.core.impl.provider.xml.XMLStreamReaderContextProvider
2020-08-21 13:23:40,706 INFO com.sun.jersey.core.spi.component.ProviderServices [restartedMain]     Provider found: class com.sun.jersey.core.impl.provider.xml.DocumentBuilderFactoryProvider
2020-08-21 13:23:40,706 INFO com.sun.jersey.core.spi.component.ProviderServices [restartedMain]     Provider found: class com.sun.jersey.core.impl.provider.xml.TransformerFactoryProvider
2020-08-21 13:23:40,760 INFO com.sun.jersey.core.spi.component.ProviderServices [restartedMain] Searching for providers that implement: interface javax.ws.rs.ext.MessageBodyReader
2020-08-21 13:23:40,775 INFO com.sun.jersey.core.spi.component.ProviderServices [restartedMain]     Provider found: class com.sun.jersey.core.impl.provider.entity.StringProvider
2020-08-21 13:23:40,775 INFO com.sun.jersey.core.spi.component.ProviderServices [restartedMain]     Provider found: class com.sun.jersey.core.impl.provider.entity.ByteArrayProvider
2020-08-21 13:23:40,775 INFO com.sun.jersey.core.spi.component.ProviderServices [restartedMain]     Provider found: class com.sun.jersey.core.impl.provider.entity.FileProvider
2020-08-21 13:23:40,776 INFO com.sun.jersey.core.spi.component.ProviderServices [restartedMain]     Provider found: class com.sun.jersey.core.impl.provider.entity.InputStreamProvider
2020-08-21 13:23:40,776 INFO com.sun.jersey.core.spi.component.ProviderServices [restartedMain]     Provider found: class com.sun.jersey.core.impl.provider.entity.DataSourceProvider
2020-08-21 13:23:40,776 INFO com.sun.jersey.core.spi.component.ProviderServices [restartedMain]     Provider found: class com.sun.jersey.core.impl.provider.entity.RenderedImageProvider
2020-08-21 13:23:40,776 INFO com.sun.jersey.core.spi.component.ProviderServices [restartedMain]     Provider found: class com.sun.jersey.core.impl.provider.entity.MimeMultipartProvider
2020-08-21 13:23:40,776 INFO com.sun.jersey.core.spi.component.ProviderServices [restartedMain]     Provider found: class com.sun.jersey.core.impl.provider.entity.FormProvider
2020-08-21 13:23:40,776 INFO com.sun.jersey.core.spi.component.ProviderServices [restartedMain]     Provider found: class com.sun.jersey.core.impl.provider.entity.FormMultivaluedMapProvider
2020-08-21 13:23:40,776 INFO com.sun.jersey.core.spi.component.ProviderServices [restartedMain]     Provider found: class com.sun.jersey.core.impl.provider.entity.XMLRootElementProvider$App
2020-08-21 13:23:40,777 INFO com.sun.jersey.core.spi.component.ProviderServices [restartedMain]     Provider found: class com.sun.jersey.core.impl.provider.entity.XMLRootElementProvider$Text
2020-08-21 13:23:40,777 INFO com.sun.jersey.core.spi.component.ProviderServices [restartedMain]     Provider found: class com.sun.jersey.core.impl.provider.entity.XMLRootElementProvider$General
2020-08-21 13:23:40,777 INFO com.sun.jersey.core.spi.component.ProviderServices [restartedMain]     Provider found: class com.sun.jersey.core.impl.provider.entity.XMLJAXBElementProvider$App
2020-08-21 13:23:40,777 INFO com.sun.jersey.core.spi.component.ProviderServices [restartedMain]     Provider found: class com.sun.jersey.core.impl.provider.entity.XMLJAXBElementProvider$Text
2020-08-21 13:23:40,777 INFO com.sun.jersey.core.spi.component.ProviderServices [restartedMain]     Provider found: class com.sun.jersey.core.impl.provider.entity.XMLJAXBElementProvider$General
2020-08-21 13:23:40,778 INFO com.sun.jersey.core.spi.component.ProviderServices [restartedMain]     Provider found: class com.sun.jersey.core.impl.provider.entity.XMLListElementProvider$App
2020-08-21 13:23:40,778 INFO com.sun.jersey.core.spi.component.ProviderServices [restartedMain]     Provider found: class com.sun.jersey.core.impl.provider.entity.XMLListElementProvider$Text
2020-08-21 13:23:40,778 INFO com.sun.jersey.core.spi.component.ProviderServices [restartedMain]     Provider found: class com.sun.jersey.core.impl.provider.entity.XMLListElementProvider$General
2020-08-21 13:23:40,778 INFO com.sun.jersey.core.spi.component.ProviderServices [restartedMain]     Provider found: class com.sun.jersey.core.impl.provider.entity.ReaderProvider
2020-08-21 13:23:40,779 INFO com.sun.jersey.core.spi.component.ProviderServices [restartedMain]     Provider found: class com.sun.jersey.core.impl.provider.entity.DocumentProvider
2020-08-21 13:23:40,779 INFO com.sun.jersey.core.spi.component.ProviderServices [restartedMain]     Provider found: class com.sun.jersey.core.impl.provider.entity.SourceProvider$StreamSourceReader
2020-08-21 13:23:40,779 INFO com.sun.jersey.core.spi.component.ProviderServices [restartedMain]     Provider found: class com.sun.jersey.core.impl.provider.entity.SourceProvider$SAXSourceReader
2020-08-21 13:23:40,779 INFO com.sun.jersey.core.spi.component.ProviderServices [restartedMain]     Provider found: class com.sun.jersey.core.impl.provider.entity.SourceProvider$DOMSourceReader
2020-08-21 13:23:40,779 INFO com.sun.jersey.core.spi.component.ProviderServices [restartedMain]     Provider found: class com.sun.jersey.core.impl.provider.entity.XMLRootObjectProvider$App
2020-08-21 13:23:40,779 INFO com.sun.jersey.core.spi.component.ProviderServices [restartedMain]     Provider found: class com.sun.jersey.core.impl.provider.entity.XMLRootObjectProvider$Text
2020-08-21 13:23:40,780 INFO com.sun.jersey.core.spi.component.ProviderServices [restartedMain]     Provider found: class com.sun.jersey.core.impl.provider.entity.XMLRootObjectProvider$General
2020-08-21 13:23:40,780 INFO com.sun.jersey.core.spi.component.ProviderServices [restartedMain]     Provider found: class com.sun.jersey.core.impl.provider.entity.EntityHolderReader
2020-08-21 13:23:40,803 INFO com.sun.jersey.core.spi.component.ProviderFactory [restartedMain] A dependent class, javax/mail/MessagingException, of the component class com.sun.jersey.core.impl.provider.entity.MimeMultipartProvider is not found. The component is ignored.
2020-08-21 13:23:40,868 INFO com.sun.jersey.core.spi.component.ProviderServices [restartedMain] Searching for providers that implement: interface javax.ws.rs.ext.MessageBodyWriter
2020-08-21 13:23:40,870 INFO com.sun.jersey.core.spi.component.ProviderServices [restartedMain]     Provider found: class com.sun.jersey.core.impl.provider.entity.StringProvider
2020-08-21 13:23:40,870 INFO com.sun.jersey.core.spi.component.ProviderServices [restartedMain]     Provider found: class com.sun.jersey.core.impl.provider.entity.ByteArrayProvider
2020-08-21 13:23:40,871 INFO com.sun.jersey.core.spi.component.ProviderServices [restartedMain]     Provider found: class com.sun.jersey.core.impl.provider.entity.FileProvider
2020-08-21 13:23:40,871 INFO com.sun.jersey.core.spi.component.ProviderServices [restartedMain]     Provider found: class com.sun.jersey.core.impl.provider.entity.InputStreamProvider
2020-08-21 13:23:40,871 INFO com.sun.jersey.core.spi.component.ProviderServices [restartedMain]     Provider found: class com.sun.jersey.core.impl.provider.entity.DataSourceProvider
2020-08-21 13:23:40,871 INFO com.sun.jersey.core.spi.component.ProviderServices [restartedMain]     Provider found: class com.sun.jersey.core.impl.provider.entity.RenderedImageProvider
2020-08-21 13:23:40,871 INFO com.sun.jersey.core.spi.component.ProviderServices [restartedMain]     Provider found: class com.sun.jersey.core.impl.provider.entity.MimeMultipartProvider
2020-08-21 13:23:40,871 INFO com.sun.jersey.core.spi.component.ProviderServices [restartedMain]     Provider found: class com.sun.jersey.core.impl.provider.entity.FormProvider
2020-08-21 13:23:40,871 INFO com.sun.jersey.core.spi.component.ProviderServices [restartedMain]     Provider found: class com.sun.jersey.core.impl.provider.entity.FormMultivaluedMapProvider
2020-08-21 13:23:40,872 INFO com.sun.jersey.core.spi.component.ProviderServices [restartedMain]     Provider found: class com.sun.jersey.core.impl.provider.entity.XMLRootElementProvider$App
2020-08-21 13:23:40,872 INFO com.sun.jersey.core.spi.component.ProviderServices [restartedMain]     Provider found: class com.sun.jersey.core.impl.provider.entity.XMLRootElementProvider$Text
2020-08-21 13:23:40,872 INFO com.sun.jersey.core.spi.component.ProviderServices [restartedMain]     Provider found: class com.sun.jersey.core.impl.provider.entity.XMLRootElementProvider$General
2020-08-21 13:23:40,872 INFO com.sun.jersey.core.spi.component.ProviderServices [restartedMain]     Provider found: class com.sun.jersey.core.impl.provider.entity.XMLJAXBElementProvider$App
2020-08-21 13:23:40,872 INFO com.sun.jersey.core.spi.component.ProviderServices [restartedMain]     Provider found: class com.sun.jersey.core.impl.provider.entity.XMLJAXBElementProvider$Text
2020-08-21 13:23:40,873 INFO com.sun.jersey.core.spi.component.ProviderServices [restartedMain]     Provider found: class com.sun.jersey.core.impl.provider.entity.XMLJAXBElementProvider$General
2020-08-21 13:23:40,873 INFO com.sun.jersey.core.spi.component.ProviderServices [restartedMain]     Provider found: class com.sun.jersey.core.impl.provider.entity.XMLListElementProvider$App
2020-08-21 13:23:40,873 INFO com.sun.jersey.core.spi.component.ProviderServices [restartedMain]     Provider found: class com.sun.jersey.core.impl.provider.entity.XMLListElementProvider$Text
2020-08-21 13:23:40,873 INFO com.sun.jersey.core.spi.component.ProviderServices [restartedMain]     Provider found: class com.sun.jersey.core.impl.provider.entity.XMLListElementProvider$General
2020-08-21 13:23:40,873 INFO com.sun.jersey.core.spi.component.ProviderServices [restartedMain]     Provider found: class com.sun.jersey.core.impl.provider.entity.ReaderProvider
2020-08-21 13:23:40,873 INFO com.sun.jersey.core.spi.component.ProviderServices [restartedMain]     Provider found: class com.sun.jersey.core.impl.provider.entity.DocumentProvider
2020-08-21 13:23:40,874 INFO com.sun.jersey.core.spi.component.ProviderServices [restartedMain]     Provider found: class com.sun.jersey.core.impl.provider.entity.StreamingOutputProvider
2020-08-21 13:23:40,874 INFO com.sun.jersey.core.spi.component.ProviderServices [restartedMain]     Provider found: class com.sun.jersey.core.impl.provider.entity.SourceProvider$SourceWriter
2020-08-21 13:23:40,875 INFO com.sun.jersey.core.spi.component.ProviderFactory [restartedMain] A dependent class, javax/mail/MessagingException, of the component class com.sun.jersey.core.impl.provider.entity.MimeMultipartProvider is not found. The component is ignored.
2020-08-21 13:23:40,949 INFO com.netflix.discovery.shared.resolver.aws.ConfigClusterResolver [restartedMain] Resolving eureka endpoints via configuration
2020-08-21 13:23:40,950 DEBUG com.netflix.discovery.endpoint.EndpointUtils [restartedMain] The availability zone for the given region us-east-1 are [defaultZone]
2020-08-21 13:23:40,951 DEBUG com.netflix.discovery.shared.resolver.aws.ConfigClusterResolver [restartedMain] Config resolved to [AwsEndpoint{ serviceUrl='http://localhost:8761/eureka/', region='us-east-1', zone='defaultZone'}]
2020-08-21 13:23:40,955 DEBUG com.netflix.discovery.shared.resolver.aws.ZoneAffinityClusterResolver [restartedMain] Local zone=defaultZone; resolved to: [AwsEndpoint{ serviceUrl='http://localhost:8761/eureka/', region='us-east-1', zone='defaultZone'}]
2020-08-21 13:23:40,980 INFO com.netflix.discovery.DiscoveryClient [restartedMain] Disable delta property : false
2020-08-21 13:23:40,980 INFO com.netflix.discovery.DiscoveryClient [restartedMain] Single vip registry refresh property : null
2020-08-21 13:23:40,981 INFO com.netflix.discovery.DiscoveryClient [restartedMain] Force full registry fetch : false
2020-08-21 13:23:40,981 INFO com.netflix.discovery.DiscoveryClient [restartedMain] Application is null : false
2020-08-21 13:23:40,981 INFO com.netflix.discovery.DiscoveryClient [restartedMain] Registered Applications size is zero : true
2020-08-21 13:23:40,981 INFO com.netflix.discovery.DiscoveryClient [restartedMain] Application version is -1: true
2020-08-21 13:23:40,981 INFO com.netflix.discovery.DiscoveryClient [restartedMain] Getting all instance registry info from the eureka server
2020-08-21 13:23:40,981 DEBUG com.netflix.discovery.shared.transport.decorator.SessionedEurekaHttpClient [restartedMain] Ending a session and starting anew
2020-08-21 13:23:40,984 DEBUG com.netflix.discovery.shared.transport.jersey.AbstractJerseyEurekaHttpClient [restartedMain] Created client for url: http://localhost:8761/eureka/
2020-08-21 13:23:41,053 DEBUG com.netflix.discovery.shared.MonitoredConnectionManager [restartedMain] Get connection: {}->http://localhost:8761, timeout = 5000
2020-08-21 13:23:41,054 DEBUG com.netflix.discovery.shared.NamedConnectionPool [restartedMain] [{}->http://localhost:8761] total kept alive: 0, total issued: 0, total allocated: 0 out of 200
2020-08-21 13:23:41,054 DEBUG com.netflix.discovery.shared.NamedConnectionPool [restartedMain] No free connections [{}->http://localhost:8761][null]
2020-08-21 13:23:41,054 DEBUG com.netflix.discovery.shared.NamedConnectionPool [restartedMain] Available capacity: 50 out of 50 [{}->http://localhost:8761][null]
2020-08-21 13:23:41,054 DEBUG com.netflix.discovery.shared.NamedConnectionPool [restartedMain] Creating new connection [{}->http://localhost:8761]
2020-08-21 13:23:41,120 DEBUG com.netflix.discovery.shared.MonitoredConnectionManager [restartedMain] Released connection is reusable.
2020-08-21 13:23:41,120 DEBUG com.netflix.discovery.shared.NamedConnectionPool [restartedMain] Releasing connection [{}->http://localhost:8761][null]
2020-08-21 13:23:41,120 DEBUG com.netflix.discovery.shared.NamedConnectionPool [restartedMain] Pooling connection [{}->http://localhost:8761][null]; keep alive for 60000 MILLISECONDS
2020-08-21 13:23:41,120 DEBUG com.netflix.discovery.shared.NamedConnectionPool [restartedMain] Notifying no-one, there are no waiting threads
2020-08-21 13:23:41,122 DEBUG com.netflix.discovery.shared.transport.jersey.AbstractJerseyEurekaHttpClient [restartedMain] Jersey HTTP GET http://localhost:8761/eureka//apps/?; statusCode=200
2020-08-21 13:23:41,123 DEBUG com.netflix.discovery.shared.transport.decorator.RedirectingEurekaHttpClient [restartedMain] Pinning to endpoint null
2020-08-21 13:23:41,123 INFO com.netflix.discovery.DiscoveryClient [restartedMain] The response status is 200
2020-08-21 13:23:41,123 ERROR com.netflix.discovery.DiscoveryClient [restartedMain] The application is null for some reason. Not storing this information
2020-08-21 13:23:41,123 DEBUG com.netflix.discovery.DiscoveryClient [restartedMain] The total number of all instances in the client now is 0
2020-08-21 13:23:41,125 INFO com.netflix.discovery.DiscoveryClient [restartedMain] Starting heartbeat executor: renew interval is: 30
2020-08-21 13:23:41,128 INFO com.netflix.discovery.InstanceInfoReplicator [restartedMain] InstanceInfoReplicator onDemand update allowed rate per min is 4
2020-08-21 13:23:41,134 INFO com.netflix.discovery.DiscoveryClient [restartedMain] Discovery Client initialized at timestamp 1598009021131 with initial instances count: 0
2020-08-21 13:23:41,137 INFO com.netflix.discovery.DiscoveryClient [restartedMain] Saw local status change event StatusChangeEvent [timestamp=1598009021137, current=UP, previous=STARTING]
2020-08-21 13:23:41,138 DEBUG com.netflix.discovery.InstanceInfoReplicator [DiscoveryClient-InstanceInfoReplicator-0] Executing on-demand update of local InstanceInfo
2020-08-21 13:23:41,138 DEBUG com.netflix.discovery.InstanceInfoReplicator [DiscoveryClient-InstanceInfoReplicator-0] Canceling the latest scheduled update, it will be rescheduled at the end of on demand update
2020-08-21 13:23:41,140 INFO com.netflix.discovery.DiscoveryClient [DiscoveryClient-InstanceInfoReplicator-0] DiscoveryClient_LEAVES/ravis-mbp.fritz.box:leaves:8086: registering service...
2020-08-21 13:23:41,141 DEBUG com.netflix.discovery.shared.transport.decorator.SessionedEurekaHttpClient [DiscoveryClient-InstanceInfoReplicator-0] Ending a session and starting anew
2020-08-21 13:23:41,142 DEBUG com.netflix.discovery.shared.transport.jersey.AbstractJerseyEurekaHttpClient [DiscoveryClient-InstanceInfoReplicator-0] Created client for url: http://localhost:8761/eureka/
2020-08-21 13:23:41,147 DEBUG com.netflix.discovery.shared.MonitoredConnectionManager [DiscoveryClient-InstanceInfoReplicator-0] Get connection: {}->http://localhost:8761, timeout = 5000
2020-08-21 13:23:41,147 DEBUG com.netflix.discovery.shared.NamedConnectionPool [DiscoveryClient-InstanceInfoReplicator-0] [{}->http://localhost:8761] total kept alive: 1, total issued: 0, total allocated: 1 out of 200
2020-08-21 13:23:41,147 DEBUG com.netflix.discovery.shared.NamedConnectionPool [DiscoveryClient-InstanceInfoReplicator-0] Getting free connection [{}->http://localhost:8761][null]
2020-08-21 13:23:41,194 DEBUG com.netflix.discovery.shared.MonitoredConnectionManager [DiscoveryClient-InstanceInfoReplicator-0] Released connection is reusable.
2020-08-21 13:23:41,194 DEBUG com.netflix.discovery.shared.NamedConnectionPool [DiscoveryClient-InstanceInfoReplicator-0] Releasing connection [{}->http://localhost:8761][null]
2020-08-21 13:23:41,194 DEBUG com.netflix.discovery.shared.NamedConnectionPool [DiscoveryClient-InstanceInfoReplicator-0] Pooling connection [{}->http://localhost:8761][null]; keep alive for 60000 MILLISECONDS
2020-08-21 13:23:41,194 DEBUG com.netflix.discovery.shared.NamedConnectionPool [DiscoveryClient-InstanceInfoReplicator-0] Notifying no-one, there are no waiting threads
2020-08-21 13:23:41,195 DEBUG com.netflix.discovery.shared.transport.jersey.AbstractJerseyEurekaHttpClient [DiscoveryClient-InstanceInfoReplicator-0] Jersey HTTP POST http://localhost:8761/eureka//apps/LEAVES with instance ravis-mbp.fritz.box:leaves:8086; statusCode=204
2020-08-21 13:23:41,195 DEBUG com.netflix.discovery.shared.transport.decorator.RedirectingEurekaHttpClient [DiscoveryClient-InstanceInfoReplicator-0] Pinning to endpoint null
2020-08-21 13:23:41,195 INFO com.netflix.discovery.DiscoveryClient [DiscoveryClient-InstanceInfoReplicator-0] DiscoveryClient_LEAVES/ravis-mbp.fritz.box:leaves:8086 - registration status: 204
2020-08-21 13:23:41,200 INFO com.laminatimes.leaves.LeavesApplication [restartedMain] Started LeavesApplication in 11.245 seconds (JVM running for 12.095)
2020-08-21 13:24:06,103 DEBUG com.zaxxer.hikari.pool.HikariPool [HikariPool-1 housekeeper] HikariPool-1 - Pool stats (total=10, active=0, idle=10, waiting=0)
2020-08-21 13:24:06,104 DEBUG com.zaxxer.hikari.pool.HikariPool [HikariPool-1 housekeeper] HikariPool-1 - Fill pool skipped, pool is at sufficient level.
2020-08-21 13:24:10,903 DEBUG com.netflix.discovery.shared.MonitoredConnectionManager [Eureka-JerseyClient-Conn-Cleaner2] Closing connections idle longer than 30000 SECONDS
2020-08-21 13:24:10,903 DEBUG com.netflix.discovery.shared.NamedConnectionPool [Eureka-JerseyClient-Conn-Cleaner2] Closing connections idle longer than 30000 SECONDS
2020-08-21 13:24:11,125 INFO com.netflix.discovery.DiscoveryClient [DiscoveryClient-CacheRefreshExecutor-0] Disable delta property : false
2020-08-21 13:24:11,126 INFO com.netflix.discovery.DiscoveryClient [DiscoveryClient-CacheRefreshExecutor-0] Single vip registry refresh property : null
2020-08-21 13:24:11,126 INFO com.netflix.discovery.DiscoveryClient [DiscoveryClient-CacheRefreshExecutor-0] Force full registry fetch : false
2020-08-21 13:24:11,126 INFO com.netflix.discovery.DiscoveryClient [DiscoveryClient-CacheRefreshExecutor-0] Application is null : false
2020-08-21 13:24:11,126 INFO com.netflix.discovery.DiscoveryClient [DiscoveryClient-CacheRefreshExecutor-0] Registered Applications size is zero : true
2020-08-21 13:24:11,126 INFO com.netflix.discovery.DiscoveryClient [DiscoveryClient-CacheRefreshExecutor-0] Application version is -1: true
2020-08-21 13:24:11,126 INFO com.netflix.discovery.DiscoveryClient [DiscoveryClient-CacheRefreshExecutor-0] Getting all instance registry info from the eureka server
2020-08-21 13:24:11,126 DEBUG com.netflix.discovery.shared.MonitoredConnectionManager [DiscoveryClient-CacheRefreshExecutor-0] Get connection: {}->http://localhost:8761, timeout = 5000
2020-08-21 13:24:11,126 DEBUG com.netflix.discovery.shared.NamedConnectionPool [DiscoveryClient-CacheRefreshExecutor-0] [{}->http://localhost:8761] total kept alive: 1, total issued: 0, total allocated: 1 out of 200
2020-08-21 13:24:11,126 DEBUG com.netflix.discovery.shared.NamedConnectionPool [DiscoveryClient-CacheRefreshExecutor-0] Getting free connection [{}->http://localhost:8761][null]
2020-08-21 13:24:11,127 DEBUG com.netflix.discovery.shared.MonitoredConnectionManager [DiscoveryClient-HeartbeatExecutor-0] Get connection: {}->http://localhost:8761, timeout = 5000
2020-08-21 13:24:11,127 DEBUG com.netflix.discovery.shared.NamedConnectionPool [DiscoveryClient-HeartbeatExecutor-0] [{}->http://localhost:8761] total kept alive: 0, total issued: 1, total allocated: 1 out of 200
2020-08-21 13:24:11,128 DEBUG com.netflix.discovery.shared.NamedConnectionPool [DiscoveryClient-HeartbeatExecutor-0] No free connections [{}->http://localhost:8761][null]
2020-08-21 13:24:11,128 DEBUG com.netflix.discovery.shared.NamedConnectionPool [DiscoveryClient-HeartbeatExecutor-0] Available capacity: 49 out of 50 [{}->http://localhost:8761][null]
2020-08-21 13:24:11,128 DEBUG com.netflix.discovery.shared.NamedConnectionPool [DiscoveryClient-HeartbeatExecutor-0] Creating new connection [{}->http://localhost:8761]
2020-08-21 13:24:11,133 DEBUG com.netflix.discovery.shared.MonitoredConnectionManager [DiscoveryClient-HeartbeatExecutor-0] Released connection is reusable.
2020-08-21 13:24:11,134 DEBUG com.netflix.discovery.shared.NamedConnectionPool [DiscoveryClient-HeartbeatExecutor-0] Releasing connection [{}->http://localhost:8761][null]
2020-08-21 13:24:11,134 DEBUG com.netflix.discovery.shared.NamedConnectionPool [DiscoveryClient-HeartbeatExecutor-0] Pooling connection [{}->http://localhost:8761][null]; keep alive for 60000 MILLISECONDS
2020-08-21 13:24:11,134 DEBUG com.netflix.discovery.shared.NamedConnectionPool [DiscoveryClient-HeartbeatExecutor-0] Notifying no-one, there are no waiting threads
2020-08-21 13:24:11,134 DEBUG com.netflix.discovery.shared.transport.jersey.AbstractJerseyEurekaHttpClient [DiscoveryClient-HeartbeatExecutor-0] Jersey HTTP PUT http://localhost:8761/eureka//apps/LEAVES/ravis-mbp.fritz.box:leaves:8086; statusCode=200
2020-08-21 13:24:11,134 DEBUG com.netflix.discovery.DiscoveryClient [DiscoveryClient-HeartbeatExecutor-0] DiscoveryClient_LEAVES/ravis-mbp.fritz.box:leaves:8086 - Heartbeat status: 200
2020-08-21 13:24:11,135 DEBUG com.netflix.discovery.shared.MonitoredConnectionManager [DiscoveryClient-CacheRefreshExecutor-0] Released connection is reusable.
2020-08-21 13:24:11,136 DEBUG com.netflix.discovery.shared.NamedConnectionPool [DiscoveryClient-CacheRefreshExecutor-0] Releasing connection [{}->http://localhost:8761][null]
2020-08-21 13:24:11,136 DEBUG com.netflix.discovery.shared.NamedConnectionPool [DiscoveryClient-CacheRefreshExecutor-0] Pooling connection [{}->http://localhost:8761][null]; keep alive for 60000 MILLISECONDS
2020-08-21 13:24:11,136 DEBUG com.netflix.discovery.shared.NamedConnectionPool [DiscoveryClient-CacheRefreshExecutor-0] Notifying no-one, there are no waiting threads
2020-08-21 13:24:11,136 DEBUG com.netflix.discovery.shared.transport.jersey.AbstractJerseyEurekaHttpClient [DiscoveryClient-CacheRefreshExecutor-0] Jersey HTTP GET http://localhost:8761/eureka//apps/?; statusCode=200
2020-08-21 13:24:11,136 INFO com.netflix.discovery.DiscoveryClient [DiscoveryClient-CacheRefreshExecutor-0] The response status is 200
2020-08-21 13:24:11,136 ERROR com.netflix.discovery.DiscoveryClient [DiscoveryClient-CacheRefreshExecutor-0] The application is null for some reason. Not storing this information
2020-08-21 13:24:11,136 DEBUG com.netflix.discovery.DiscoveryClient [DiscoveryClient-CacheRefreshExecutor-0] The total number of all instances in the client now is 0
2020-08-21 13:24:11,137 DEBUG com.netflix.discovery.DiscoveryClient [DiscoveryClient-CacheRefreshExecutor-0] Completed cache refresh task for discovery. All Apps hash code is Local region apps hashcode: , is fetching remote regions? false 
2020-08-21 13:24:36,106 DEBUG com.zaxxer.hikari.pool.HikariPool [HikariPool-1 housekeeper] HikariPool-1 - Pool stats (total=10, active=0, idle=10, waiting=0)
2020-08-21 13:24:36,106 DEBUG com.zaxxer.hikari.pool.HikariPool [HikariPool-1 housekeeper] HikariPool-1 - Fill pool skipped, pool is at sufficient level.
2020-08-21 13:24:40,905 DEBUG com.netflix.discovery.shared.MonitoredConnectionManager [Eureka-JerseyClient-Conn-Cleaner2] Closing connections idle longer than 30000 SECONDS
2020-08-21 13:24:40,906 DEBUG com.netflix.discovery.shared.NamedConnectionPool [Eureka-JerseyClient-Conn-Cleaner2] Closing connections idle longer than 30000 SECONDS
2020-08-21 13:24:41,139 INFO com.netflix.discovery.DiscoveryClient [DiscoveryClient-CacheRefreshExecutor-0] Disable delta property : false
2020-08-21 13:24:41,139 INFO com.netflix.discovery.DiscoveryClient [DiscoveryClient-CacheRefreshExecutor-0] Single vip registry refresh property : null
2020-08-21 13:24:41,139 INFO com.netflix.discovery.DiscoveryClient [DiscoveryClient-CacheRefreshExecutor-0] Force full registry fetch : false
2020-08-21 13:24:41,139 INFO com.netflix.discovery.DiscoveryClient [DiscoveryClient-CacheRefreshExecutor-0] Application is null : false
2020-08-21 13:24:41,139 DEBUG com.netflix.discovery.shared.MonitoredConnectionManager [DiscoveryClient-HeartbeatExecutor-0] Get connection: {}->http://localhost:8761, timeout = 5000
2020-08-21 13:24:41,139 INFO com.netflix.discovery.DiscoveryClient [DiscoveryClient-CacheRefreshExecutor-0] Registered Applications size is zero : true
2020-08-21 13:24:41,139 DEBUG com.netflix.discovery.shared.NamedConnectionPool [DiscoveryClient-HeartbeatExecutor-0] [{}->http://localhost:8761] total kept alive: 2, total issued: 0, total allocated: 2 out of 200
2020-08-21 13:24:41,139 INFO com.netflix.discovery.DiscoveryClient [DiscoveryClient-CacheRefreshExecutor-0] Application version is -1: true
2020-08-21 13:24:41,140 DEBUG com.netflix.discovery.shared.NamedConnectionPool [DiscoveryClient-HeartbeatExecutor-0] Getting free connection [{}->http://localhost:8761][null]
2020-08-21 13:24:41,140 INFO com.netflix.discovery.DiscoveryClient [DiscoveryClient-CacheRefreshExecutor-0] Getting all instance registry info from the eureka server
2020-08-21 13:24:41,140 DEBUG com.netflix.discovery.shared.MonitoredConnectionManager [DiscoveryClient-CacheRefreshExecutor-0] Get connection: {}->http://localhost:8761, timeout = 5000
2020-08-21 13:24:41,140 DEBUG com.netflix.discovery.shared.NamedConnectionPool [DiscoveryClient-CacheRefreshExecutor-0] [{}->http://localhost:8761] total kept alive: 1, total issued: 1, total allocated: 2 out of 200
2020-08-21 13:24:41,140 DEBUG com.netflix.discovery.shared.NamedConnectionPool [DiscoveryClient-CacheRefreshExecutor-0] Getting free connection [{}->http://localhost:8761][null]
2020-08-21 13:24:41,143 DEBUG com.netflix.discovery.shared.MonitoredConnectionManager [DiscoveryClient-HeartbeatExecutor-0] Released connection is reusable.
2020-08-21 13:24:41,143 DEBUG com.netflix.discovery.shared.NamedConnectionPool [DiscoveryClient-HeartbeatExecutor-0] Releasing connection [{}->http://localhost:8761][null]
2020-08-21 13:24:41,143 DEBUG com.netflix.discovery.shared.NamedConnectionPool [DiscoveryClient-HeartbeatExecutor-0] Pooling connection [{}->http://localhost:8761][null]; keep alive for 60000 MILLISECONDS
2020-08-21 13:24:41,143 DEBUG com.netflix.discovery.shared.NamedConnectionPool [DiscoveryClient-HeartbeatExecutor-0] Notifying no-one, there are no waiting threads
2020-08-21 13:24:41,143 DEBUG com.netflix.discovery.shared.transport.jersey.AbstractJerseyEurekaHttpClient [DiscoveryClient-HeartbeatExecutor-0] Jersey HTTP PUT http://localhost:8761/eureka//apps/LEAVES/ravis-mbp.fritz.box:leaves:8086; statusCode=200
2020-08-21 13:24:41,143 DEBUG com.netflix.discovery.DiscoveryClient [DiscoveryClient-HeartbeatExecutor-0] DiscoveryClient_LEAVES/ravis-mbp.fritz.box:leaves:8086 - Heartbeat status: 200
2020-08-21 13:24:41,145 DEBUG com.netflix.discovery.shared.MonitoredConnectionManager [DiscoveryClient-CacheRefreshExecutor-0] Released connection is reusable.
2020-08-21 13:24:41,145 DEBUG com.netflix.discovery.shared.NamedConnectionPool [DiscoveryClient-CacheRefreshExecutor-0] Releasing connection [{}->http://localhost:8761][null]
2020-08-21 13:24:41,145 DEBUG com.netflix.discovery.shared.NamedConnectionPool [DiscoveryClient-CacheRefreshExecutor-0] Pooling connection [{}->http://localhost:8761][null]; keep alive for 60000 MILLISECONDS
2020-08-21 13:24:41,145 DEBUG com.netflix.discovery.shared.NamedConnectionPool [DiscoveryClient-CacheRefreshExecutor-0] Notifying no-one, there are no waiting threads
2020-08-21 13:24:41,145 DEBUG com.netflix.discovery.shared.transport.jersey.AbstractJerseyEurekaHttpClient [DiscoveryClient-CacheRefreshExecutor-0] Jersey HTTP GET http://localhost:8761/eureka//apps/?; statusCode=200
2020-08-21 13:24:41,145 INFO com.netflix.discovery.DiscoveryClient [DiscoveryClient-CacheRefreshExecutor-0] The response status is 200
2020-08-21 13:24:41,145 ERROR com.netflix.discovery.DiscoveryClient [DiscoveryClient-CacheRefreshExecutor-0] The application is null for some reason. Not storing this information
2020-08-21 13:24:41,145 DEBUG com.netflix.discovery.DiscoveryClient [DiscoveryClient-CacheRefreshExecutor-0] The total number of all instances in the client now is 0
2020-08-21 13:24:41,146 DEBUG com.netflix.discovery.DiscoveryClient [DiscoveryClient-CacheRefreshExecutor-0] Completed cache refresh task for discovery. All Apps hash code is Local region apps hashcode: , is fetching remote regions? false 
2020-08-21 13:25:06,106 DEBUG com.zaxxer.hikari.pool.HikariPool [HikariPool-1 housekeeper] HikariPool-1 - Pool stats (total=10, active=0, idle=10, waiting=0)
2020-08-21 13:25:06,107 DEBUG com.zaxxer.hikari.pool.HikariPool [HikariPool-1 housekeeper] HikariPool-1 - Fill pool skipped, pool is at sufficient level.
2020-08-21 13:25:10,909 DEBUG com.netflix.discovery.shared.MonitoredConnectionManager [Eureka-JerseyClient-Conn-Cleaner2] Closing connections idle longer than 30000 SECONDS
2020-08-21 13:25:10,909 DEBUG com.netflix.discovery.shared.NamedConnectionPool [Eureka-JerseyClient-Conn-Cleaner2] Closing connections idle longer than 30000 SECONDS
2020-08-21 13:25:11,145 DEBUG com.netflix.discovery.shared.MonitoredConnectionManager [DiscoveryClient-HeartbeatExecutor-0] Get connection: {}->http://localhost:8761, timeout = 5000
2020-08-21 13:25:11,146 DEBUG com.netflix.discovery.shared.NamedConnectionPool [DiscoveryClient-HeartbeatExecutor-0] [{}->http://localhost:8761] total kept alive: 2, total issued: 0, total allocated: 2 out of 200
2020-08-21 13:25:11,146 INFO com.netflix.discovery.DiscoveryClient [DiscoveryClient-CacheRefreshExecutor-0] Disable delta property : false
2020-08-21 13:25:11,146 DEBUG com.netflix.discovery.shared.NamedConnectionPool [DiscoveryClient-HeartbeatExecutor-0] Getting free connection [{}->http://localhost:8761][null]
2020-08-21 13:25:11,146 INFO com.netflix.discovery.DiscoveryClient [DiscoveryClient-CacheRefreshExecutor-0] Single vip registry refresh property : null
2020-08-21 13:25:11,146 INFO com.netflix.discovery.DiscoveryClient [DiscoveryClient-CacheRefreshExecutor-0] Force full registry fetch : false
2020-08-21 13:25:11,146 INFO com.netflix.discovery.DiscoveryClient [DiscoveryClient-CacheRefreshExecutor-0] Application is null : false
2020-08-21 13:25:11,146 INFO com.netflix.discovery.DiscoveryClient [DiscoveryClient-CacheRefreshExecutor-0] Registered Applications size is zero : true
2020-08-21 13:25:11,146 INFO com.netflix.discovery.DiscoveryClient [DiscoveryClient-CacheRefreshExecutor-0] Application version is -1: true
2020-08-21 13:25:11,146 INFO com.netflix.discovery.DiscoveryClient [DiscoveryClient-CacheRefreshExecutor-0] Getting all instance registry info from the eureka server
2020-08-21 13:25:11,146 DEBUG com.netflix.discovery.shared.MonitoredConnectionManager [DiscoveryClient-CacheRefreshExecutor-0] Get connection: {}->http://localhost:8761, timeout = 5000
2020-08-21 13:25:11,146 DEBUG com.netflix.discovery.shared.NamedConnectionPool [DiscoveryClient-CacheRefreshExecutor-0] [{}->http://localhost:8761] total kept alive: 1, total issued: 1, total allocated: 2 out of 200
2020-08-21 13:25:11,146 DEBUG com.netflix.discovery.shared.NamedConnectionPool [DiscoveryClient-CacheRefreshExecutor-0] Getting free connection [{}->http://localhost:8761][null]
2020-08-21 13:25:11,148 DEBUG com.netflix.discovery.shared.MonitoredConnectionManager [DiscoveryClient-HeartbeatExecutor-0] Released connection is reusable.
2020-08-21 13:25:11,149 DEBUG com.netflix.discovery.shared.NamedConnectionPool [DiscoveryClient-HeartbeatExecutor-0] Releasing connection [{}->http://localhost:8761][null]
2020-08-21 13:25:11,149 DEBUG com.netflix.discovery.shared.NamedConnectionPool [DiscoveryClient-HeartbeatExecutor-0] Pooling connection [{}->http://localhost:8761][null]; keep alive for 60000 MILLISECONDS
2020-08-21 13:25:11,149 DEBUG com.netflix.discovery.shared.NamedConnectionPool [DiscoveryClient-HeartbeatExecutor-0] Notifying no-one, there are no waiting threads
2020-08-21 13:25:11,149 DEBUG com.netflix.discovery.shared.transport.jersey.AbstractJerseyEurekaHttpClient [DiscoveryClient-HeartbeatExecutor-0] Jersey HTTP PUT http://localhost:8761/eureka//apps/LEAVES/ravis-mbp.fritz.box:leaves:8086; statusCode=200
2020-08-21 13:25:11,149 DEBUG com.netflix.discovery.DiscoveryClient [DiscoveryClient-HeartbeatExecutor-0] DiscoveryClient_LEAVES/ravis-mbp.fritz.box:leaves:8086 - Heartbeat status: 200
2020-08-21 13:25:11,152 DEBUG com.netflix.discovery.shared.MonitoredConnectionManager [DiscoveryClient-CacheRefreshExecutor-0] Released connection is reusable.
2020-08-21 13:25:11,152 DEBUG com.netflix.discovery.shared.NamedConnectionPool [DiscoveryClient-CacheRefreshExecutor-0] Releasing connection [{}->http://localhost:8761][null]
2020-08-21 13:25:11,152 DEBUG com.netflix.discovery.shared.NamedConnectionPool [DiscoveryClient-CacheRefreshExecutor-0] Pooling connection [{}->http://localhost:8761][null]; keep alive for 60000 MILLISECONDS
2020-08-21 13:25:11,152 DEBUG com.netflix.discovery.shared.NamedConnectionPool [DiscoveryClient-CacheRefreshExecutor-0] Notifying no-one, there are no waiting threads
2020-08-21 13:25:11,152 DEBUG com.netflix.discovery.shared.transport.jersey.AbstractJerseyEurekaHttpClient [DiscoveryClient-CacheRefreshExecutor-0] Jersey HTTP GET http://localhost:8761/eureka//apps/?; statusCode=200
2020-08-21 13:25:11,152 INFO com.netflix.discovery.DiscoveryClient [DiscoveryClient-CacheRefreshExecutor-0] The response status is 200
2020-08-21 13:25:11,152 ERROR com.netflix.discovery.DiscoveryClient [DiscoveryClient-CacheRefreshExecutor-0] The application is null for some reason. Not storing this information
2020-08-21 13:25:11,152 DEBUG com.netflix.discovery.DiscoveryClient [DiscoveryClient-CacheRefreshExecutor-0] The total number of all instances in the client now is 0
2020-08-21 13:25:11,152 DEBUG com.netflix.discovery.DiscoveryClient [DiscoveryClient-CacheRefreshExecutor-0] Completed cache refresh task for discovery. All Apps hash code is Local region apps hashcode: , is fetching remote regions? false 
2020-08-21 13:25:36,110 DEBUG com.zaxxer.hikari.pool.HikariPool [HikariPool-1 housekeeper] HikariPool-1 - Pool stats (total=10, active=0, idle=10, waiting=0)
2020-08-21 13:25:36,110 DEBUG com.zaxxer.hikari.pool.HikariPool [HikariPool-1 housekeeper] HikariPool-1 - Fill pool skipped, pool is at sufficient level.
2020-08-21 13:25:40,910 DEBUG com.netflix.discovery.shared.MonitoredConnectionManager [Eureka-JerseyClient-Conn-Cleaner2] Closing connections idle longer than 30000 SECONDS
2020-08-21 13:25:40,910 DEBUG com.netflix.discovery.shared.NamedConnectionPool [Eureka-JerseyClient-Conn-Cleaner2] Closing connections idle longer than 30000 SECONDS
2020-08-21 13:25:41,149 DEBUG com.netflix.discovery.shared.MonitoredConnectionManager [DiscoveryClient-HeartbeatExecutor-0] Get connection: {}->http://localhost:8761, timeout = 5000
2020-08-21 13:25:41,150 DEBUG com.netflix.discovery.shared.NamedConnectionPool [DiscoveryClient-HeartbeatExecutor-0] [{}->http://localhost:8761] total kept alive: 2, total issued: 0, total allocated: 2 out of 200
2020-08-21 13:25:41,150 DEBUG com.netflix.discovery.shared.NamedConnectionPool [DiscoveryClient-HeartbeatExecutor-0] Getting free connection [{}->http://localhost:8761][null]
2020-08-21 13:25:41,153 INFO com.netflix.discovery.DiscoveryClient [DiscoveryClient-CacheRefreshExecutor-0] Disable delta property : false
2020-08-21 13:25:41,153 INFO com.netflix.discovery.DiscoveryClient [DiscoveryClient-CacheRefreshExecutor-0] Single vip registry refresh property : null
2020-08-21 13:25:41,153 INFO com.netflix.discovery.DiscoveryClient [DiscoveryClient-CacheRefreshExecutor-0] Force full registry fetch : false
2020-08-21 13:25:41,153 INFO com.netflix.discovery.DiscoveryClient [DiscoveryClient-CacheRefreshExecutor-0] Application is null : false
2020-08-21 13:25:41,153 INFO com.netflix.discovery.DiscoveryClient [DiscoveryClient-CacheRefreshExecutor-0] Registered Applications size is zero : true
2020-08-21 13:25:41,153 INFO com.netflix.discovery.DiscoveryClient [DiscoveryClient-CacheRefreshExecutor-0] Application version is -1: true
2020-08-21 13:25:41,153 INFO com.netflix.discovery.DiscoveryClient [DiscoveryClient-CacheRefreshExecutor-0] Getting all instance registry info from the eureka server
2020-08-21 13:25:41,153 DEBUG com.netflix.discovery.shared.MonitoredConnectionManager [DiscoveryClient-HeartbeatExecutor-0] Released connection is reusable.
2020-08-21 13:25:41,153 DEBUG com.netflix.discovery.shared.NamedConnectionPool [DiscoveryClient-HeartbeatExecutor-0] Releasing connection [{}->http://localhost:8761][null]
2020-08-21 13:25:41,153 DEBUG com.netflix.discovery.shared.NamedConnectionPool [DiscoveryClient-HeartbeatExecutor-0] Pooling connection [{}->http://localhost:8761][null]; keep alive for 60000 MILLISECONDS
2020-08-21 13:25:41,153 DEBUG com.netflix.discovery.shared.NamedConnectionPool [DiscoveryClient-HeartbeatExecutor-0] Notifying no-one, there are no waiting threads
2020-08-21 13:25:41,153 DEBUG com.netflix.discovery.shared.MonitoredConnectionManager [DiscoveryClient-CacheRefreshExecutor-0] Get connection: {}->http://localhost:8761, timeout = 5000
2020-08-21 13:25:41,153 DEBUG com.netflix.discovery.shared.transport.jersey.AbstractJerseyEurekaHttpClient [DiscoveryClient-HeartbeatExecutor-0] Jersey HTTP PUT http://localhost:8761/eureka//apps/LEAVES/ravis-mbp.fritz.box:leaves:8086; statusCode=200
2020-08-21 13:25:41,153 DEBUG com.netflix.discovery.shared.NamedConnectionPool [DiscoveryClient-CacheRefreshExecutor-0] [{}->http://localhost:8761] total kept alive: 2, total issued: 0, total allocated: 2 out of 200
2020-08-21 13:25:41,153 DEBUG com.netflix.discovery.shared.NamedConnectionPool [DiscoveryClient-CacheRefreshExecutor-0] Getting free connection [{}->http://localhost:8761][null]
2020-08-21 13:25:41,153 DEBUG com.netflix.discovery.DiscoveryClient [DiscoveryClient-HeartbeatExecutor-0] DiscoveryClient_LEAVES/ravis-mbp.fritz.box:leaves:8086 - Heartbeat status: 200
2020-08-21 13:25:41,160 DEBUG com.netflix.discovery.shared.MonitoredConnectionManager [DiscoveryClient-CacheRefreshExecutor-0] Released connection is reusable.
2020-08-21 13:25:41,160 DEBUG com.netflix.discovery.shared.NamedConnectionPool [DiscoveryClient-CacheRefreshExecutor-0] Releasing connection [{}->http://localhost:8761][null]
2020-08-21 13:25:41,160 DEBUG com.netflix.discovery.shared.NamedConnectionPool [DiscoveryClient-CacheRefreshExecutor-0] Pooling connection [{}->http://localhost:8761][null]; keep alive for 60000 MILLISECONDS
2020-08-21 13:25:41,160 DEBUG com.netflix.discovery.shared.NamedConnectionPool [DiscoveryClient-CacheRefreshExecutor-0] Notifying no-one, there are no waiting threads
2020-08-21 13:25:41,160 DEBUG com.netflix.discovery.shared.transport.jersey.AbstractJerseyEurekaHttpClient [DiscoveryClient-CacheRefreshExecutor-0] Jersey HTTP GET http://localhost:8761/eureka//apps/?; statusCode=200
2020-08-21 13:25:41,160 INFO com.netflix.discovery.DiscoveryClient [DiscoveryClient-CacheRefreshExecutor-0] The response status is 200
2020-08-21 13:25:41,160 ERROR com.netflix.discovery.DiscoveryClient [DiscoveryClient-CacheRefreshExecutor-0] The application is null for some reason. Not storing this information
2020-08-21 13:25:41,160 DEBUG com.netflix.discovery.DiscoveryClient [DiscoveryClient-CacheRefreshExecutor-0] The total number of all instances in the client now is 0
2020-08-21 13:25:41,160 DEBUG com.netflix.discovery.DiscoveryClient [DiscoveryClient-CacheRefreshExecutor-0] Completed cache refresh task for discovery. All Apps hash code is Local region apps hashcode: , is fetching remote regions? false 
2020-08-21 13:26:06,114 DEBUG com.zaxxer.hikari.pool.HikariPool [HikariPool-1 housekeeper] HikariPool-1 - Pool stats (total=10, active=0, idle=10, waiting=0)
2020-08-21 13:26:06,114 DEBUG com.zaxxer.hikari.pool.HikariPool [HikariPool-1 housekeeper] HikariPool-1 - Fill pool skipped, pool is at sufficient level.
2020-08-21 13:26:10,914 DEBUG com.netflix.discovery.shared.MonitoredConnectionManager [Eureka-JerseyClient-Conn-Cleaner2] Closing connections idle longer than 30000 SECONDS
2020-08-21 13:26:10,914 DEBUG com.netflix.discovery.shared.NamedConnectionPool [Eureka-JerseyClient-Conn-Cleaner2] Closing connections idle longer than 30000 SECONDS
2020-08-21 13:26:11,156 DEBUG com.netflix.discovery.shared.MonitoredConnectionManager [DiscoveryClient-HeartbeatExecutor-0] Get connection: {}->http://localhost:8761, timeout = 5000
2020-08-21 13:26:11,156 DEBUG com.netflix.discovery.shared.NamedConnectionPool [DiscoveryClient-HeartbeatExecutor-0] [{}->http://localhost:8761] total kept alive: 2, total issued: 0, total allocated: 2 out of 200
2020-08-21 13:26:11,156 DEBUG com.netflix.discovery.shared.NamedConnectionPool [DiscoveryClient-HeartbeatExecutor-0] Getting free connection [{}->http://localhost:8761][null]
2020-08-21 13:26:11,159 DEBUG com.netflix.discovery.shared.MonitoredConnectionManager [DiscoveryClient-HeartbeatExecutor-0] Released connection is reusable.
2020-08-21 13:26:11,159 DEBUG com.netflix.discovery.shared.NamedConnectionPool [DiscoveryClient-HeartbeatExecutor-0] Releasing connection [{}->http://localhost:8761][null]
2020-08-21 13:26:11,159 DEBUG com.netflix.discovery.shared.NamedConnectionPool [DiscoveryClient-HeartbeatExecutor-0] Pooling connection [{}->http://localhost:8761][null]; keep alive for 60000 MILLISECONDS
2020-08-21 13:26:11,159 DEBUG com.netflix.discovery.shared.NamedConnectionPool [DiscoveryClient-HeartbeatExecutor-0] Notifying no-one, there are no waiting threads
2020-08-21 13:26:11,159 DEBUG com.netflix.discovery.shared.transport.jersey.AbstractJerseyEurekaHttpClient [DiscoveryClient-HeartbeatExecutor-0] Jersey HTTP PUT http://localhost:8761/eureka//apps/LEAVES/ravis-mbp.fritz.box:leaves:8086; statusCode=200
2020-08-21 13:26:11,159 DEBUG com.netflix.discovery.DiscoveryClient [DiscoveryClient-HeartbeatExecutor-0] DiscoveryClient_LEAVES/ravis-mbp.fritz.box:leaves:8086 - Heartbeat status: 200
2020-08-21 13:26:11,160 INFO com.netflix.discovery.DiscoveryClient [DiscoveryClient-CacheRefreshExecutor-0] Disable delta property : false
2020-08-21 13:26:11,161 INFO com.netflix.discovery.DiscoveryClient [DiscoveryClient-CacheRefreshExecutor-0] Single vip registry refresh property : null
2020-08-21 13:26:11,161 INFO com.netflix.discovery.DiscoveryClient [DiscoveryClient-CacheRefreshExecutor-0] Force full registry fetch : false
2020-08-21 13:26:11,161 INFO com.netflix.discovery.DiscoveryClient [DiscoveryClient-CacheRefreshExecutor-0] Application is null : false
2020-08-21 13:26:11,161 INFO com.netflix.discovery.DiscoveryClient [DiscoveryClient-CacheRefreshExecutor-0] Registered Applications size is zero : true
2020-08-21 13:26:11,161 INFO com.netflix.discovery.DiscoveryClient [DiscoveryClient-CacheRefreshExecutor-0] Application version is -1: true
2020-08-21 13:26:11,161 INFO com.netflix.discovery.DiscoveryClient [DiscoveryClient-CacheRefreshExecutor-0] Getting all instance registry info from the eureka server
2020-08-21 13:26:11,161 DEBUG com.netflix.discovery.shared.MonitoredConnectionManager [DiscoveryClient-CacheRefreshExecutor-0] Get connection: {}->http://localhost:8761, timeout = 5000
2020-08-21 13:26:11,161 DEBUG com.netflix.discovery.shared.NamedConnectionPool [DiscoveryClient-CacheRefreshExecutor-0] [{}->http://localhost:8761] total kept alive: 2, total issued: 0, total allocated: 2 out of 200
2020-08-21 13:26:11,161 DEBUG com.netflix.discovery.shared.NamedConnectionPool [DiscoveryClient-CacheRefreshExecutor-0] Getting free connection [{}->http://localhost:8761][null]
2020-08-21 13:26:11,166 DEBUG com.netflix.discovery.shared.MonitoredConnectionManager [DiscoveryClient-CacheRefreshExecutor-0] Released connection is reusable.
2020-08-21 13:26:11,166 DEBUG com.netflix.discovery.shared.NamedConnectionPool [DiscoveryClient-CacheRefreshExecutor-0] Releasing connection [{}->http://localhost:8761][null]
2020-08-21 13:26:11,166 DEBUG com.netflix.discovery.shared.NamedConnectionPool [DiscoveryClient-CacheRefreshExecutor-0] Pooling connection [{}->http://localhost:8761][null]; keep alive for 60000 MILLISECONDS
2020-08-21 13:26:11,166 DEBUG com.netflix.discovery.shared.NamedConnectionPool [DiscoveryClient-CacheRefreshExecutor-0] Notifying no-one, there are no waiting threads
2020-08-21 13:26:11,166 DEBUG com.netflix.discovery.shared.transport.jersey.AbstractJerseyEurekaHttpClient [DiscoveryClient-CacheRefreshExecutor-0] Jersey HTTP GET http://localhost:8761/eureka//apps/?; statusCode=200
2020-08-21 13:26:11,166 INFO com.netflix.discovery.DiscoveryClient [DiscoveryClient-CacheRefreshExecutor-0] The response status is 200
2020-08-21 13:26:11,166 ERROR com.netflix.discovery.DiscoveryClient [DiscoveryClient-CacheRefreshExecutor-0] The application is null for some reason. Not storing this information
2020-08-21 13:26:11,166 DEBUG com.netflix.discovery.DiscoveryClient [DiscoveryClient-CacheRefreshExecutor-0] The total number of all instances in the client now is 0
2020-08-21 13:26:11,166 DEBUG com.netflix.discovery.DiscoveryClient [DiscoveryClient-CacheRefreshExecutor-0] Completed cache refresh task for discovery. All Apps hash code is Local region apps hashcode: , is fetching remote regions? false 
2020-08-21 13:26:36,117 DEBUG com.zaxxer.hikari.pool.HikariPool [HikariPool-1 housekeeper] HikariPool-1 - Pool stats (total=10, active=0, idle=10, waiting=0)
2020-08-21 13:26:36,117 DEBUG com.zaxxer.hikari.pool.HikariPool [HikariPool-1 housekeeper] HikariPool-1 - Fill pool skipped, pool is at sufficient level.
2020-08-21 13:26:40,916 DEBUG com.netflix.discovery.shared.MonitoredConnectionManager [Eureka-JerseyClient-Conn-Cleaner2] Closing connections idle longer than 30000 SECONDS
2020-08-21 13:26:40,933 DEBUG com.netflix.discovery.shared.NamedConnectionPool [Eureka-JerseyClient-Conn-Cleaner2] Closing connections idle longer than 30000 SECONDS
2020-08-21 13:26:41,164 DEBUG com.netflix.discovery.shared.MonitoredConnectionManager [DiscoveryClient-HeartbeatExecutor-0] Get connection: {}->http://localhost:8761, timeout = 5000
2020-08-21 13:26:41,164 DEBUG com.netflix.discovery.shared.NamedConnectionPool [DiscoveryClient-HeartbeatExecutor-0] [{}->http://localhost:8761] total kept alive: 2, total issued: 0, total allocated: 2 out of 200
2020-08-21 13:26:41,164 DEBUG com.netflix.discovery.shared.NamedConnectionPool [DiscoveryClient-HeartbeatExecutor-0] Getting free connection [{}->http://localhost:8761][null]
2020-08-21 13:26:41,166 INFO com.netflix.discovery.DiscoveryClient [DiscoveryClient-CacheRefreshExecutor-0] Disable delta property : false
2020-08-21 13:26:41,166 INFO com.netflix.discovery.DiscoveryClient [DiscoveryClient-CacheRefreshExecutor-0] Single vip registry refresh property : null
2020-08-21 13:26:41,167 INFO com.netflix.discovery.DiscoveryClient [DiscoveryClient-CacheRefreshExecutor-0] Force full registry fetch : false
2020-08-21 13:26:41,167 INFO com.netflix.discovery.DiscoveryClient [DiscoveryClient-CacheRefreshExecutor-0] Application is null : false
2020-08-21 13:26:41,167 INFO com.netflix.discovery.DiscoveryClient [DiscoveryClient-CacheRefreshExecutor-0] Registered Applications size is zero : true
2020-08-21 13:26:41,167 INFO com.netflix.discovery.DiscoveryClient [DiscoveryClient-CacheRefreshExecutor-0] Application version is -1: true
2020-08-21 13:26:41,167 INFO com.netflix.discovery.DiscoveryClient [DiscoveryClient-CacheRefreshExecutor-0] Getting all instance registry info from the eureka server
2020-08-21 13:26:41,167 DEBUG com.netflix.discovery.shared.MonitoredConnectionManager [DiscoveryClient-CacheRefreshExecutor-0] Get connection: {}->http://localhost:8761, timeout = 5000
2020-08-21 13:26:41,167 DEBUG com.netflix.discovery.shared.MonitoredConnectionManager [DiscoveryClient-HeartbeatExecutor-0] Released connection is reusable.
2020-08-21 13:26:41,167 DEBUG com.netflix.discovery.shared.NamedConnectionPool [DiscoveryClient-CacheRefreshExecutor-0] [{}->http://localhost:8761] total kept alive: 1, total issued: 1, total allocated: 2 out of 200
2020-08-21 13:26:41,167 DEBUG com.netflix.discovery.shared.NamedConnectionPool [DiscoveryClient-HeartbeatExecutor-0] Releasing connection [{}->http://localhost:8761][null]
2020-08-21 13:26:41,167 DEBUG com.netflix.discovery.shared.NamedConnectionPool [DiscoveryClient-CacheRefreshExecutor-0] Getting free connection [{}->http://localhost:8761][null]
2020-08-21 13:26:41,167 DEBUG com.netflix.discovery.shared.NamedConnectionPool [DiscoveryClient-CacheRefreshExecutor-0] Closing expired free connection [{}->http://localhost:8761][null]
2020-08-21 13:26:41,168 DEBUG com.netflix.discovery.shared.NamedConnectionPool [DiscoveryClient-CacheRefreshExecutor-0] No free connections [{}->http://localhost:8761][null]
2020-08-21 13:26:41,168 DEBUG com.netflix.discovery.shared.NamedConnectionPool [DiscoveryClient-CacheRefreshExecutor-0] Available capacity: 49 out of 50 [{}->http://localhost:8761][null]
2020-08-21 13:26:41,168 DEBUG com.netflix.discovery.shared.NamedConnectionPool [DiscoveryClient-CacheRefreshExecutor-0] Creating new connection [{}->http://localhost:8761]
2020-08-21 13:26:41,168 DEBUG com.netflix.discovery.shared.NamedConnectionPool [DiscoveryClient-HeartbeatExecutor-0] Pooling connection [{}->http://localhost:8761][null]; keep alive for 60000 MILLISECONDS
2020-08-21 13:26:41,168 DEBUG com.netflix.discovery.shared.NamedConnectionPool [DiscoveryClient-HeartbeatExecutor-0] Notifying no-one, there are no waiting threads
2020-08-21 13:26:41,168 DEBUG com.netflix.discovery.shared.transport.jersey.AbstractJerseyEurekaHttpClient [DiscoveryClient-HeartbeatExecutor-0] Jersey HTTP PUT http://localhost:8761/eureka//apps/LEAVES/ravis-mbp.fritz.box:leaves:8086; statusCode=200
2020-08-21 13:26:41,168 DEBUG com.netflix.discovery.DiscoveryClient [DiscoveryClient-HeartbeatExecutor-0] DiscoveryClient_LEAVES/ravis-mbp.fritz.box:leaves:8086 - Heartbeat status: 200
2020-08-21 13:26:41,172 DEBUG com.netflix.discovery.shared.MonitoredConnectionManager [DiscoveryClient-CacheRefreshExecutor-0] Released connection is reusable.
2020-08-21 13:26:41,172 DEBUG com.netflix.discovery.shared.NamedConnectionPool [DiscoveryClient-CacheRefreshExecutor-0] Releasing connection [{}->http://localhost:8761][null]
2020-08-21 13:26:41,172 DEBUG com.netflix.discovery.shared.NamedConnectionPool [DiscoveryClient-CacheRefreshExecutor-0] Pooling connection [{}->http://localhost:8761][null]; keep alive for 60000 MILLISECONDS
2020-08-21 13:26:41,172 DEBUG com.netflix.discovery.shared.NamedConnectionPool [DiscoveryClient-CacheRefreshExecutor-0] Notifying no-one, there are no waiting threads
2020-08-21 13:26:41,172 DEBUG com.netflix.discovery.shared.transport.jersey.AbstractJerseyEurekaHttpClient [DiscoveryClient-CacheRefreshExecutor-0] Jersey HTTP GET http://localhost:8761/eureka//apps/?; statusCode=200
2020-08-21 13:26:41,172 INFO com.netflix.discovery.DiscoveryClient [DiscoveryClient-CacheRefreshExecutor-0] The response status is 200
2020-08-21 13:26:41,172 ERROR com.netflix.discovery.DiscoveryClient [DiscoveryClient-CacheRefreshExecutor-0] The application is null for some reason. Not storing this information
2020-08-21 13:26:41,172 DEBUG com.netflix.discovery.DiscoveryClient [DiscoveryClient-CacheRefreshExecutor-0] The total number of all instances in the client now is 0
2020-08-21 13:26:41,172 DEBUG com.netflix.discovery.DiscoveryClient [DiscoveryClient-CacheRefreshExecutor-0] Completed cache refresh task for discovery. All Apps hash code is Local region apps hashcode: , is fetching remote regions? false 
