2020-08-21 13:01:27.509  INFO 98722 --- [restartedMain] c.c.c.ConfigServicePropertySourceLocator : Fetching config from server at : http://localhost:8888
2020-08-21 13:01:28.354  INFO 98722 --- [restartedMain] c.c.c.ConfigServicePropertySourceLocator : Located environment: name=leaves, profiles=[default], label=null, version=960d5af12c23c8158f394199ccf5d58c7b9a46aa, state=null
2020-08-21 13:01:28.354  INFO 98722 --- [restartedMain] b.c.PropertySourceBootstrapConfiguration : Located property source: CompositePropertySource {name='configService', propertySources=[MapPropertySource {name='configClient'}, MapPropertySource {name='https://github.com/ravichandrap/laminatimes/application.properties'}]}
2020-08-21 13:01:28.415  INFO 98722 --- [restartedMain] c.laminatimes.leaves.LeavesApplication   : No active profile set, falling back to default profiles: default
2020-08-21 13:01:29.131  INFO 98722 --- [restartedMain] .s.d.r.c.RepositoryConfigurationDelegate : Bootstrapping Spring Data JPA repositories in DEFAULT mode.
2020-08-21 13:01:29.201  INFO 98722 --- [restartedMain] .s.d.r.c.RepositoryConfigurationDelegate : Finished Spring Data repository scanning in 57ms. Found 4 JPA repository interfaces.
2020-08-21 13:01:29.595  INFO 98722 --- [restartedMain] o.s.cloud.context.scope.GenericScope     : BeanFactory id=2a6661ef-00ac-34c3-929f-efd0d38885f9
2020-08-21 13:01:29.802  INFO 98722 --- [restartedMain] trationDelegate$BeanPostProcessorChecker : Bean 'org.springframework.cloud.autoconfigure.ConfigurationPropertiesRebinderAutoConfiguration' of type [org.springframework.cloud.autoconfigure.ConfigurationPropertiesRebinderAutoConfiguration$$EnhancerBySpringCGLIB$$348c1127] is not eligible for getting processed by all BeanPostProcessors (for example: not eligible for auto-proxying)
2020-08-21 13:01:30.365  INFO 98722 --- [restartedMain] o.s.b.w.embedded.tomcat.TomcatWebServer  : Tomcat initialized with port(s): 8086 (http)
2020-08-21 13:01:30.378  INFO 98722 --- [restartedMain] o.apache.catalina.core.StandardService   : Starting service [Tomcat]
2020-08-21 13:01:30.379  INFO 98722 --- [restartedMain] org.apache.catalina.core.StandardEngine  : Starting Servlet engine: [Apache Tomcat/9.0.35]
2020-08-21 13:01:30.496  INFO 98722 --- [restartedMain] o.a.c.c.C.[Tomcat].[localhost].[/]       : Initializing Spring embedded WebApplicationContext
2020-08-21 13:01:30.496  INFO 98722 --- [restartedMain] o.s.web.context.ContextLoader            : Root WebApplicationContext: initialization completed in 2050 ms
2020-08-21 13:01:30.600  INFO 98722 --- [restartedMain] com.zaxxer.hikari.HikariDataSource       : HikariPool-1 - Starting...
2020-08-21 13:01:30.839  INFO 98722 --- [restartedMain] com.zaxxer.hikari.HikariDataSource       : HikariPool-1 - Start completed.
2020-08-21 13:01:30.847  INFO 98722 --- [restartedMain] o.s.b.a.h2.H2ConsoleAutoConfiguration    : H2 console available at '/h2-console'. Database available at 'jdbc:h2:mem:test'
2020-08-21 13:01:32.419  INFO 98722 --- [restartedMain] j.LocalContainerEntityManagerFactoryBean : Initialized JPA EntityManagerFactory for persistence unit 'default'
2020-08-21 13:01:32.442  WARN 98722 --- [restartedMain] o.s.b.d.a.OptionalLiveReloadServer       : Unable to start LiveReload server
2020-08-21 13:01:32.987  WARN 98722 --- [restartedMain] c.n.c.sources.URLConfigurationSource     : No URLs will be polled as dynamic configuration sources.
2020-08-21 13:01:32.987  INFO 98722 --- [restartedMain] c.n.c.sources.URLConfigurationSource     : To enable URLs as dynamic configuration sources, define System property archaius.configurationSource.additionalUrls or make config.properties available on classpath.
2020-08-21 13:01:32.994  WARN 98722 --- [restartedMain] c.n.c.sources.URLConfigurationSource     : No URLs will be polled as dynamic configuration sources.
2020-08-21 13:01:32.995  INFO 98722 --- [restartedMain] c.n.c.sources.URLConfigurationSource     : To enable URLs as dynamic configuration sources, define System property archaius.configurationSource.additionalUrls or make config.properties available on classpath.
2020-08-21 13:01:33.049  WARN 98722 --- [restartedMain] JpaBaseConfiguration$JpaWebConfiguration : spring.jpa.open-in-view is enabled by default. Therefore, database queries may be performed during view rendering. Explicitly configure spring.jpa.open-in-view to disable this warning
2020-08-21 13:01:33.177  INFO 98722 --- [restartedMain] o.s.s.concurrent.ThreadPoolTaskExecutor  : Initializing ExecutorService 'applicationTaskExecutor'
2020-08-21 13:01:33.564  INFO 98722 --- [restartedMain] o.s.c.n.eureka.InstanceInfoFactory       : Setting initial instance status as: STARTING
2020-08-21 13:01:33.662  INFO 98722 --- [restartedMain] com.netflix.discovery.DiscoveryClient    : Initializing Eureka in region us-east-1
2020-08-21 13:01:33.841  INFO 98722 --- [restartedMain] c.n.d.provider.DiscoveryJerseyProvider   : Using JSON encoding codec LegacyJacksonJson
2020-08-21 13:01:33.842  INFO 98722 --- [restartedMain] c.n.d.provider.DiscoveryJerseyProvider   : Using JSON decoding codec LegacyJacksonJson
2020-08-21 13:01:33.979  INFO 98722 --- [restartedMain] c.n.d.provider.DiscoveryJerseyProvider   : Using XML encoding codec XStreamXml
2020-08-21 13:01:33.979  INFO 98722 --- [restartedMain] c.n.d.provider.DiscoveryJerseyProvider   : Using XML decoding codec XStreamXml
2020-08-21 13:01:34.188  INFO 98722 --- [restartedMain] c.n.d.s.r.aws.ConfigClusterResolver      : Resolving eureka endpoints via configuration
2020-08-21 13:01:34.214  INFO 98722 --- [restartedMain] com.netflix.discovery.DiscoveryClient    : Disable delta property : false
2020-08-21 13:01:34.214  INFO 98722 --- [restartedMain] com.netflix.discovery.DiscoveryClient    : Single vip registry refresh property : null
2020-08-21 13:01:34.215  INFO 98722 --- [restartedMain] com.netflix.discovery.DiscoveryClient    : Force full registry fetch : false
2020-08-21 13:01:34.215  INFO 98722 --- [restartedMain] com.netflix.discovery.DiscoveryClient    : Application is null : false
2020-08-21 13:01:34.215  INFO 98722 --- [restartedMain] com.netflix.discovery.DiscoveryClient    : Registered Applications size is zero : true
2020-08-21 13:01:34.215  INFO 98722 --- [restartedMain] com.netflix.discovery.DiscoveryClient    : Application version is -1: true
2020-08-21 13:01:34.215  INFO 98722 --- [restartedMain] com.netflix.discovery.DiscoveryClient    : Getting all instance registry info from the eureka server
2020-08-21 13:01:34.328  INFO 98722 --- [restartedMain] com.netflix.discovery.DiscoveryClient    : The response status is 200
2020-08-21 13:01:34.329 ERROR 98722 --- [restartedMain] com.netflix.discovery.DiscoveryClient    : The application is null for some reason. Not storing this information
2020-08-21 13:01:34.331  INFO 98722 --- [restartedMain] com.netflix.discovery.DiscoveryClient    : Starting heartbeat executor: renew interval is: 30
2020-08-21 13:01:34.333  INFO 98722 --- [restartedMain] c.n.discovery.InstanceInfoReplicator     : InstanceInfoReplicator onDemand update allowed rate per min is 4
2020-08-21 13:01:34.337  INFO 98722 --- [restartedMain] com.netflix.discovery.DiscoveryClient    : Discovery Client initialized at timestamp 1598007694336 with initial instances count: 0
2020-08-21 13:01:34.340  INFO 98722 --- [restartedMain] o.s.c.n.e.s.EurekaServiceRegistry        : Registering application LEAVES with eureka with status UP
2020-08-21 13:01:34.340  INFO 98722 --- [restartedMain] com.netflix.discovery.DiscoveryClient    : Saw local status change event StatusChangeEvent [timestamp=1598007694340, current=UP, previous=STARTING]
2020-08-21 13:01:34.342  INFO 98722 --- [DiscoveryClient-InstanceInfoReplicator-0] com.netflix.discovery.DiscoveryClient    : DiscoveryClient_LEAVES/ravis-mbp.fritz.box:leaves:8086: registering service...
2020-08-21 13:01:34.369  INFO 98722 --- [restartedMain] o.s.b.w.embedded.tomcat.TomcatWebServer  : Tomcat started on port(s): 8086 (http) with context path ''
2020-08-21 13:01:34.369  INFO 98722 --- [restartedMain] .s.c.n.e.s.EurekaAutoServiceRegistration : Updating port to 8086
2020-08-21 13:01:34.377  INFO 98722 --- [DiscoveryClient-InstanceInfoReplicator-0] com.netflix.discovery.DiscoveryClient    : DiscoveryClient_LEAVES/ravis-mbp.fritz.box:leaves:8086 - registration status: 204
2020-08-21 13:01:34.383  INFO 98722 --- [restartedMain] c.laminatimes.leaves.LeavesApplication   : Started LeavesApplication in 8.205 seconds (JVM running for 8.973)
